<?xml version="1.0" encoding="UTF-8" ?>
<testsuite errors="0" failures="2" hostname="DESKTOP-NG34K0M" name="nz.ac.aut.ense701.gameModel.GameTest" skipped="0" tests="34" time="1.813" timestamp="2017-05-18T11:49:47">
  <properties>
[...]
</properties>
  <testcase classname="nz.ac.aut.ense701.gameModel.GameTest" name="testGetNumRows" time="0.019" />
  <testcase classname="nz.ac.aut.ense701.gameModel.GameTest" name="testCollectValid" time="0.095" />
  <testcase classname="nz.ac.aut.ense701.gameModel.GameTest" name="testPlayerMoveValidNoHazards" time="0.008" />
  <testcase classname="nz.ac.aut.ense701.gameModel.GameTest" name="testIsPlayerMovePossibleInvalidMove" time="0.091" />
  <testcase classname="nz.ac.aut.ense701.gameModel.GameTest" name="testCanUseFoodValid" time="0.004" />
  <testcase classname="nz.ac.aut.ense701.gameModel.GameTest" name="testCanUseToolNoTrap" time="0.096" />
  <testcase classname="nz.ac.aut.ense701.gameModel.GameTest" name="testPlayerMoveNonFatalHazardDead" time="0.002" />
  <testcase classname="nz.ac.aut.ense701.gameModel.GameTest" name="testUseItemTrapFinalPredator" time="0.097">
    <failure message="Game should be won" type="junit.framework.AssertionFailedError">junit.framework.AssertionFailedError: Game should be won
	at nz.ac.aut.ense701.gameModel.GameTest.testUseItemTrapFinalPredator(GameTest.java:314)
</failure>
  </testcase>
  <testcase classname="nz.ac.aut.ense701.gameModel.GameTest" name="testUseItemBrokenTrap" time="0.002" />
  <testcase classname="nz.ac.aut.ense701.gameModel.GameTest" name="testGetNumColumns" time="0.092" />
  <testcase classname="nz.ac.aut.ense701.gameModel.GameTest" name="testPlayerMoveFatalHazard" time="0.002" />
  <testcase classname="nz.ac.aut.ense701.gameModel.GameTest" name="testPlayerMoveDeadPlayer" time="0.096" />
  <testcase classname="nz.ac.aut.ense701.gameModel.GameTest" name="testPlayerMoveToInvalidPosition" time="0.001" />
  <testcase classname="nz.ac.aut.ense701.gameModel.GameTest" name="testCanUseTrapNoPredator" time="0.094" />
  <testcase classname="nz.ac.aut.ense701.gameModel.GameTest" name="testDropValid" time="0.001" />
  <testcase classname="nz.ac.aut.ense701.gameModel.GameTest" name="testGetKiwiCountInitial" time="0.095" />
  <testcase classname="nz.ac.aut.ense701.gameModel.GameTest" name="testIsPlayerMovePossibleValidMove" time="0.002" />
  <testcase classname="nz.ac.aut.ense701.gameModel.GameTest" name="testCanCollectNotCollectable" time="0.096" />
  <testcase classname="nz.ac.aut.ense701.gameModel.GameTest" name="testCanUseToolTrapNotBroken" time="0.001" />
  <testcase classname="nz.ac.aut.ense701.gameModel.GameTest" name="testUseItemToolFixTrap" time="0.098" />
  <testcase classname="nz.ac.aut.ense701.gameModel.GameTest" name="testCanCollectCollectable" time="0.001" />
  <testcase classname="nz.ac.aut.ense701.gameModel.GameTest" name="testGetInitialState" time="0.095" />
  <testcase classname="nz.ac.aut.ense701.gameModel.GameTest" name="testUseItemFoodCausesIncrease" time="0.001" />
  <testcase classname="nz.ac.aut.ense701.gameModel.GameTest" name="testPlayerMoveNotEnoughStamina" time="0.095" />
  <testcase classname="nz.ac.aut.ense701.gameModel.GameTest" name="testUseItemFoodNoIncrease" time="0.001" />
  <testcase classname="nz.ac.aut.ense701.gameModel.GameTest" name="testGetPlayerValues" time="0.096" />
  <testcase classname="nz.ac.aut.ense701.gameModel.GameTest" name="testCanUseTrapValid" time="0.001" />
  <testcase classname="nz.ac.aut.ense701.gameModel.GameTest" name="testGetPlayer" time="0.096" />
  <testcase classname="nz.ac.aut.ense701.gameModel.GameTest" name="testCollectNotCollectable" time="0.001" />
  <testcase classname="nz.ac.aut.ense701.gameModel.GameTest" name="testUseItemTrap" time="0.095" />
  <testcase classname="nz.ac.aut.ense701.gameModel.GameTest" name="testDropNotValidPositionFull" time="0.001" />
  <testcase classname="nz.ac.aut.ense701.gameModel.GameTest" name="testCountKiwi" time="0.097">
    <failure message=" This move valid" type="junit.framework.AssertionFailedError">junit.framework.AssertionFailedError:  This move valid
	at nz.ac.aut.ense701.gameModel.GameTest.testCountKiwi(GameTest.java:424)
</failure>
  </testcase>
  <testcase classname="nz.ac.aut.ense701.gameModel.GameTest" name="testCanUseTool" time="0.001" />
  <testcase classname="nz.ac.aut.ense701.gameModel.GameTest" name="testPlayerMoveNonFatalHazardNotDead" time="0.095" />
  <system-out><![CDATA[[9, 1007, 9000, 7007, 4004, 7008, 5006, 2004, 1000, 8, 4009, 2005, 3, 8, 8006, 4006, 4004, 8009, 9006, 4004, 3007, 7, 2002, 6009, 2001, 4009, 4, 3001, 3008, 8003, 1008, 2002]
[9, 1007, 9000, 7007, 4004, 7008, 5006, 2004, 1000, 8, 4009, 2005, 3, 8, 8006, 4006, 4004, 8009, 9006, 4004, 3007, 7, 2002, 6009, 2001, 4009, 4, 3001, 3008, 8003, 1008, 2002, 8]
[9, 1007, 9000, 7007, 4004, 7008, 5006, 2004, 1000, 8, 4009, 2005, 3, 8, 8006, 4006, 4004, 8009, 9006, 4004, 3007, 7, 2002, 6009, 2001, 4009, 4, 3001, 3008, 8003, 1008, 2002, 8, 1006]
bad
[9, 1007, 9000, 7007, 4004, 7008, 5006, 2004, 1000, 8, 4009, 2005, 3, 8, 8006, 4006, 4004, 8009, 9006, 4004, 3007, 7, 2002, 6009, 2001, 4009, 4, 3001, 3008, 8003, 1008, 2002, 8, 1006, 1000]
[9, 1007, 9000, 7007, 4004, 7008, 5006, 2004, 1000, 8, 4009, 2005, 3, 8, 8006, 4006, 4004, 8009, 9006, 4004, 3007, 7, 2002, 6009, 2001, 4009, 4, 3001, 3008, 8003, 1008, 2002, 8, 1006, 1000, 4003]
[9, 1007, 9000, 7007, 4004, 7008, 5006, 2004, 1000, 8, 4009, 2005, 3, 8, 8006, 4006, 4004, 8009, 9006, 4004, 3007, 7, 2002, 6009, 2001, 4009, 4, 3001, 3008, 8003, 1008, 2002, 8, 1006, 1000, 4003, 2004]
[9, 1007, 9000, 7007, 4004, 7008, 5006, 2004, 1000, 8, 4009, 2005, 3, 8, 8006, 4006, 4004, 8009, 9006, 4004, 3007, 7, 2002, 6009, 2001, 4009, 4, 3001, 3008, 8003, 1008, 2002, 8, 1006, 1000, 4003, 2004, 2006]
---------------------------------------------------
|    |    |@   | F  | P  |    |    | K  | FF | E  |
|~~~~|~~~~|....|....|....|~~~~|^^^^|^^^^|^^^^|^^^^|
---------------------------------------------------
| F  |    |    |    |    |    | H  | E  | P  |    |
|~~~~|####|^^^^|^^^^|^^^^|^^^^|^^^^|^^^^|^^^^|^^^^|
---------------------------------------------------
|    | P  | K  | H  | T  | F  |    |    |    |    |
|####|####|####|####|^^^^|^^^^|^^^^|^^^^|^^^^|~~~~|
---------------------------------------------------
|    | P  |    |    |    |    |    | K  | P  |    |
|....|####|####|####|****|****|^^^^|....|~~~~|~~~~|
---------------------------------------------------
|    | H  |    |    | KKT| H  | K  |    |    | FP |
|....|^^^^|^^^^|^^^^|****|****|^^^^|....|~~~~|~~~~|
---------------------------------------------------
|    |    |    |    |    |    | T  |    |    | H  |
|....|****|****|****|****|****|####|####|####|~~~~|
---------------------------------------------------
|    |    |    |    |    |    |    | H  |    | K  |
|....|****|****|****|****|****|****|####|####|####|
---------------------------------------------------
|    |    |    |    |    |    |    | E  | T  |    |
|****|****|****|****|****|~~~~|****|****|~~~~|~~~~|
---------------------------------------------------
|    |    |    | P  |    |    | K  | H  |    | K  |
|....|....|****|****|~~~~|~~~~|~~~~|****|****|....|
---------------------------------------------------
| E  |    |    |    |    |    | K  |    |    |    |
|~~~~|....|****|****|****|~~~~|****|****|****|....|
---------------------------------------------------
[2002, 1009, 3004, 3009, 3004, 3007, 2000, 6008, 8005, 5002, 2009, 2007, 8002, 5003, 8007, 5006, 3001, 6008, 3006, 6000, 4007, 4001, 2008, 5002, 4, 7003, 2, 9002, 1002, 9003, 2002, 7004]
[2002, 1009, 3004, 3009, 3004, 3007, 2000, 6008, 8005, 5002, 2009, 2007, 8002, 5003, 8007, 5006, 3001, 6008, 3006, 6000, 4007, 4001, 2008, 5002, 4, 7003, 2, 9002, 1002, 9003, 2002, 7004, 7003]
[2002, 1009, 3004, 3009, 3004, 3007, 2000, 6008, 8005, 5002, 2009, 2007, 8002, 5003, 8007, 5006, 3001, 6008, 3006, 6000, 4007, 4001, 2008, 5002, 4, 7003, 2, 9002, 1002, 9003, 2002, 7004, 7003, 4]
bad
[2002, 1009, 3004, 3009, 3004, 3007, 2000, 6008, 8005, 5002, 2009, 2007, 8002, 5003, 8007, 5006, 3001, 6008, 3006, 6000, 4007, 4001, 2008, 5002, 4, 7003, 2, 9002, 1002, 9003, 2002, 7004, 7003, 4, 8000]
[2002, 1009, 3004, 3009, 3004, 3007, 2000, 6008, 8005, 5002, 2009, 2007, 8002, 5003, 8007, 5006, 3001, 6008, 3006, 6000, 4007, 4001, 2008, 5002, 4, 7003, 2, 9002, 1002, 9003, 2002, 7004, 7003, 4, 8000, 1009]
bad
[2002, 1009, 3004, 3009, 3004, 3007, 2000, 6008, 8005, 5002, 2009, 2007, 8002, 5003, 8007, 5006, 3001, 6008, 3006, 6000, 4007, 4001, 2008, 5002, 4, 7003, 2, 9002, 1002, 9003, 2002, 7004, 7003, 4, 8000, 1009, 9003]
[2002, 1009, 3004, 3009, 3004, 3007, 2000, 6008, 8005, 5002, 2009, 2007, 8002, 5003, 8007, 5006, 3001, 6008, 3006, 6000, 4007, 4001, 2008, 5002, 4, 7003, 2, 9002, 1002, 9003, 2002, 7004, 7003, 4, 8000, 1009, 9003, 4000]
bad
---------------------------------------------------
|    |    |@P  |    | P  |    |    |    |    |    |
|~~~~|~~~~|....|....|....|~~~~|^^^^|^^^^|^^^^|^^^^|
---------------------------------------------------
|    |    | P  |    |    |    |    |    |    | E  |
|~~~~|####|^^^^|^^^^|^^^^|^^^^|^^^^|^^^^|^^^^|^^^^|
---------------------------------------------------
| T  |    | PE |    |    |    | H  | F  | K  | F  |
|####|####|####|####|^^^^|^^^^|^^^^|^^^^|^^^^|~~~~|
---------------------------------------------------
|    | K  |    |    | ET |    | K  | T  |    | E  |
|....|####|####|####|****|****|^^^^|....|~~~~|~~~~|
---------------------------------------------------
|    | K  |    | H  |    |    |    | K  |    | HH |
|....|^^^^|^^^^|^^^^|****|****|^^^^|....|~~~~|~~~~|
---------------------------------------------------
|    |    | FK | F  |    |    | K  |    |    |    |
|....|****|****|****|****|****|####|####|####|~~~~|
---------------------------------------------------
| K  |    | H  |    |    |    |    |    | KT |    |
|....|****|****|****|****|****|****|####|####|####|
---------------------------------------------------
|    |    |    | P  |    |    |    | H  |    |    |
|****|****|****|****|****|~~~~|****|****|~~~~|~~~~|
---------------------------------------------------
|    |    | F  |    |    | F  |    | K  |    |    |
|....|....|****|****|~~~~|~~~~|~~~~|****|****|....|
---------------------------------------------------
|    |    | P  | P  |    | H  |    |    |    |    |
|~~~~|....|****|****|****|~~~~|****|****|****|....|
---------------------------------------------------
[4003, 3000, 1004, 4007, 3002, 5006, 4003, 5000, 6008, 4008, 8, 8004, 4002, 1005, 2000, 2003, 4000, 2009, 1004, 5003, 6, 3000, 4003, 7, 9001, 5005, 1004, 7003, 5006, 3003, 5002, 6007]
bad
[4003, 3000, 1004, 4007, 3002, 5006, 4003, 5000, 6008, 4008, 8, 8004, 4002, 1005, 2000, 2003, 4000, 2009, 1004, 5003, 6, 3000, 4003, 7, 9001, 5005, 1004, 7003, 5006, 3003, 5002, 6007, 2004]
[4003, 3000, 1004, 4007, 3002, 5006, 4003, 5000, 6008, 4008, 8, 8004, 4002, 1005, 2000, 2003, 4000, 2009, 1004, 5003, 6, 3000, 4003, 7, 9001, 5005, 1004, 7003, 5006, 3003, 5002, 6007, 2004, 7000]
bad
bad
[4003, 3000, 1004, 4007, 3002, 5006, 4003, 5000, 6008, 4008, 8, 8004, 4002, 1005, 2000, 2003, 4000, 2009, 1004, 5003, 6, 3000, 4003, 7, 9001, 5005, 1004, 7003, 5006, 3003, 5002, 6007, 2004, 7000, 2001]
[4003, 3000, 1004, 4007, 3002, 5006, 4003, 5000, 6008, 4008, 8, 8004, 4002, 1005, 2000, 2003, 4000, 2009, 1004, 5003, 6, 3000, 4003, 7, 9001, 5005, 1004, 7003, 5006, 3003, 5002, 6007, 2004, 7000, 2001, 3002]
[4003, 3000, 1004, 4007, 3002, 5006, 4003, 5000, 6008, 4008, 8, 8004, 4002, 1005, 2000, 2003, 4000, 2009, 1004, 5003, 6, 3000, 4003, 7, 9001, 5005, 1004, 7003, 5006, 3003, 5002, 6007, 2004, 7000, 2001, 3002, 6004]
[4003, 3000, 1004, 4007, 3002, 5006, 4003, 5000, 6008, 4008, 8, 8004, 4002, 1005, 2000, 2003, 4000, 2009, 1004, 5003, 6, 3000, 4003, 7, 9001, 5005, 1004, 7003, 5006, 3003, 5002, 6007, 2004, 7000, 2001, 3002, 6004, 5002]
---------------------------------------------------
|    |    |@   |    |    |    | K  | K  | F  |    |
|~~~~|~~~~|....|....|....|~~~~|^^^^|^^^^|^^^^|^^^^|
---------------------------------------------------
|    |    |    | H  | KEP| F  |    |    |    |    |
|~~~~|####|^^^^|^^^^|^^^^|^^^^|^^^^|^^^^|^^^^|^^^^|
---------------------------------------------------
| K  |    |    | K  |    |    | H  |    |    | K  |
|####|####|####|####|^^^^|^^^^|^^^^|^^^^|^^^^|~~~~|
---------------------------------------------------
| EK |    | T  | P  |    | H  |    |    |    |    |
|....|####|####|####|****|****|^^^^|....|~~~~|~~~~|
---------------------------------------------------
| K  |    | F  | ETK| H  |    |    | E  | F  |    |
|....|^^^^|^^^^|^^^^|****|****|^^^^|....|~~~~|~~~~|
---------------------------------------------------
| T  |    | P  | K  |    | P  | TP |    |    | H  |
|....|****|****|****|****|****|####|####|####|~~~~|
---------------------------------------------------
|    |    |    |    |    |    |    |    | F  |    |
|....|****|****|****|****|****|****|####|####|####|
---------------------------------------------------
|    | H  |    | P  |    |    |    |    |    | H  |
|****|****|****|****|****|~~~~|****|****|~~~~|~~~~|
---------------------------------------------------
|    |    |    |    | F  |    |    |    |    |    |
|....|....|****|****|~~~~|~~~~|~~~~|****|****|....|
---------------------------------------------------
|    | P  |    |    |    |    |    |    |    |    |
|~~~~|....|****|****|****|~~~~|****|****|****|....|
---------------------------------------------------
[3002, 4005, 9008, 8001, 4007, 4007, 5003, 5002, 4002, 7005, 5001, 6001, 5005, 1008, 2003, 4009, 9009, 9000, 4001, 3002, 6004, 5002, 9002, 2007, 9002, 4000, 9005, 8007, 1000, 6002, 6008, 2009]
bad
bad
bad
[3002, 4005, 9008, 8001, 4007, 4007, 5003, 5002, 4002, 7005, 5001, 6001, 5005, 1008, 2003, 4009, 9009, 9000, 4001, 3002, 6004, 5002, 9002, 2007, 9002, 4000, 9005, 8007, 1000, 6002, 6008, 2009, 1002]
[3002, 4005, 9008, 8001, 4007, 4007, 5003, 5002, 4002, 7005, 5001, 6001, 5005, 1008, 2003, 4009, 9009, 9000, 4001, 3002, 6004, 5002, 9002, 2007, 9002, 4000, 9005, 8007, 1000, 6002, 6008, 2009, 1002, 6005]
[3002, 4005, 9008, 8001, 4007, 4007, 5003, 5002, 4002, 7005, 5001, 6001, 5005, 1008, 2003, 4009, 9009, 9000, 4001, 3002, 6004, 5002, 9002, 2007, 9002, 4000, 9005, 8007, 1000, 6002, 6008, 2009, 1002, 6005, 5002]
bad
bad
bad
[3002, 4005, 9008, 8001, 4007, 4007, 5003, 5002, 4002, 7005, 5001, 6001, 5005, 1008, 2003, 4009, 9009, 9000, 4001, 3002, 6004, 5002, 9002, 2007, 9002, 4000, 9005, 8007, 1000, 6002, 6008, 2009, 1002, 6005, 5002, 7]
[3002, 4005, 9008, 8001, 4007, 4007, 5003, 5002, 4002, 7005, 5001, 6001, 5005, 1008, 2003, 4009, 9009, 9000, 4001, 3002, 6004, 5002, 9002, 2007, 9002, 4000, 9005, 8007, 1000, 6002, 6008, 2009, 1002, 6005, 5002, 7, 6000]
[3002, 4005, 9008, 8001, 4007, 4007, 5003, 5002, 4002, 7005, 5001, 6001, 5005, 1008, 2003, 4009, 9009, 9000, 4001, 3002, 6004, 5002, 9002, 2007, 9002, 4000, 9005, 8007, 1000, 6002, 6008, 2009, 1002, 6005, 5002, 7, 6000, 5008]
---------------------------------------------------
|    |    |@H  |    |    |    |    |    |    |    |
|~~~~|~~~~|....|....|....|~~~~|^^^^|^^^^|^^^^|^^^^|
---------------------------------------------------
| P  |    |    |    |    |    |    |    | F  |    |
|~~~~|####|^^^^|^^^^|^^^^|^^^^|^^^^|^^^^|^^^^|^^^^|
---------------------------------------------------
|    |    |    | K  |    |    |    | K  | H  |    |
|####|####|####|####|^^^^|^^^^|^^^^|^^^^|^^^^|~~~~|
---------------------------------------------------
|    |    | EK |    |    |    |    |    |    |    |
|....|####|####|####|****|****|^^^^|....|~~~~|~~~~|
---------------------------------------------------
| P  | K  | F  | H  |    | E  |    | TT | H  | K  |
|....|^^^^|^^^^|^^^^|****|****|^^^^|....|~~~~|~~~~|
---------------------------------------------------
| H  | F  | KT | T  |    | F  |    |    |    |    |
|....|****|****|****|****|****|####|####|####|~~~~|
---------------------------------------------------
|    | F  | P  |    | K  |    |    |    | P  |    |
|....|****|****|****|****|****|****|####|####|####|
---------------------------------------------------
|    |    |    |    |    | F  |    |    |    |    |
|****|****|****|****|****|~~~~|****|****|~~~~|~~~~|
---------------------------------------------------
|    | E  |    | H  | H  |    |    | P  |    |    |
|....|....|****|****|~~~~|~~~~|~~~~|****|****|....|
---------------------------------------------------
| K  |    | PK |    |    | P  |    |    | E  | K  |
|~~~~|....|****|****|****|~~~~|****|****|****|....|
---------------------------------------------------
[9009, 1007, 3004, 6002, 4006, 9001, 8008, 5005, 4, 4008, 4006, 4007, 9001, 1005, 3, 8009, 9003, 7007, 3003, 6004, 0, 9000, 1003, 5008, 4004, 2008, 8005, 3009, 5003, 1004, 3007, 7003]
[9009, 1007, 3004, 6002, 4006, 9001, 8008, 5005, 4, 4008, 4006, 4007, 9001, 1005, 3, 8009, 9003, 7007, 3003, 6004, 0, 9000, 1003, 5008, 4004, 2008, 8005, 3009, 5003, 1004, 3007, 7003, 4005]
[9009, 1007, 3004, 6002, 4006, 9001, 8008, 5005, 4, 4008, 4006, 4007, 9001, 1005, 3, 8009, 9003, 7007, 3003, 6004, 0, 9000, 1003, 5008, 4004, 2008, 8005, 3009, 5003, 1004, 3007, 7003, 4005, 1006]
[9009, 1007, 3004, 6002, 4006, 9001, 8008, 5005, 4, 4008, 4006, 4007, 9001, 1005, 3, 8009, 9003, 7007, 3003, 6004, 0, 9000, 1003, 5008, 4004, 2008, 8005, 3009, 5003, 1004, 3007, 7003, 4005, 1006, 7000]
[9009, 1007, 3004, 6002, 4006, 9001, 8008, 5005, 4, 4008, 4006, 4007, 9001, 1005, 3, 8009, 9003, 7007, 3003, 6004, 0, 9000, 1003, 5008, 4004, 2008, 8005, 3009, 5003, 1004, 3007, 7003, 4005, 1006, 7000, 8004]
[9009, 1007, 3004, 6002, 4006, 9001, 8008, 5005, 4, 4008, 4006, 4007, 9001, 1005, 3, 8009, 9003, 7007, 3003, 6004, 0, 9000, 1003, 5008, 4004, 2008, 8005, 3009, 5003, 1004, 3007, 7003, 4005, 1006, 7000, 8004, 3002]
bad
[9009, 1007, 3004, 6002, 4006, 9001, 8008, 5005, 4, 4008, 4006, 4007, 9001, 1005, 3, 8009, 9003, 7007, 3003, 6004, 0, 9000, 1003, 5008, 4004, 2008, 8005, 3009, 5003, 1004, 3007, 7003, 4005, 1006, 7000, 8004, 3002, 7004]
bad
bad
---------------------------------------------------
| K  |    |@   | K  | F  | H  |    |    |    |    |
|~~~~|~~~~|....|....|....|~~~~|^^^^|^^^^|^^^^|^^^^|
---------------------------------------------------
|    |    |    | K  | P  | F  |    | E  |    |    |
|~~~~|####|^^^^|^^^^|^^^^|^^^^|^^^^|^^^^|^^^^|^^^^|
---------------------------------------------------
|    |    |    |    | H  |    |    |    | P  |    |
|####|####|####|####|^^^^|^^^^|^^^^|^^^^|^^^^|~~~~|
---------------------------------------------------
|    |    |    | K  | E  |    |    | P  |    | P  |
|....|####|####|####|****|****|^^^^|....|~~~~|~~~~|
---------------------------------------------------
|    |    |    | H  | P  |    | TF | F  | F  |    |
|....|^^^^|^^^^|^^^^|****|****|^^^^|....|~~~~|~~~~|
---------------------------------------------------
|    |    |    | P  |    | T  |    |    | K  | H  |
|....|****|****|****|****|****|####|####|####|~~~~|
---------------------------------------------------
|    |    | E  |    | K  |    |    |    |    |    |
|....|****|****|****|****|****|****|####|####|####|
---------------------------------------------------
|    |    |    |    |    |    |    | K  | H  | H  |
|****|****|****|****|****|~~~~|****|****|~~~~|~~~~|
---------------------------------------------------
|    |    |    |    |    | P  |    |    | T  | K  |
|....|....|****|****|~~~~|~~~~|~~~~|****|****|....|
---------------------------------------------------
| K  | FT |    | K  |    | H  |    |    |    | E  |
|~~~~|....|****|****|****|~~~~|****|****|****|....|
---------------------------------------------------
[2005, 9009, 7, 4004, 7004, 7, 3002, 1001, 6000, 7008, 3, 9006, 9009, 9, 5007, 5, 4, 2004, 7008, 5000, 7007, 9, 7, 5007, 9005, 4004, 9006, 9002, 6005, 9009, 6001, 9008]
[2005, 9009, 7, 4004, 7004, 7, 3002, 1001, 6000, 7008, 3, 9006, 9009, 9, 5007, 5, 4, 2004, 7008, 5000, 7007, 9, 7, 5007, 9005, 4004, 9006, 9002, 6005, 9009, 6001, 9008, 9004]
bad
[2005, 9009, 7, 4004, 7004, 7, 3002, 1001, 6000, 7008, 3, 9006, 9009, 9, 5007, 5, 4, 2004, 7008, 5000, 7007, 9, 7, 5007, 9005, 4004, 9006, 9002, 6005, 9009, 6001, 9008, 9004, 2008]
[2005, 9009, 7, 4004, 7004, 7, 3002, 1001, 6000, 7008, 3, 9006, 9009, 9, 5007, 5, 4, 2004, 7008, 5000, 7007, 9, 7, 5007, 9005, 4004, 9006, 9002, 6005, 9009, 6001, 9008, 9004, 2008, 8001]
bad
[2005, 9009, 7, 4004, 7004, 7, 3002, 1001, 6000, 7008, 3, 9006, 9009, 9, 5007, 5, 4, 2004, 7008, 5000, 7007, 9, 7, 5007, 9005, 4004, 9006, 9002, 6005, 9009, 6001, 9008, 9004, 2008, 8001, 4005]
[2005, 9009, 7, 4004, 7004, 7, 3002, 1001, 6000, 7008, 3, 9006, 9009, 9, 5007, 5, 4, 2004, 7008, 5000, 7007, 9, 7, 5007, 9005, 4004, 9006, 9002, 6005, 9009, 6001, 9008, 9004, 2008, 8001, 4005, 5008]
[2005, 9009, 7, 4004, 7004, 7, 3002, 1001, 6000, 7008, 3, 9006, 9009, 9, 5007, 5, 4, 2004, 7008, 5000, 7007, 9, 7, 5007, 9005, 4004, 9006, 9002, 6005, 9009, 6001, 9008, 9004, 2008, 8001, 4005, 5008, 9004]
---------------------------------------------------
|    |    |@   | F  | K  | K  |    | KET|    | KF |
|~~~~|~~~~|....|....|....|~~~~|^^^^|^^^^|^^^^|^^^^|
---------------------------------------------------
|    | T  |    |    |    |    |    | H  |    |    |
|~~~~|####|^^^^|^^^^|^^^^|^^^^|^^^^|^^^^|^^^^|^^^^|
---------------------------------------------------
|    |    |    | H  | K  | E  |    |    |    |    |
|####|####|####|####|^^^^|^^^^|^^^^|^^^^|^^^^|~~~~|
---------------------------------------------------
| H  |    | T  |    |    |    |    |    |    |    |
|....|####|####|####|****|****|^^^^|....|~~~~|~~~~|
---------------------------------------------------
|    |    |    |    | EP |    |    |    | H  |    |
|....|^^^^|^^^^|^^^^|****|****|^^^^|....|~~~~|~~~~|
---------------------------------------------------
| K  |    |    | H  |    |    |    | KK |    |    |
|....|****|****|****|****|****|####|####|####|~~~~|
---------------------------------------------------
| F  | P  |    |    |    | P  |    |    |    |    |
|....|****|****|****|****|****|****|####|####|####|
---------------------------------------------------
|    |    |    |    | T  | H  |    | K  | KF |    |
|****|****|****|****|****|~~~~|****|****|~~~~|~~~~|
---------------------------------------------------
|    |    |    |    |    | H  |    |    |    |    |
|....|....|****|****|~~~~|~~~~|~~~~|****|****|....|
---------------------------------------------------
|    |    | P  |    |    | P  | PF |    |    | EPF|
|~~~~|....|****|****|****|~~~~|****|****|****|....|
---------------------------------------------------
[4000, 8, 7004, 4000, 2009, 9007, 9, 9009, 7003, 8000, 3003, 4002, 6006, 7000, 8000, 3005, 9000, 6008, 6, 7006, 9008, 3006, 1003, 6005, 1000, 8003, 2004, 3002, 1002, 6009, 2000, 7007]
[4000, 8, 7004, 4000, 2009, 9007, 9, 9009, 7003, 8000, 3003, 4002, 6006, 7000, 8000, 3005, 9000, 6008, 6, 7006, 9008, 3006, 1003, 6005, 1000, 8003, 2004, 3002, 1002, 6009, 2000, 7007, 4004]
[4000, 8, 7004, 4000, 2009, 9007, 9, 9009, 7003, 8000, 3003, 4002, 6006, 7000, 8000, 3005, 9000, 6008, 6, 7006, 9008, 3006, 1003, 6005, 1000, 8003, 2004, 3002, 1002, 6009, 2000, 7007, 4004, 8008]
[4000, 8, 7004, 4000, 2009, 9007, 9, 9009, 7003, 8000, 3003, 4002, 6006, 7000, 8000, 3005, 9000, 6008, 6, 7006, 9008, 3006, 1003, 6005, 1000, 8003, 2004, 3002, 1002, 6009, 2000, 7007, 4004, 8008, 3007]
[4000, 8, 7004, 4000, 2009, 9007, 9, 9009, 7003, 8000, 3003, 4002, 6006, 7000, 8000, 3005, 9000, 6008, 6, 7006, 9008, 3006, 1003, 6005, 1000, 8003, 2004, 3002, 1002, 6009, 2000, 7007, 4004, 8008, 3007, 4001]
[4000, 8, 7004, 4000, 2009, 9007, 9, 9009, 7003, 8000, 3003, 4002, 6006, 7000, 8000, 3005, 9000, 6008, 6, 7006, 9008, 3006, 1003, 6005, 1000, 8003, 2004, 3002, 1002, 6009, 2000, 7007, 4004, 8008, 3007, 4001, 2008]
[4000, 8, 7004, 4000, 2009, 9007, 9, 9009, 7003, 8000, 3003, 4002, 6006, 7000, 8000, 3005, 9000, 6008, 6, 7006, 9008, 3006, 1003, 6005, 1000, 8003, 2004, 3002, 1002, 6009, 2000, 7007, 4004, 8008, 3007, 4001, 2008, 6002]
---------------------------------------------------
| H  |    |@   |    | H  |    | K  |    | E  | T  |
|~~~~|~~~~|....|....|....|~~~~|^^^^|^^^^|^^^^|^^^^|
---------------------------------------------------
| P  |    | P  | K  |    |    |    |    |    |    |
|~~~~|####|^^^^|^^^^|^^^^|^^^^|^^^^|^^^^|^^^^|^^^^|
---------------------------------------------------
| P  |    |    |    | P  |    |    |    |    | T  |
|####|####|####|####|^^^^|^^^^|^^^^|^^^^|^^^^|~~~~|
---------------------------------------------------
|    |    | P  | F  | H  | K  | K  |    |    |    |
|....|####|####|####|****|****|^^^^|....|~~~~|~~~~|
---------------------------------------------------
| EE |    | F  |    |    |    |    |    |    | H  |
|....|^^^^|^^^^|^^^^|****|****|^^^^|....|~~~~|~~~~|
---------------------------------------------------
|    |    | H  |    |    | H  |    |    |    |    |
|....|****|****|****|****|****|####|####|####|~~~~|
---------------------------------------------------
|    |    |    |    |    | K  | F  | H  | K  | P  |
|....|****|****|****|****|****|****|####|####|####|
---------------------------------------------------
| F  |    |    | F  | E  |    | K  |    |    |    |
|****|****|****|****|****|~~~~|****|****|~~~~|~~~~|
---------------------------------------------------
| KF |    |    | P  |    |    |    |    |    |    |
|....|....|****|****|~~~~|~~~~|~~~~|****|****|....|
---------------------------------------------------
| K  |    |    |    |    |    |    | T  | K  | T  |
|~~~~|....|****|****|****|~~~~|****|****|****|....|
---------------------------------------------------
[4001, 2008, 6, 4002, 6002, 1002, 5, 6, 7000, 8009, 5008, 1009, 7001, 6002, 4007, 1002, 1005, 6009, 2009, 9, 1006, 7, 9008, 9002, 7006, 6007, 6, 2005, 7001, 3001, 4003, 6007]
[4001, 2008, 6, 4002, 6002, 1002, 5, 6, 7000, 8009, 5008, 1009, 7001, 6002, 4007, 1002, 1005, 6009, 2009, 9, 1006, 7, 9008, 9002, 7006, 6007, 6, 2005, 7001, 3001, 4003, 6007, 3009]
[4001, 2008, 6, 4002, 6002, 1002, 5, 6, 7000, 8009, 5008, 1009, 7001, 6002, 4007, 1002, 1005, 6009, 2009, 9, 1006, 7, 9008, 9002, 7006, 6007, 6, 2005, 7001, 3001, 4003, 6007, 3009, 3008]
[4001, 2008, 6, 4002, 6002, 1002, 5, 6, 7000, 8009, 5008, 1009, 7001, 6002, 4007, 1002, 1005, 6009, 2009, 9, 1006, 7, 9008, 9002, 7006, 6007, 6, 2005, 7001, 3001, 4003, 6007, 3009, 3008, 2001]
[4001, 2008, 6, 4002, 6002, 1002, 5, 6, 7000, 8009, 5008, 1009, 7001, 6002, 4007, 1002, 1005, 6009, 2009, 9, 1006, 7, 9008, 9002, 7006, 6007, 6, 2005, 7001, 3001, 4003, 6007, 3009, 3008, 2001, 1006]
[4001, 2008, 6, 4002, 6002, 1002, 5, 6, 7000, 8009, 5008, 1009, 7001, 6002, 4007, 1002, 1005, 6009, 2009, 9, 1006, 7, 9008, 9002, 7006, 6007, 6, 2005, 7001, 3001, 4003, 6007, 3009, 3008, 2001, 1006, 6004]
[4001, 2008, 6, 4002, 6002, 1002, 5, 6, 7000, 8009, 5008, 1009, 7001, 6002, 4007, 1002, 1005, 6009, 2009, 9, 1006, 7, 9008, 9002, 7006, 6007, 6, 2005, 7001, 3001, 4003, 6007, 3009, 3008, 2001, 1006, 6004, 5001]
---------------------------------------------------
|    |    |@   |    |    | T  | PTE| K  |    | K  |
|~~~~|~~~~|....|....|....|~~~~|^^^^|^^^^|^^^^|^^^^|
---------------------------------------------------
|    |    | KT |    |    | K  | K  |    |    | F  |
|~~~~|####|^^^^|^^^^|^^^^|^^^^|^^^^|^^^^|^^^^|^^^^|
---------------------------------------------------
|    |    |    |    |    | P  |    |    | E  | K  |
|####|####|####|####|^^^^|^^^^|^^^^|^^^^|^^^^|~~~~|
---------------------------------------------------
| H  | P  |    |    |    | H  |    |    |    |    |
|....|####|####|####|****|****|^^^^|....|~~~~|~~~~|
---------------------------------------------------
|    | E  | E  | P  |    |    |    | K  |    |    |
|....|^^^^|^^^^|^^^^|****|****|^^^^|....|~~~~|~~~~|
---------------------------------------------------
| H  |    |    |    |    |    |    |    | F  |    |
|....|****|****|****|****|****|####|####|####|~~~~|
---------------------------------------------------
| H  |    | FT |    |    | H  |    | P  |    | K  |
|....|****|****|****|****|****|****|####|####|####|
---------------------------------------------------
| F  | FP | H  | H  |    |    | P  |    |    |    |
|****|****|****|****|****|~~~~|****|****|~~~~|~~~~|
---------------------------------------------------
|    |    |    |    |    |    |    |    |    | F  |
|....|....|****|****|~~~~|~~~~|~~~~|****|****|....|
---------------------------------------------------
|    |    | K  |    |    |    |    |    | K  |    |
|~~~~|....|****|****|****|~~~~|****|****|****|....|
---------------------------------------------------
[2007, 2005, 3002, 7009, 5005, 4008, 3005, 8000, 6003, 9007, 4006, 3000, 9, 2005, 1009, 8009, 2003, 6008, 5000, 1009, 5009, 7008, 5007, 5009, 3004, 6006, 6, 1004, 2000, 2001, 1002, 4003]
[2007, 2005, 3002, 7009, 5005, 4008, 3005, 8000, 6003, 9007, 4006, 3000, 9, 2005, 1009, 8009, 2003, 6008, 5000, 1009, 5009, 7008, 5007, 5009, 3004, 6006, 6, 1004, 2000, 2001, 1002, 4003, 5007]
[2007, 2005, 3002, 7009, 5005, 4008, 3005, 8000, 6003, 9007, 4006, 3000, 9, 2005, 1009, 8009, 2003, 6008, 5000, 1009, 5009, 7008, 5007, 5009, 3004, 6006, 6, 1004, 2000, 2001, 1002, 4003, 5007, 8]
bad
bad
[2007, 2005, 3002, 7009, 5005, 4008, 3005, 8000, 6003, 9007, 4006, 3000, 9, 2005, 1009, 8009, 2003, 6008, 5000, 1009, 5009, 7008, 5007, 5009, 3004, 6006, 6, 1004, 2000, 2001, 1002, 4003, 5007, 8, 9002]
[2007, 2005, 3002, 7009, 5005, 4008, 3005, 8000, 6003, 9007, 4006, 3000, 9, 2005, 1009, 8009, 2003, 6008, 5000, 1009, 5009, 7008, 5007, 5009, 3004, 6006, 6, 1004, 2000, 2001, 1002, 4003, 5007, 8, 9002, 4003]
bad
bad
bad
[2007, 2005, 3002, 7009, 5005, 4008, 3005, 8000, 6003, 9007, 4006, 3000, 9, 2005, 1009, 8009, 2003, 6008, 5000, 1009, 5009, 7008, 5007, 5009, 3004, 6006, 6, 1004, 2000, 2001, 1002, 4003, 5007, 8, 9002, 4003, 4005]
[2007, 2005, 3002, 7009, 5005, 4008, 3005, 8000, 6003, 9007, 4006, 3000, 9, 2005, 1009, 8009, 2003, 6008, 5000, 1009, 5009, 7008, 5007, 5009, 3004, 6006, 6, 1004, 2000, 2001, 1002, 4003, 5007, 8, 9002, 4003, 4005, 6000]
---------------------------------------------------
|    |    |@   |    | H  |    | P  |    |    | F  |
|~~~~|~~~~|....|....|....|~~~~|^^^^|^^^^|^^^^|^^^^|
---------------------------------------------------
|    |    | P  |    | P  | H  |    | H  |    | KK |
|~~~~|####|^^^^|^^^^|^^^^|^^^^|^^^^|^^^^|^^^^|^^^^|
---------------------------------------------------
| P  | P  |    | K  |    | EF |    | E  | H  |    |
|####|####|####|####|^^^^|^^^^|^^^^|^^^^|^^^^|~~~~|
---------------------------------------------------
| F  | H  | E  |    | P  | T  |    |    |    | H  |
|....|####|####|####|****|****|^^^^|....|~~~~|~~~~|
---------------------------------------------------
|    |    |    |    |    |    | F  |    | T  |    |
|....|^^^^|^^^^|^^^^|****|****|^^^^|....|~~~~|~~~~|
---------------------------------------------------
| K  |    |    |    |    | T  |    | K  |    | KK |
|....|****|****|****|****|****|####|####|####|~~~~|
---------------------------------------------------
|    |    |    | F  |    |    | P  |    | K  |    |
|....|****|****|****|****|****|****|####|####|####|
---------------------------------------------------
|    |    |    |    |    |    |    |    | K  | E  |
|****|****|****|****|****|~~~~|****|****|~~~~|~~~~|
---------------------------------------------------
| T  |    |    |    |    |    | H  |    |    | K  |
|....|....|****|****|~~~~|~~~~|~~~~|****|****|....|
---------------------------------------------------
|    |    |    |    |    |    |    | F  |    |    |
|~~~~|....|****|****|****|~~~~|****|****|****|....|
---------------------------------------------------
[8001, 8007, 5005, 1007, 1, 4003, 7004, 3007, 1001, 4007, 3008, 3008, 6004, 6008, 8009, 6, 8008, 3007, 4007, 1009, 8009, 7002, 8004, 7009, 5007, 9004, 4003, 7000, 8008, 7002, 8007, 3001]
[8001, 8007, 5005, 1007, 1, 4003, 7004, 3007, 1001, 4007, 3008, 3008, 6004, 6008, 8009, 6, 8008, 3007, 4007, 1009, 8009, 7002, 8004, 7009, 5007, 9004, 4003, 7000, 8008, 7002, 8007, 3001, 9009]
[8001, 8007, 5005, 1007, 1, 4003, 7004, 3007, 1001, 4007, 3008, 3008, 6004, 6008, 8009, 6, 8008, 3007, 4007, 1009, 8009, 7002, 8004, 7009, 5007, 9004, 4003, 7000, 8008, 7002, 8007, 3001, 9009, 2008]
[8001, 8007, 5005, 1007, 1, 4003, 7004, 3007, 1001, 4007, 3008, 3008, 6004, 6008, 8009, 6, 8008, 3007, 4007, 1009, 8009, 7002, 8004, 7009, 5007, 9004, 4003, 7000, 8008, 7002, 8007, 3001, 9009, 2008, 3]
[8001, 8007, 5005, 1007, 1, 4003, 7004, 3007, 1001, 4007, 3008, 3008, 6004, 6008, 8009, 6, 8008, 3007, 4007, 1009, 8009, 7002, 8004, 7009, 5007, 9004, 4003, 7000, 8008, 7002, 8007, 3001, 9009, 2008, 3, 5001]
[8001, 8007, 5005, 1007, 1, 4003, 7004, 3007, 1001, 4007, 3008, 3008, 6004, 6008, 8009, 6, 8008, 3007, 4007, 1009, 8009, 7002, 8004, 7009, 5007, 9004, 4003, 7000, 8008, 7002, 8007, 3001, 9009, 2008, 3, 5001, 6003]
[8001, 8007, 5005, 1007, 1, 4003, 7004, 3007, 1001, 4007, 3008, 3008, 6004, 6008, 8009, 6, 8008, 3007, 4007, 1009, 8009, 7002, 8004, 7009, 5007, 9004, 4003, 7000, 8008, 7002, 8007, 3001, 9009, 2008, 3, 5001, 6003, 3003]
bad
---------------------------------------------------
|    | T  |@   |    |    |    | K  |    | H  |    |
|~~~~|~~~~|....|....|....|~~~~|^^^^|^^^^|^^^^|^^^^|
---------------------------------------------------
|    | F  |    |    |    |    |    | E  |    | K  |
|~~~~|####|^^^^|^^^^|^^^^|^^^^|^^^^|^^^^|^^^^|^^^^|
---------------------------------------------------
|    |    |    |    |    |    |    |    |    |    |
|####|####|####|####|^^^^|^^^^|^^^^|^^^^|^^^^|~~~~|
---------------------------------------------------
|    |    |    |    |    |    | H  | KT | FF |    |
|....|####|####|####|****|****|^^^^|....|~~~~|~~~~|
---------------------------------------------------
|    |    |    | PT |    |    |    | KF |    |    |
|....|^^^^|^^^^|^^^^|****|****|^^^^|....|~~~~|~~~~|
---------------------------------------------------
|    |    |    | HH |    | E  |    | P  |    |    |
|....|****|****|****|****|****|####|####|####|~~~~|
---------------------------------------------------
|    |    |    |    | F  |    | H  |    | F  |    |
|....|****|****|****|****|****|****|####|####|####|
---------------------------------------------------
| P  |    | KP |    | T  |    |    |    |    | K  |
|****|****|****|****|****|~~~~|****|****|~~~~|~~~~|
---------------------------------------------------
|    | E  |    |    | K  | H  |    | EP | KP | KK |
|....|....|****|****|~~~~|~~~~|~~~~|****|****|....|
---------------------------------------------------
|    |    |    |    | P  |    |    |    | H  |    |
|~~~~|....|****|****|****|~~~~|****|****|****|....|
---------------------------------------------------
[5, 7009, 5007, 8009, 9009, 2006, 5001, 8004, 1005, 3008, 3, 2007, 9005, 5007, 8006, 8007, 8001, 7006, 3004, 7005, 9000, 7007, 8006, 2007, 1, 7000, 5004, 5000, 7005, 8004, 6006, 1002]
bad
[5, 7009, 5007, 8009, 9009, 2006, 5001, 8004, 1005, 3008, 3, 2007, 9005, 5007, 8006, 8007, 8001, 7006, 3004, 7005, 9000, 7007, 8006, 2007, 1, 7000, 5004, 5000, 7005, 8004, 6006, 1002, 5004]
[5, 7009, 5007, 8009, 9009, 2006, 5001, 8004, 1005, 3008, 3, 2007, 9005, 5007, 8006, 8007, 8001, 7006, 3004, 7005, 9000, 7007, 8006, 2007, 1, 7000, 5004, 5000, 7005, 8004, 6006, 1002, 5004, 4008]
bad
[5, 7009, 5007, 8009, 9009, 2006, 5001, 8004, 1005, 3008, 3, 2007, 9005, 5007, 8006, 8007, 8001, 7006, 3004, 7005, 9000, 7007, 8006, 2007, 1, 7000, 5004, 5000, 7005, 8004, 6006, 1002, 5004, 4008, 9008]
[5, 7009, 5007, 8009, 9009, 2006, 5001, 8004, 1005, 3008, 3, 2007, 9005, 5007, 8006, 8007, 8001, 7006, 3004, 7005, 9000, 7007, 8006, 2007, 1, 7000, 5004, 5000, 7005, 8004, 6006, 1002, 5004, 4008, 9008, 8001]
bad
[5, 7009, 5007, 8009, 9009, 2006, 5001, 8004, 1005, 3008, 3, 2007, 9005, 5007, 8006, 8007, 8001, 7006, 3004, 7005, 9000, 7007, 8006, 2007, 1, 7000, 5004, 5000, 7005, 8004, 6006, 1002, 5004, 4008, 9008, 8001, 5002]
[5, 7009, 5007, 8009, 9009, 2006, 5001, 8004, 1005, 3008, 3, 2007, 9005, 5007, 8006, 8007, 8001, 7006, 3004, 7005, 9000, 7007, 8006, 2007, 1, 7000, 5004, 5000, 7005, 8004, 6006, 1002, 5004, 4008, 9008, 8001, 5002, 8009]
bad
---------------------------------------------------
|    | P  |@   | F  |    | E  | H  |    |    |    |
|~~~~|~~~~|....|....|....|~~~~|^^^^|^^^^|^^^^|^^^^|
---------------------------------------------------
|    |    |    |    |    | F  |    |    |    |    |
|~~~~|####|^^^^|^^^^|^^^^|^^^^|^^^^|^^^^|^^^^|^^^^|
---------------------------------------------------
| H  |    |    |    |    |    | T  | FK |    |    |
|####|####|####|####|^^^^|^^^^|^^^^|^^^^|^^^^|~~~~|
---------------------------------------------------
|    |    |    |    | K  |    |    |    | F  |    |
|....|####|####|####|****|****|^^^^|....|~~~~|~~~~|
---------------------------------------------------
|    |    |    |    |    |    |    |    |    |    |
|....|^^^^|^^^^|^^^^|****|****|^^^^|....|~~~~|~~~~|
---------------------------------------------------
| P  | T  |    |    | P  |    | H  | FE |    | H  |
|....|****|****|****|****|****|####|####|####|~~~~|
---------------------------------------------------
|    |    |    |    |    |    | P  |    |    |    |
|....|****|****|****|****|****|****|####|####|####|
---------------------------------------------------
| P  |    |    |    |    | KP | K  | K  | HH | E  |
|****|****|****|****|****|~~~~|****|****|~~~~|~~~~|
---------------------------------------------------
|    | K  |    |    | PT |    | KK | K  |    | E  |
|....|....|****|****|~~~~|~~~~|~~~~|****|****|....|
---------------------------------------------------
| K  | H  |    |    |    | F  |    |    |    | T  |
|~~~~|....|****|****|****|~~~~|****|****|****|....|
---------------------------------------------------
[4009, 3008, 1007, 8005, 8007, 8009, 1005, 1005, 8004, 1008, 9007, 3004, 5006, 6003, 3003, 1003, 2003, 8000, 8009, 8003, 4003, 1000, 2005, 0, 1003, 8006, 3, 1001, 8006, 7000, 9, 8003]
[4009, 3008, 1007, 8005, 8007, 8009, 1005, 1005, 8004, 1008, 9007, 3004, 5006, 6003, 3003, 1003, 2003, 8000, 8009, 8003, 4003, 1000, 2005, 0, 1003, 8006, 3, 1001, 8006, 7000, 9, 8003, 8001]
[4009, 3008, 1007, 8005, 8007, 8009, 1005, 1005, 8004, 1008, 9007, 3004, 5006, 6003, 3003, 1003, 2003, 8000, 8009, 8003, 4003, 1000, 2005, 0, 1003, 8006, 3, 1001, 8006, 7000, 9, 8003, 8001, 8001]
[4009, 3008, 1007, 8005, 8007, 8009, 1005, 1005, 8004, 1008, 9007, 3004, 5006, 6003, 3003, 1003, 2003, 8000, 8009, 8003, 4003, 1000, 2005, 0, 1003, 8006, 3, 1001, 8006, 7000, 9, 8003, 8001, 8001, 2000]
[4009, 3008, 1007, 8005, 8007, 8009, 1005, 1005, 8004, 1008, 9007, 3004, 5006, 6003, 3003, 1003, 2003, 8000, 8009, 8003, 4003, 1000, 2005, 0, 1003, 8006, 3, 1001, 8006, 7000, 9, 8003, 8001, 8001, 2000, 3009]
[4009, 3008, 1007, 8005, 8007, 8009, 1005, 1005, 8004, 1008, 9007, 3004, 5006, 6003, 3003, 1003, 2003, 8000, 8009, 8003, 4003, 1000, 2005, 0, 1003, 8006, 3, 1001, 8006, 7000, 9, 8003, 8001, 8001, 2000, 3009, 1001]
[4009, 3008, 1007, 8005, 8007, 8009, 1005, 1005, 8004, 1008, 9007, 3004, 5006, 6003, 3003, 1003, 2003, 8000, 8009, 8003, 4003, 1000, 2005, 0, 1003, 8006, 3, 1001, 8006, 7000, 9, 8003, 8001, 8001, 2000, 3009, 1001, 3007]
---------------------------------------------------
| K  |    |@   | P  |    |    | H  | H  |    | P  |
|~~~~|~~~~|....|....|....|~~~~|^^^^|^^^^|^^^^|^^^^|
---------------------------------------------------
| K  | P  |    | PK |    | TT |    | E  | F  |    |
|~~~~|####|^^^^|^^^^|^^^^|^^^^|^^^^|^^^^|^^^^|^^^^|
---------------------------------------------------
|    |    |    | K  |    | K  |    |    |    |    |
|####|####|####|####|^^^^|^^^^|^^^^|^^^^|^^^^|~~~~|
---------------------------------------------------
|    |    |    | K  | F  |    |    |    | E  |    |
|....|####|####|####|****|****|^^^^|....|~~~~|~~~~|
---------------------------------------------------
|    |    |    | K  |    |    |    |    |    | E  |
|....|^^^^|^^^^|^^^^|****|****|^^^^|....|~~~~|~~~~|
---------------------------------------------------
|    |    |    | H  |    | H  | F  | H  | H  |    |
|....|****|****|****|****|****|####|####|####|~~~~|
---------------------------------------------------
|    |    |    | F  |    |    |    |    |    |    |
|....|****|****|****|****|****|****|####|####|####|
---------------------------------------------------
| P  |    |    |    |    |    | H  |    |    |    |
|****|****|****|****|****|~~~~|****|****|~~~~|~~~~|
---------------------------------------------------
| K  |    |    | K  | F  | E  | PP | T  |    | TK |
|....|....|****|****|~~~~|~~~~|~~~~|****|****|....|
---------------------------------------------------
|    |    |    |    |    |    |    | F  |    |    |
|~~~~|....|****|****|****|~~~~|****|****|****|....|
---------------------------------------------------
[9006, 8004, 2008, 5008, 7007, 5, 7004, 6000, 2006, 5002, 1004, 1000, 9, 6000, 7004, 8004, 2001, 8002, 3006, 9008, 2007, 8006, 5003, 7009, 4, 4, 7006, 5006, 3004, 6, 3001, 7008]
[9006, 8004, 2008, 5008, 7007, 5, 7004, 6000, 2006, 5002, 1004, 1000, 9, 6000, 7004, 8004, 2001, 8002, 3006, 9008, 2007, 8006, 5003, 7009, 4, 4, 7006, 5006, 3004, 6, 3001, 7008, 5005]
[9006, 8004, 2008, 5008, 7007, 5, 7004, 6000, 2006, 5002, 1004, 1000, 9, 6000, 7004, 8004, 2001, 8002, 3006, 9008, 2007, 8006, 5003, 7009, 4, 4, 7006, 5006, 3004, 6, 3001, 7008, 5005, 7008]
[9006, 8004, 2008, 5008, 7007, 5, 7004, 6000, 2006, 5002, 1004, 1000, 9, 6000, 7004, 8004, 2001, 8002, 3006, 9008, 2007, 8006, 5003, 7009, 4, 4, 7006, 5006, 3004, 6, 3001, 7008, 5005, 7008, 5004]
[9006, 8004, 2008, 5008, 7007, 5, 7004, 6000, 2006, 5002, 1004, 1000, 9, 6000, 7004, 8004, 2001, 8002, 3006, 9008, 2007, 8006, 5003, 7009, 4, 4, 7006, 5006, 3004, 6, 3001, 7008, 5005, 7008, 5004, 2006]
bad
bad
[9006, 8004, 2008, 5008, 7007, 5, 7004, 6000, 2006, 5002, 1004, 1000, 9, 6000, 7004, 8004, 2001, 8002, 3006, 9008, 2007, 8006, 5003, 7009, 4, 4, 7006, 5006, 3004, 6, 3001, 7008, 5005, 7008, 5004, 2006, 2009]
[9006, 8004, 2008, 5008, 7007, 5, 7004, 6000, 2006, 5002, 1004, 1000, 9, 6000, 7004, 8004, 2001, 8002, 3006, 9008, 2007, 8006, 5003, 7009, 4, 4, 7006, 5006, 3004, 6, 3001, 7008, 5005, 7008, 5004, 2006, 2009, 4008]
bad
---------------------------------------------------
|    |    |@   |    | PP | T  | P  |    |    | F  |
|~~~~|~~~~|....|....|....|~~~~|^^^^|^^^^|^^^^|^^^^|
---------------------------------------------------
| F  |    |    | H  | F  |    |    |    |    |    |
|~~~~|####|^^^^|^^^^|^^^^|^^^^|^^^^|^^^^|^^^^|^^^^|
---------------------------------------------------
|    | K  | HH |    |    |    | F  | K  | E  |    |
|####|####|####|####|^^^^|^^^^|^^^^|^^^^|^^^^|~~~~|
---------------------------------------------------
|    | P  |    | H  | P  |    | K  |    |    |    |
|....|####|####|####|****|****|^^^^|....|~~~~|~~~~|
---------------------------------------------------
|    |    |    |    |    |    |    |    |    |    |
|....|^^^^|^^^^|^^^^|****|****|^^^^|....|~~~~|~~~~|
---------------------------------------------------
|    |    | F  | K  |    |    | P  |    | E  |    |
|....|****|****|****|****|****|####|####|####|~~~~|
---------------------------------------------------
| FT |    |    |    |    | H  |    |    |    |    |
|....|****|****|****|****|****|****|####|####|####|
---------------------------------------------------
| H  |    |    |    | TK |    | P  | T  |    | K  |
|****|****|****|****|****|~~~~|****|****|~~~~|~~~~|
---------------------------------------------------
|    |    | K  |    | EK |    | K  |    |    |    |
|....|....|****|****|~~~~|~~~~|~~~~|****|****|....|
---------------------------------------------------
|    |    | H  |    |    |    | E  |    | K  |    |
|~~~~|....|****|****|****|~~~~|****|****|****|....|
---------------------------------------------------
[3002, 1005, 6001, 7005, 5008, 5008, 7000, 3001, 7, 5001, 4008, 8008, 7001, 5000, 2003, 7001, 7002, 7006, 8003, 5009, 6005, 4, 6001, 1002, 4007, 6001, 7005, 6001, 3005, 3, 1009, 8004]
bad
[3002, 1005, 6001, 7005, 5008, 5008, 7000, 3001, 7, 5001, 4008, 8008, 7001, 5000, 2003, 7001, 7002, 7006, 8003, 5009, 6005, 4, 6001, 1002, 4007, 6001, 7005, 6001, 3005, 3, 1009, 8004, 9002]
[3002, 1005, 6001, 7005, 5008, 5008, 7000, 3001, 7, 5001, 4008, 8008, 7001, 5000, 2003, 7001, 7002, 7006, 8003, 5009, 6005, 4, 6001, 1002, 4007, 6001, 7005, 6001, 3005, 3, 1009, 8004, 9002, 1006]
[3002, 1005, 6001, 7005, 5008, 5008, 7000, 3001, 7, 5001, 4008, 8008, 7001, 5000, 2003, 7001, 7002, 7006, 8003, 5009, 6005, 4, 6001, 1002, 4007, 6001, 7005, 6001, 3005, 3, 1009, 8004, 9002, 1006, 8007]
[3002, 1005, 6001, 7005, 5008, 5008, 7000, 3001, 7, 5001, 4008, 8008, 7001, 5000, 2003, 7001, 7002, 7006, 8003, 5009, 6005, 4, 6001, 1002, 4007, 6001, 7005, 6001, 3005, 3, 1009, 8004, 9002, 1006, 8007, 3003]
bad
bad
bad
[3002, 1005, 6001, 7005, 5008, 5008, 7000, 3001, 7, 5001, 4008, 8008, 7001, 5000, 2003, 7001, 7002, 7006, 8003, 5009, 6005, 4, 6001, 1002, 4007, 6001, 7005, 6001, 3005, 3, 1009, 8004, 9002, 1006, 8007, 3003, 3002]
[3002, 1005, 6001, 7005, 5008, 5008, 7000, 3001, 7, 5001, 4008, 8008, 7001, 5000, 2003, 7001, 7002, 7006, 8003, 5009, 6005, 4, 6001, 1002, 4007, 6001, 7005, 6001, 3005, 3, 1009, 8004, 9002, 1006, 8007, 3003, 3002, 2006]
---------------------------------------------------
|    |    |@H  | P  | K  |    |    | F  | H  |    |
|~~~~|~~~~|....|....|....|~~~~|^^^^|^^^^|^^^^|^^^^|
---------------------------------------------------
|    |    | K  |    |    | E  |    |    |    | P  |
|~~~~|####|^^^^|^^^^|^^^^|^^^^|^^^^|^^^^|^^^^|^^^^|
---------------------------------------------------
|    | H  |    | K  |    |    |    |    |    | H  |
|####|####|####|####|^^^^|^^^^|^^^^|^^^^|^^^^|~~~~|
---------------------------------------------------
|    | T  | E  |    |    | P  |    |    |    |    |
|....|####|####|####|****|****|^^^^|....|~~~~|~~~~|
---------------------------------------------------
|    |    |    |    |    |    |    | P  | F  |    |
|....|^^^^|^^^^|^^^^|****|****|^^^^|....|~~~~|~~~~|
---------------------------------------------------
| F  | F  | H  |    |    |    |    |    | TT | K  |
|....|****|****|****|****|****|####|####|####|~~~~|
---------------------------------------------------
|    | EKP|    |    |    | K  |    |    |    |    |
|....|****|****|****|****|****|****|####|####|####|
---------------------------------------------------
| T  | FK | K  |    |    | EP | K  |    |    |    |
|****|****|****|****|****|~~~~|****|****|~~~~|~~~~|
---------------------------------------------------
|    |    |    | K  |    |    | H  |    | F  | H  |
|....|....|****|****|~~~~|~~~~|~~~~|****|****|....|
---------------------------------------------------
|    |    |    |    |    |    |    |    |    |    |
|~~~~|....|****|****|****|~~~~|****|****|****|....|
---------------------------------------------------
[3000, 6, 4, 7006, 1009, 3, 7003, 8005, 3001, 6001, 7002, 1000, 7, 3004, 1001, 1000, 1009, 6, 4007, 5003, 7004, 9007, 2005, 1001, 5005, 1000, 1009, 9004, 7, 1004, 9004, 8009]
[3000, 6, 4, 7006, 1009, 3, 7003, 8005, 3001, 6001, 7002, 1000, 7, 3004, 1001, 1000, 1009, 6, 4007, 5003, 7004, 9007, 2005, 1001, 5005, 1000, 1009, 9004, 7, 1004, 9004, 8009, 8002]
[3000, 6, 4, 7006, 1009, 3, 7003, 8005, 3001, 6001, 7002, 1000, 7, 3004, 1001, 1000, 1009, 6, 4007, 5003, 7004, 9007, 2005, 1001, 5005, 1000, 1009, 9004, 7, 1004, 9004, 8009, 8002, 5003]
bad
[3000, 6, 4, 7006, 1009, 3, 7003, 8005, 3001, 6001, 7002, 1000, 7, 3004, 1001, 1000, 1009, 6, 4007, 5003, 7004, 9007, 2005, 1001, 5005, 1000, 1009, 9004, 7, 1004, 9004, 8009, 8002, 5003, 6007]
bad
[3000, 6, 4, 7006, 1009, 3, 7003, 8005, 3001, 6001, 7002, 1000, 7, 3004, 1001, 1000, 1009, 6, 4007, 5003, 7004, 9007, 2005, 1001, 5005, 1000, 1009, 9004, 7, 1004, 9004, 8009, 8002, 5003, 6007, 6006]
[3000, 6, 4, 7006, 1009, 3, 7003, 8005, 3001, 6001, 7002, 1000, 7, 3004, 1001, 1000, 1009, 6, 4007, 5003, 7004, 9007, 2005, 1001, 5005, 1000, 1009, 9004, 7, 1004, 9004, 8009, 8002, 5003, 6007, 6006, 4006]
bad
bad
[3000, 6, 4, 7006, 1009, 3, 7003, 8005, 3001, 6001, 7002, 1000, 7, 3004, 1001, 1000, 1009, 6, 4007, 5003, 7004, 9007, 2005, 1001, 5005, 1000, 1009, 9004, 7, 1004, 9004, 8009, 8002, 5003, 6007, 6006, 4006, 1000]
bad
---------------------------------------------------
| H  | H  |@   | T  | E  |    | KE | FP | H  |    |
|~~~~|~~~~|....|....|....|~~~~|^^^^|^^^^|^^^^|^^^^|
---------------------------------------------------
| KFP| KK |    |    | P  |    |    |    |    | TKP|
|~~~~|####|^^^^|^^^^|^^^^|^^^^|^^^^|^^^^|^^^^|^^^^|
---------------------------------------------------
|    |    |    |    |    | K  |    |    |    |    |
|####|####|####|####|^^^^|^^^^|^^^^|^^^^|^^^^|~~~~|
---------------------------------------------------
| E  | F  |    |    | F  |    |    |    |    |    |
|....|####|####|####|****|****|^^^^|....|~~~~|~~~~|
---------------------------------------------------
|    |    |    |    |    |    |    | K  |    |    |
|....|^^^^|^^^^|^^^^|****|****|^^^^|....|~~~~|~~~~|
---------------------------------------------------
|    |    |    | K  |    | P  |    |    |    |    |
|....|****|****|****|****|****|####|####|####|~~~~|
---------------------------------------------------
|    | F  |    |    |    | H  |    |    |    |    |
|....|****|****|****|****|****|****|####|####|####|
---------------------------------------------------
|    | H  | F  | T  | K  |    | E  |    |    |    |
|****|****|****|****|****|~~~~|****|****|~~~~|~~~~|
---------------------------------------------------
|    |    |    |    |    | T  |    |    |    |    |
|....|....|****|****|~~~~|~~~~|~~~~|****|****|....|
---------------------------------------------------
|    |    |    |    | PP | H  |    | K  | H  |    |
|~~~~|....|****|****|****|~~~~|****|****|****|....|
---------------------------------------------------
[4006, 2004, 7001, 3005, 9002, 3005, 2, 6008, 4007, 8005, 5001, 3006, 2001, 2002, 8007, 1000, 8007, 9006, 7001, 4008, 9006, 4006, 5004, 3001, 5007, 1002, 5009, 8009, 8004, 9002, 8007, 4003]
[4006, 2004, 7001, 3005, 9002, 3005, 2, 6008, 4007, 8005, 5001, 3006, 2001, 2002, 8007, 1000, 8007, 9006, 7001, 4008, 9006, 4006, 5004, 3001, 5007, 1002, 5009, 8009, 8004, 9002, 8007, 4003, 4000]
[4006, 2004, 7001, 3005, 9002, 3005, 2, 6008, 4007, 8005, 5001, 3006, 2001, 2002, 8007, 1000, 8007, 9006, 7001, 4008, 9006, 4006, 5004, 3001, 5007, 1002, 5009, 8009, 8004, 9002, 8007, 4003, 4000, 4000]
[4006, 2004, 7001, 3005, 9002, 3005, 2, 6008, 4007, 8005, 5001, 3006, 2001, 2002, 8007, 1000, 8007, 9006, 7001, 4008, 9006, 4006, 5004, 3001, 5007, 1002, 5009, 8009, 8004, 9002, 8007, 4003, 4000, 4000, 5003]
bad
bad
bad
[4006, 2004, 7001, 3005, 9002, 3005, 2, 6008, 4007, 8005, 5001, 3006, 2001, 2002, 8007, 1000, 8007, 9006, 7001, 4008, 9006, 4006, 5004, 3001, 5007, 1002, 5009, 8009, 8004, 9002, 8007, 4003, 4000, 4000, 5003, 2003]
[4006, 2004, 7001, 3005, 9002, 3005, 2, 6008, 4007, 8005, 5001, 3006, 2001, 2002, 8007, 1000, 8007, 9006, 7001, 4008, 9006, 4006, 5004, 3001, 5007, 1002, 5009, 8009, 8004, 9002, 8007, 4003, 4000, 4000, 5003, 2003, 3001]
bad
[4006, 2004, 7001, 3005, 9002, 3005, 2, 6008, 4007, 8005, 5001, 3006, 2001, 2002, 8007, 1000, 8007, 9006, 7001, 4008, 9006, 4006, 5004, 3001, 5007, 1002, 5009, 8009, 8004, 9002, 8007, 4003, 4000, 4000, 5003, 2003, 3001, 6005]
bad
---------------------------------------------------
|    |    |@T  |    |    |    |    | H  | H  | H  |
|~~~~|~~~~|....|....|....|~~~~|^^^^|^^^^|^^^^|^^^^|
---------------------------------------------------
| K  | H  | P  |    |    |    |    | H  |    |    |
|~~~~|####|^^^^|^^^^|^^^^|^^^^|^^^^|^^^^|^^^^|^^^^|
---------------------------------------------------
|    | F  | F  |    | E  |    |    |    |    |    |
|####|####|####|####|^^^^|^^^^|^^^^|^^^^|^^^^|~~~~|
---------------------------------------------------
|    | K  |    |    |    | ET | F  |    |    |    |
|....|####|####|####|****|****|^^^^|....|~~~~|~~~~|
---------------------------------------------------
|    |    |    |    |    |    | KE | F  | K  |    |
|....|^^^^|^^^^|^^^^|****|****|^^^^|....|~~~~|~~~~|
---------------------------------------------------
|    | F  |    |    | K  | H  |    | P  |    | P  |
|....|****|****|****|****|****|####|####|####|~~~~|
---------------------------------------------------
|    |    |    |    |    |    |    |    | T  |    |
|....|****|****|****|****|****|****|####|####|####|
---------------------------------------------------
|    | KE |    |    |    |    |    |    | H  |    |
|****|****|****|****|****|~~~~|****|****|~~~~|~~~~|
---------------------------------------------------
|    |    |    |    | P  | F  |    | PKK|    | P  |
|....|....|****|****|~~~~|~~~~|~~~~|****|****|....|
---------------------------------------------------
|    |    | TP |    |    |    | KK |    |    |    |
|~~~~|....|****|****|****|~~~~|****|****|****|....|
---------------------------------------------------
[7009, 3004, 8009, 0, 8007, 1008, 5006, 6000, 5009, 2008, 3001, 9004, 8007, 1007, 1005, 0, 1000, 8002, 1006, 3000, 9008, 6004, 8000, 2009, 5009, 5003, 5, 5003, 8008, 9009, 6009, 6003]
[7009, 3004, 8009, 0, 8007, 1008, 5006, 6000, 5009, 2008, 3001, 9004, 8007, 1007, 1005, 0, 1000, 8002, 1006, 3000, 9008, 6004, 8000, 2009, 5009, 5003, 5, 5003, 8008, 9009, 6009, 6003, 2000]
[7009, 3004, 8009, 0, 8007, 1008, 5006, 6000, 5009, 2008, 3001, 9004, 8007, 1007, 1005, 0, 1000, 8002, 1006, 3000, 9008, 6004, 8000, 2009, 5009, 5003, 5, 5003, 8008, 9009, 6009, 6003, 2000, 2003]
[7009, 3004, 8009, 0, 8007, 1008, 5006, 6000, 5009, 2008, 3001, 9004, 8007, 1007, 1005, 0, 1000, 8002, 1006, 3000, 9008, 6004, 8000, 2009, 5009, 5003, 5, 5003, 8008, 9009, 6009, 6003, 2000, 2003, 1002]
bad
[7009, 3004, 8009, 0, 8007, 1008, 5006, 6000, 5009, 2008, 3001, 9004, 8007, 1007, 1005, 0, 1000, 8002, 1006, 3000, 9008, 6004, 8000, 2009, 5009, 5003, 5, 5003, 8008, 9009, 6009, 6003, 2000, 2003, 1002, 8]
bad
[7009, 3004, 8009, 0, 8007, 1008, 5006, 6000, 5009, 2008, 3001, 9004, 8007, 1007, 1005, 0, 1000, 8002, 1006, 3000, 9008, 6004, 8000, 2009, 5009, 5003, 5, 5003, 8008, 9009, 6009, 6003, 2000, 2003, 1002, 8, 6002]
[7009, 3004, 8009, 0, 8007, 1008, 5006, 6000, 5009, 2008, 3001, 9004, 8007, 1007, 1005, 0, 1000, 8002, 1006, 3000, 9008, 6004, 8000, 2009, 5009, 5003, 5, 5003, 8008, 9009, 6009, 6003, 2000, 2003, 1002, 8, 6002, 8007]
---------------------------------------------------
| KE |    |@   |    |    | P  |    |    |    |    |
|~~~~|~~~~|....|....|....|~~~~|^^^^|^^^^|^^^^|^^^^|
---------------------------------------------------
| K  |    |    |    |    | K  | K  | F  | T  |    |
|~~~~|####|^^^^|^^^^|^^^^|^^^^|^^^^|^^^^|^^^^|^^^^|
---------------------------------------------------
|    |    |    |    | H  |    |    |    | F  | K  |
|####|####|####|####|^^^^|^^^^|^^^^|^^^^|^^^^|~~~~|
---------------------------------------------------
| K  | F  |    |    | E  |    |    |    |    |    |
|....|####|####|####|****|****|^^^^|....|~~~~|~~~~|
---------------------------------------------------
|    |    |    |    |    | H  |    | H  |    | H  |
|....|^^^^|^^^^|^^^^|****|****|^^^^|....|~~~~|~~~~|
---------------------------------------------------
|    |    |    | PP |    |    | T  |    |    | FP |
|....|****|****|****|****|****|####|####|####|~~~~|
---------------------------------------------------
| T  |    |    |    | K  |    |    |    |    | P  |
|....|****|****|****|****|****|****|####|####|####|
---------------------------------------------------
|    | H  |    |    |    |    |    |    |    | E  |
|****|****|****|****|****|~~~~|****|****|~~~~|~~~~|
---------------------------------------------------
| K  |    | K  |    |    |    |    | TF | P  | E  |
|....|....|****|****|~~~~|~~~~|~~~~|****|****|....|
---------------------------------------------------
|    | H  |    |    | F  |    | H  |    | K  | P  |
|~~~~|....|****|****|****|~~~~|****|****|****|....|
---------------------------------------------------
[7000, 5009, 4009, 3, 6005, 3001, 5003, 9000, 8009, 5000, 4009, 5008, 9009, 6007, 6006, 6000, 4, 2009, 4009, 9004, 2005, 1002, 1009, 9000, 1, 1, 3006, 4, 9005, 7006, 2004, 1000]
[7000, 5009, 4009, 3, 6005, 3001, 5003, 9000, 8009, 5000, 4009, 5008, 9009, 6007, 6006, 6000, 4, 2009, 4009, 9004, 2005, 1002, 1009, 9000, 1, 1, 3006, 4, 9005, 7006, 2004, 1000, 6008]
[7000, 5009, 4009, 3, 6005, 3001, 5003, 9000, 8009, 5000, 4009, 5008, 9009, 6007, 6006, 6000, 4, 2009, 4009, 9004, 2005, 1002, 1009, 9000, 1, 1, 3006, 4, 9005, 7006, 2004, 1000, 6008, 8009]
bad
[7000, 5009, 4009, 3, 6005, 3001, 5003, 9000, 8009, 5000, 4009, 5008, 9009, 6007, 6006, 6000, 4, 2009, 4009, 9004, 2005, 1002, 1009, 9000, 1, 1, 3006, 4, 9005, 7006, 2004, 1000, 6008, 8009, 7005]
bad
[7000, 5009, 4009, 3, 6005, 3001, 5003, 9000, 8009, 5000, 4009, 5008, 9009, 6007, 6006, 6000, 4, 2009, 4009, 9004, 2005, 1002, 1009, 9000, 1, 1, 3006, 4, 9005, 7006, 2004, 1000, 6008, 8009, 7005, 7009]
bad
bad
bad
[7000, 5009, 4009, 3, 6005, 3001, 5003, 9000, 8009, 5000, 4009, 5008, 9009, 6007, 6006, 6000, 4, 2009, 4009, 9004, 2005, 1002, 1009, 9000, 1, 1, 3006, 4, 9005, 7006, 2004, 1000, 6008, 8009, 7005, 7009, 5]
bad
[7000, 5009, 4009, 3, 6005, 3001, 5003, 9000, 8009, 5000, 4009, 5008, 9009, 6007, 6006, 6000, 4, 2009, 4009, 9004, 2005, 1002, 1009, 9000, 1, 1, 3006, 4, 9005, 7006, 2004, 1000, 6008, 8009, 7005, 7009, 5, 1]
bad
---------------------------------------------------
|    | PP |@   | E  | PK |    |    |    | H  |    |
|~~~~|~~~~|....|....|....|~~~~|^^^^|^^^^|^^^^|^^^^|
---------------------------------------------------
|    |    | K  |    |    |    |    |    |    | K  |
|~~~~|####|^^^^|^^^^|^^^^|^^^^|^^^^|^^^^|^^^^|^^^^|
---------------------------------------------------
|    |    |    |    | P  | K  |    |    |    | K  |
|####|####|####|####|^^^^|^^^^|^^^^|^^^^|^^^^|~~~~|
---------------------------------------------------
|    | T  |    |    |    |    | P  |    |    |    |
|....|####|####|####|****|****|^^^^|....|~~~~|~~~~|
---------------------------------------------------
|    |    |    |    |    | H  |    |    |    | KFE|
|....|^^^^|^^^^|^^^^|****|****|^^^^|....|~~~~|~~~~|
---------------------------------------------------
| F  |    | H  | T  | H  |    |    |    | F  | E  |
|....|****|****|****|****|****|####|####|####|~~~~|
---------------------------------------------------
| K  |    |    |    |    | T  | K  | F  |    |    |
|....|****|****|****|****|****|****|####|####|####|
---------------------------------------------------
| E  |    | H  |    |    |    | P  |    |    |    |
|****|****|****|****|****|~~~~|****|****|~~~~|~~~~|
---------------------------------------------------
|    | H  |    |    |    |    |    |    |    | F  |
|....|....|****|****|~~~~|~~~~|~~~~|****|****|....|
---------------------------------------------------
| KT |    |    |    | K  | P  |    | H  |    | F  |
|~~~~|....|****|****|****|~~~~|****|****|****|....|
---------------------------------------------------
[8007, 5, 4002, 8009, 2000, 1008, 4, 8003, 9003, 5008, 7009, 3003, 9008, 3001, 7004, 2007, 4002, 2006, 0, 5002, 2000, 3002, 8005, 4001, 5, 5004, 4004, 7000, 4007, 4000, 5006, 3007]
[8007, 5, 4002, 8009, 2000, 1008, 4, 8003, 9003, 5008, 7009, 3003, 9008, 3001, 7004, 2007, 4002, 2006, 0, 5002, 2000, 3002, 8005, 4001, 5, 5004, 4004, 7000, 4007, 4000, 5006, 3007, 3009]
[8007, 5, 4002, 8009, 2000, 1008, 4, 8003, 9003, 5008, 7009, 3003, 9008, 3001, 7004, 2007, 4002, 2006, 0, 5002, 2000, 3002, 8005, 4001, 5, 5004, 4004, 7000, 4007, 4000, 5006, 3007, 3009, 6002]
bad
bad
[8007, 5, 4002, 8009, 2000, 1008, 4, 8003, 9003, 5008, 7009, 3003, 9008, 3001, 7004, 2007, 4002, 2006, 0, 5002, 2000, 3002, 8005, 4001, 5, 5004, 4004, 7000, 4007, 4000, 5006, 3007, 3009, 6002, 3007]
[8007, 5, 4002, 8009, 2000, 1008, 4, 8003, 9003, 5008, 7009, 3003, 9008, 3001, 7004, 2007, 4002, 2006, 0, 5002, 2000, 3002, 8005, 4001, 5, 5004, 4004, 7000, 4007, 4000, 5006, 3007, 3009, 6002, 3007, 7005]
bad
[8007, 5, 4002, 8009, 2000, 1008, 4, 8003, 9003, 5008, 7009, 3003, 9008, 3001, 7004, 2007, 4002, 2006, 0, 5002, 2000, 3002, 8005, 4001, 5, 5004, 4004, 7000, 4007, 4000, 5006, 3007, 3009, 6002, 3007, 7005, 3]
[8007, 5, 4002, 8009, 2000, 1008, 4, 8003, 9003, 5008, 7009, 3003, 9008, 3001, 7004, 2007, 4002, 2006, 0, 5002, 2000, 3002, 8005, 4001, 5, 5004, 4004, 7000, 4007, 4000, 5006, 3007, 3009, 6002, 3007, 7005, 3, 8005]
---------------------------------------------------
| K  |    |@   |    | T  | PE | H  |    |    |    |
|~~~~|~~~~|....|....|....|~~~~|^^^^|^^^^|^^^^|^^^^|
---------------------------------------------------
|    | H  |    |    | H  |    |    | H  | T  |    |
|~~~~|####|^^^^|^^^^|^^^^|^^^^|^^^^|^^^^|^^^^|^^^^|
---------------------------------------------------
| TK |    |    |    |    |    | K  | K  |    |    |
|####|####|####|####|^^^^|^^^^|^^^^|^^^^|^^^^|~~~~|
---------------------------------------------------
|    | F  | K  | F  |    |    |    |    |    |    |
|....|####|####|####|****|****|^^^^|....|~~~~|~~~~|
---------------------------------------------------
| P  | K  | EK |    | P  |    |    | P  |    |    |
|....|^^^^|^^^^|^^^^|****|****|^^^^|....|~~~~|~~~~|
---------------------------------------------------
|    |    | K  |    | P  |    | P  |    | F  | H  |
|....|****|****|****|****|****|####|####|####|~~~~|
---------------------------------------------------
|    |    |    |    | H  |    |    |    |    |    |
|....|****|****|****|****|****|****|####|####|####|
---------------------------------------------------
| P  |    |    |    | K  |    |    |    | H  | F  |
|****|****|****|****|****|~~~~|****|****|~~~~|~~~~|
---------------------------------------------------
|    |    |    | T  |    | K  |    | E  |    | E  |
|....|....|****|****|~~~~|~~~~|~~~~|****|****|....|
---------------------------------------------------
|    |    |    | F  |    |    |    |    | F  |    |
|~~~~|....|****|****|****|~~~~|****|****|****|....|
---------------------------------------------------
[4000, 7001, 2007, 0, 3003, 9009, 2003, 1, 1001, 8, 5002, 1006, 5005, 2001, 5003, 4000, 9, 8004, 4002, 2009, 4009, 4, 7001, 1009, 2005, 7005, 4007, 4006, 1004, 9, 3007, 9000]
[4000, 7001, 2007, 0, 3003, 9009, 2003, 1, 1001, 8, 5002, 1006, 5005, 2001, 5003, 4000, 9, 8004, 4002, 2009, 4009, 4, 7001, 1009, 2005, 7005, 4007, 4006, 1004, 9, 3007, 9000, 5007]
[4000, 7001, 2007, 0, 3003, 9009, 2003, 1, 1001, 8, 5002, 1006, 5005, 2001, 5003, 4000, 9, 8004, 4002, 2009, 4009, 4, 7001, 1009, 2005, 7005, 4007, 4006, 1004, 9, 3007, 9000, 5007, 3]
bad
bad
[4000, 7001, 2007, 0, 3003, 9009, 2003, 1, 1001, 8, 5002, 1006, 5005, 2001, 5003, 4000, 9, 8004, 4002, 2009, 4009, 4, 7001, 1009, 2005, 7005, 4007, 4006, 1004, 9, 3007, 9000, 5007, 3, 6006]
[4000, 7001, 2007, 0, 3003, 9009, 2003, 1, 1001, 8, 5002, 1006, 5005, 2001, 5003, 4000, 9, 8004, 4002, 2009, 4009, 4, 7001, 1009, 2005, 7005, 4007, 4006, 1004, 9, 3007, 9000, 5007, 3, 6006, 5002]
[4000, 7001, 2007, 0, 3003, 9009, 2003, 1, 1001, 8, 5002, 1006, 5005, 2001, 5003, 4000, 9, 8004, 4002, 2009, 4009, 4, 7001, 1009, 2005, 7005, 4007, 4006, 1004, 9, 3007, 9000, 5007, 3, 6006, 5002, 3008]
bad
bad
bad
bad
[4000, 7001, 2007, 0, 3003, 9009, 2003, 1, 1001, 8, 5002, 1006, 5005, 2001, 5003, 4000, 9, 8004, 4002, 2009, 4009, 4, 7001, 1009, 2005, 7005, 4007, 4006, 1004, 9, 3007, 9000, 5007, 3, 6006, 5002, 3008, 3000]
---------------------------------------------------
| E  | T  |@   |    | K  |    |    |    | F  | PK |
|~~~~|~~~~|....|....|....|~~~~|^^^^|^^^^|^^^^|^^^^|
---------------------------------------------------
|    | F  |    |    | P  |    | F  |    |    | K  |
|~~~~|####|^^^^|^^^^|^^^^|^^^^|^^^^|^^^^|^^^^|^^^^|
---------------------------------------------------
|    | F  |    | T  |    | P  |    | E  |    | K  |
|####|####|####|####|^^^^|^^^^|^^^^|^^^^|^^^^|~~~~|
---------------------------------------------------
|    |    |    | T  |    |    |    | P  |    | H  |
|....|####|####|####|****|****|^^^^|....|~~~~|~~~~|
---------------------------------------------------
| KE |    | K  |    |    |    | P  | P  |    | K  |
|....|^^^^|^^^^|^^^^|****|****|^^^^|....|~~~~|~~~~|
---------------------------------------------------
|    |    | F  | K  |    | F  |    |    |    |    |
|....|****|****|****|****|****|####|####|####|~~~~|
---------------------------------------------------
|    |    | H  |    |    |    |    |    |    |    |
|....|****|****|****|****|****|****|####|####|####|
---------------------------------------------------
| HH | EK |    |    |    | P  |    |    |    |    |
|****|****|****|****|****|~~~~|****|****|~~~~|~~~~|
---------------------------------------------------
| H  |    |    |    | K  |    | H  |    |    |    |
|....|....|****|****|~~~~|~~~~|~~~~|****|****|....|
---------------------------------------------------
|    |    |    |    |    |    | H  |    |    | T  |
|~~~~|....|****|****|****|~~~~|****|****|****|....|
---------------------------------------------------
[8006, 3002, 6, 1002, 6005, 2, 2, 0, 4002, 8004, 7005, 7, 2, 3008, 6002, 6001, 4008, 0, 2000, 5006, 3000, 2006, 6000, 8, 7001, 1002, 2000, 4006, 3002, 1009, 5000, 3007]
[8006, 3002, 6, 1002, 6005, 2, 2, 0, 4002, 8004, 7005, 7, 2, 3008, 6002, 6001, 4008, 0, 2000, 5006, 3000, 2006, 6000, 8, 7001, 1002, 2000, 4006, 3002, 1009, 5000, 3007, 7006]
[8006, 3002, 6, 1002, 6005, 2, 2, 0, 4002, 8004, 7005, 7, 2, 3008, 6002, 6001, 4008, 0, 2000, 5006, 3000, 2006, 6000, 8, 7001, 1002, 2000, 4006, 3002, 1009, 5000, 3007, 7006, 2003]
bad
bad
[8006, 3002, 6, 1002, 6005, 2, 2, 0, 4002, 8004, 7005, 7, 2, 3008, 6002, 6001, 4008, 0, 2000, 5006, 3000, 2006, 6000, 8, 7001, 1002, 2000, 4006, 3002, 1009, 5000, 3007, 7006, 2003, 3002]
bad
[8006, 3002, 6, 1002, 6005, 2, 2, 0, 4002, 8004, 7005, 7, 2, 3008, 6002, 6001, 4008, 0, 2000, 5006, 3000, 2006, 6000, 8, 7001, 1002, 2000, 4006, 3002, 1009, 5000, 3007, 7006, 2003, 3002, 3]
[8006, 3002, 6, 1002, 6005, 2, 2, 0, 4002, 8004, 7005, 7, 2, 3008, 6002, 6001, 4008, 0, 2000, 5006, 3000, 2006, 6000, 8, 7001, 1002, 2000, 4006, 3002, 1009, 5000, 3007, 7006, 2003, 3002, 3, 4000]
bad
[8006, 3002, 6, 1002, 6005, 2, 2, 0, 4002, 8004, 7005, 7, 2, 3008, 6002, 6001, 4008, 0, 2000, 5006, 3000, 2006, 6000, 8, 7001, 1002, 2000, 4006, 3002, 1009, 5000, 3007, 7006, 2003, 3002, 3, 4000, 9005]
---------------------------------------------------
| KT |    |@TTF|    |    |    | E  | F  | K  |    |
|~~~~|~~~~|....|....|....|~~~~|^^^^|^^^^|^^^^|^^^^|
---------------------------------------------------
| H  |    | EP | H  | H  |    |    |    |    | P  |
|~~~~|####|^^^^|^^^^|^^^^|^^^^|^^^^|^^^^|^^^^|^^^^|
---------------------------------------------------
| KP |    |    |    |    |    | K  |    |    |    |
|####|####|####|####|^^^^|^^^^|^^^^|^^^^|^^^^|~~~~|
---------------------------------------------------
| K  |    | PE |    |    |    |    |    | F  |    |
|....|####|####|####|****|****|^^^^|....|~~~~|~~~~|
---------------------------------------------------
|    |    | F  |    |    |    | P  |    | K  |    |
|....|^^^^|^^^^|^^^^|****|****|^^^^|....|~~~~|~~~~|
---------------------------------------------------
| P  |    |    |    |    |    | K  |    |    | H  |
|....|****|****|****|****|****|####|####|####|~~~~|
---------------------------------------------------
| K  | K  | K  |    |    | T  |    |    |    |    |
|....|****|****|****|****|****|****|####|####|####|
---------------------------------------------------
|    | P  |    |    |    | F  |    |    |    |    |
|****|****|****|****|****|~~~~|****|****|~~~~|~~~~|
---------------------------------------------------
| H  |    |    |    | F  |    | E  | H  |    |    |
|....|....|****|****|~~~~|~~~~|~~~~|****|****|....|
---------------------------------------------------
|    |    |    |    |    |    | H  |    |    |    |
|~~~~|....|****|****|****|~~~~|****|****|****|....|
---------------------------------------------------
[9000, 9, 9006, 8001, 5002, 1003, 4005, 8006, 4008, 8002, 1000, 2004, 7000, 8004, 1001, 2008, 3008, 3007, 3002, 7005, 9000, 2002, 2, 6002, 6008, 3002, 9003, 1, 7004, 9009, 1004, 6008]
bad
[9000, 9, 9006, 8001, 5002, 1003, 4005, 8006, 4008, 8002, 1000, 2004, 7000, 8004, 1001, 2008, 3008, 3007, 3002, 7005, 9000, 2002, 2, 6002, 6008, 3002, 9003, 1, 7004, 9009, 1004, 6008, 3000]
[9000, 9, 9006, 8001, 5002, 1003, 4005, 8006, 4008, 8002, 1000, 2004, 7000, 8004, 1001, 2008, 3008, 3007, 3002, 7005, 9000, 2002, 2, 6002, 6008, 3002, 9003, 1, 7004, 9009, 1004, 6008, 3000, 1000]
[9000, 9, 9006, 8001, 5002, 1003, 4005, 8006, 4008, 8002, 1000, 2004, 7000, 8004, 1001, 2008, 3008, 3007, 3002, 7005, 9000, 2002, 2, 6002, 6008, 3002, 9003, 1, 7004, 9009, 1004, 6008, 3000, 1000, 4009]
[9000, 9, 9006, 8001, 5002, 1003, 4005, 8006, 4008, 8002, 1000, 2004, 7000, 8004, 1001, 2008, 3008, 3007, 3002, 7005, 9000, 2002, 2, 6002, 6008, 3002, 9003, 1, 7004, 9009, 1004, 6008, 3000, 1000, 4009, 4008]
[9000, 9, 9006, 8001, 5002, 1003, 4005, 8006, 4008, 8002, 1000, 2004, 7000, 8004, 1001, 2008, 3008, 3007, 3002, 7005, 9000, 2002, 2, 6002, 6008, 3002, 9003, 1, 7004, 9009, 1004, 6008, 3000, 1000, 4009, 4008, 4009]
[9000, 9, 9006, 8001, 5002, 1003, 4005, 8006, 4008, 8002, 1000, 2004, 7000, 8004, 1001, 2008, 3008, 3007, 3002, 7005, 9000, 2002, 2, 6002, 6008, 3002, 9003, 1, 7004, 9009, 1004, 6008, 3000, 1000, 4009, 4008, 4009, 5005]
bad
bad
---------------------------------------------------
|    | P  |@K  |    |    |    |    |    |    | E  |
|~~~~|~~~~|....|....|....|~~~~|^^^^|^^^^|^^^^|^^^^|
---------------------------------------------------
| F  | K  |    | T  | P  |    |    |    |    |    |
|~~~~|####|^^^^|^^^^|^^^^|^^^^|^^^^|^^^^|^^^^|^^^^|
---------------------------------------------------
|    |    | K  |    | F  |    | H  | H  | K  |    |
|####|####|####|####|^^^^|^^^^|^^^^|^^^^|^^^^|~~~~|
---------------------------------------------------
|    |    | KP |    |    |    |    | K  | K  |    |
|....|####|####|####|****|****|^^^^|....|~~~~|~~~~|
---------------------------------------------------
|    | H  |    |    |    | T  |    |    | F  |    |
|....|^^^^|^^^^|^^^^|****|****|^^^^|....|~~~~|~~~~|
---------------------------------------------------
|    |    | T  |    | H  |    |    |    |    |    |
|....|****|****|****|****|****|####|####|####|~~~~|
---------------------------------------------------
|    |    | K  |    |    |    | H  |    | P  |    |
|....|****|****|****|****|****|****|####|####|####|
---------------------------------------------------
| F  |    |    |    | P  | K  |    | H  |    |    |
|****|****|****|****|****|~~~~|****|****|~~~~|~~~~|
---------------------------------------------------
|    | E  | F  | H  | F  |    | T  |    |    |    |
|....|....|****|****|~~~~|~~~~|~~~~|****|****|....|
---------------------------------------------------
| EK |    |    | P  |    |    | E  |    |    | P  |
|~~~~|....|****|****|****|~~~~|****|****|****|....|
---------------------------------------------------
[2, 4004, 7, 1002, 7009, 6005, 2005, 9000, 8006, 1009, 8, 8001, 9006, 6005, 4001, 3008, 9, 9000, 6, 4005, 6001, 2005, 7007, 7008, 6000, 2004, 1005, 4005, 1, 8009, 8, 4004]
[2, 4004, 7, 1002, 7009, 6005, 2005, 9000, 8006, 1009, 8, 8001, 9006, 6005, 4001, 3008, 9, 9000, 6, 4005, 6001, 2005, 7007, 7008, 6000, 2004, 1005, 4005, 1, 8009, 8, 4004, 8005]
[2, 4004, 7, 1002, 7009, 6005, 2005, 9000, 8006, 1009, 8, 8001, 9006, 6005, 4001, 3008, 9, 9000, 6, 4005, 6001, 2005, 7007, 7008, 6000, 2004, 1005, 4005, 1, 8009, 8, 4004, 8005, 2003]
[2, 4004, 7, 1002, 7009, 6005, 2005, 9000, 8006, 1009, 8, 8001, 9006, 6005, 4001, 3008, 9, 9000, 6, 4005, 6001, 2005, 7007, 7008, 6000, 2004, 1005, 4005, 1, 8009, 8, 4004, 8005, 2003, 2008]
[2, 4004, 7, 1002, 7009, 6005, 2005, 9000, 8006, 1009, 8, 8001, 9006, 6005, 4001, 3008, 9, 9000, 6, 4005, 6001, 2005, 7007, 7008, 6000, 2004, 1005, 4005, 1, 8009, 8, 4004, 8005, 2003, 2008, 7001]
[2, 4004, 7, 1002, 7009, 6005, 2005, 9000, 8006, 1009, 8, 8001, 9006, 6005, 4001, 3008, 9, 9000, 6, 4005, 6001, 2005, 7007, 7008, 6000, 2004, 1005, 4005, 1, 8009, 8, 4004, 8005, 2003, 2008, 7001, 5006]
[2, 4004, 7, 1002, 7009, 6005, 2005, 9000, 8006, 1009, 8, 8001, 9006, 6005, 4001, 3008, 9, 9000, 6, 4005, 6001, 2005, 7007, 7008, 6000, 2004, 1005, 4005, 1, 8009, 8, 4004, 8005, 2003, 2008, 7001, 5006, 6009]
---------------------------------------------------
|    | P  |@E  |    |    |    | K  | E  | PF | K  |
|~~~~|~~~~|....|....|....|~~~~|^^^^|^^^^|^^^^|^^^^|
---------------------------------------------------
|    |    | E  | H  |    | P  |    |    |    | F  |
|~~~~|####|^^^^|^^^^|^^^^|^^^^|^^^^|^^^^|^^^^|^^^^|
---------------------------------------------------
|    |    |    |    | P  | KT |    |    |    |    |
|####|####|####|####|^^^^|^^^^|^^^^|^^^^|^^^^|~~~~|
---------------------------------------------------
|    |    |    |    |    |    |    | H  | K  |    |
|....|####|####|####|****|****|^^^^|....|~~~~|~~~~|
---------------------------------------------------
|    | K  |    |    | E  | KP |    |    |    |    |
|....|^^^^|^^^^|^^^^|****|****|^^^^|....|~~~~|~~~~|
---------------------------------------------------
|    |    |    |    |    |    |    | H  |    | H  |
|....|****|****|****|****|****|####|####|####|~~~~|
---------------------------------------------------
| P  | K  |    |    |    | TF |    |    |    | H  |
|....|****|****|****|****|****|****|####|####|####|
---------------------------------------------------
| H  |    |    |    |    |    |    | K  | K  | T  |
|****|****|****|****|****|~~~~|****|****|~~~~|~~~~|
---------------------------------------------------
|    | F  |    |    | H  |    | F  |    |    | P  |
|....|....|****|****|~~~~|~~~~|~~~~|****|****|....|
---------------------------------------------------
| TK |    |    |    |    |    | F  |    |    |    |
|~~~~|....|****|****|****|~~~~|****|****|****|....|
---------------------------------------------------
[7002, 3004, 2001, 2007, 3007, 6008, 8005, 6004, 7009, 5004, 4001, 5008, 6, 6005, 6008, 7000, 6009, 8001, 5009, 3001, 5004, 7004, 2006, 3002, 9006, 3000, 5001, 7003, 4007, 5006, 9006, 8000]
bad
[7002, 3004, 2001, 2007, 3007, 6008, 8005, 6004, 7009, 5004, 4001, 5008, 6, 6005, 6008, 7000, 6009, 8001, 5009, 3001, 5004, 7004, 2006, 3002, 9006, 3000, 5001, 7003, 4007, 5006, 9006, 8000, 8]
[7002, 3004, 2001, 2007, 3007, 6008, 8005, 6004, 7009, 5004, 4001, 5008, 6, 6005, 6008, 7000, 6009, 8001, 5009, 3001, 5004, 7004, 2006, 3002, 9006, 3000, 5001, 7003, 4007, 5006, 9006, 8000, 8, 1002]
bad
bad
[7002, 3004, 2001, 2007, 3007, 6008, 8005, 6004, 7009, 5004, 4001, 5008, 6, 6005, 6008, 7000, 6009, 8001, 5009, 3001, 5004, 7004, 2006, 3002, 9006, 3000, 5001, 7003, 4007, 5006, 9006, 8000, 8, 1002, 0]
[7002, 3004, 2001, 2007, 3007, 6008, 8005, 6004, 7009, 5004, 4001, 5008, 6, 6005, 6008, 7000, 6009, 8001, 5009, 3001, 5004, 7004, 2006, 3002, 9006, 3000, 5001, 7003, 4007, 5006, 9006, 8000, 8, 1002, 0, 9004]
[7002, 3004, 2001, 2007, 3007, 6008, 8005, 6004, 7009, 5004, 4001, 5008, 6, 6005, 6008, 7000, 6009, 8001, 5009, 3001, 5004, 7004, 2006, 3002, 9006, 3000, 5001, 7003, 4007, 5006, 9006, 8000, 8, 1002, 0, 9004, 7006]
[7002, 3004, 2001, 2007, 3007, 6008, 8005, 6004, 7009, 5004, 4001, 5008, 6, 6005, 6008, 7000, 6009, 8001, 5009, 3001, 5004, 7004, 2006, 3002, 9006, 3000, 5001, 7003, 4007, 5006, 9006, 8000, 8, 1002, 0, 9004, 7006, 6002]
bad
---------------------------------------------------
|    |    |@H  |    | H  |    | F  |    |    |    |
|~~~~|~~~~|....|....|....|~~~~|^^^^|^^^^|^^^^|^^^^|
---------------------------------------------------
|    |    |    |    |    |    |    |    |    |    |
|~~~~|####|^^^^|^^^^|^^^^|^^^^|^^^^|^^^^|^^^^|^^^^|
---------------------------------------------------
|    | E  |    |    |    |    | K  | E  |    |    |
|####|####|####|####|^^^^|^^^^|^^^^|^^^^|^^^^|~~~~|
---------------------------------------------------
| P  | K  | K  |    | E  |    |    | T  |    |    |
|....|####|####|####|****|****|^^^^|....|~~~~|~~~~|
---------------------------------------------------
|    | F  |    |    |    |    |    | P  |    |    |
|....|^^^^|^^^^|^^^^|****|****|^^^^|....|~~~~|~~~~|
---------------------------------------------------
|    | P  |    |    | FK |    | P  |    | F  | K  |
|....|****|****|****|****|****|####|####|####|~~~~|
---------------------------------------------------
|    |    | H  |    | T  | F  |    | H  | TK | K  |
|....|****|****|****|****|****|****|####|####|####|
---------------------------------------------------
| K  | H  | E  | P  | K  |    |    |    |    | F  |
|****|****|****|****|****|~~~~|****|****|~~~~|~~~~|
---------------------------------------------------
|    | K  |    |    |    | T  |    |    |    |    |
|....|....|****|****|~~~~|~~~~|~~~~|****|****|....|
---------------------------------------------------
|    |    |    |    |    |    | PP |    | H  | H  |
|~~~~|....|****|****|****|~~~~|****|****|****|....|
---------------------------------------------------
[3006, 7008, 1, 5002, 2008, 3001, 7009, 3, 7006, 5008, 2007, 8003, 1000, 1, 6006, 7003, 2008, 7006, 4003, 4, 7001, 6001, 3008, 8, 8006, 9006, 3001, 2, 8007, 9006, 1006, 3]
[3006, 7008, 1, 5002, 2008, 3001, 7009, 3, 7006, 5008, 2007, 8003, 1000, 1, 6006, 7003, 2008, 7006, 4003, 4, 7001, 6001, 3008, 8, 8006, 9006, 3001, 2, 8007, 9006, 1006, 3, 7]
[3006, 7008, 1, 5002, 2008, 3001, 7009, 3, 7006, 5008, 2007, 8003, 1000, 1, 6006, 7003, 2008, 7006, 4003, 4, 7001, 6001, 3008, 8, 8006, 9006, 3001, 2, 8007, 9006, 1006, 3, 7, 8004]
[3006, 7008, 1, 5002, 2008, 3001, 7009, 3, 7006, 5008, 2007, 8003, 1000, 1, 6006, 7003, 2008, 7006, 4003, 4, 7001, 6001, 3008, 8, 8006, 9006, 3001, 2, 8007, 9006, 1006, 3, 7, 8004, 2003]
bad
[3006, 7008, 1, 5002, 2008, 3001, 7009, 3, 7006, 5008, 2007, 8003, 1000, 1, 6006, 7003, 2008, 7006, 4003, 4, 7001, 6001, 3008, 8, 8006, 9006, 3001, 2, 8007, 9006, 1006, 3, 7, 8004, 2003, 7009]
bad
[3006, 7008, 1, 5002, 2008, 3001, 7009, 3, 7006, 5008, 2007, 8003, 1000, 1, 6006, 7003, 2008, 7006, 4003, 4, 7001, 6001, 3008, 8, 8006, 9006, 3001, 2, 8007, 9006, 1006, 3, 7, 8004, 2003, 7009, 7]
[3006, 7008, 1, 5002, 2008, 3001, 7009, 3, 7006, 5008, 2007, 8003, 1000, 1, 6006, 7003, 2008, 7006, 4003, 4, 7001, 6001, 3008, 8, 8006, 9006, 3001, 2, 8007, 9006, 1006, 3, 7, 8004, 2003, 7009, 7, 7000]
---------------------------------------------------
|    | FE |@P  | T  | K  |    |    |    | K  |    |
|~~~~|~~~~|....|....|....|~~~~|^^^^|^^^^|^^^^|^^^^|
---------------------------------------------------
| F  |    |    |    |    |    | P  |    |    |    |
|~~~~|####|^^^^|^^^^|^^^^|^^^^|^^^^|^^^^|^^^^|^^^^|
---------------------------------------------------
|    |    |    |    |    |    |    | F  | KT |    |
|####|####|####|####|^^^^|^^^^|^^^^|^^^^|^^^^|~~~~|
---------------------------------------------------
|    | TP |    |    |    |    | E  |    | K  |    |
|....|####|####|####|****|****|^^^^|....|~~~~|~~~~|
---------------------------------------------------
| H  |    |    | K  |    |    |    |    |    |    |
|....|^^^^|^^^^|^^^^|****|****|^^^^|....|~~~~|~~~~|
---------------------------------------------------
|    | H  | E  |    |    |    |    | H  | F  |    |
|....|****|****|****|****|****|####|####|####|~~~~|
---------------------------------------------------
|    | K  |    |    | H  | H  | K  |    |    |    |
|....|****|****|****|****|****|****|####|####|####|
---------------------------------------------------
|    | K  |    | K  |    |    | FK |    | E  | T  |
|****|****|****|****|****|~~~~|****|****|~~~~|~~~~|
---------------------------------------------------
|    |    |    | F  |    |    | P  | P  |    |    |
|....|....|****|****|~~~~|~~~~|~~~~|****|****|....|
---------------------------------------------------
|    |    | H  | H  |    |    | PP |    |    |    |
|~~~~|....|****|****|****|~~~~|****|****|****|....|
---------------------------------------------------
[6002, 5000, 8007, 3, 2008, 7003, 5000, 7001, 2000, 4007, 5004, 4007, 2002, 9006, 2004, 9, 8001, 9000, 3001, 9008, 2006, 8008, 5005, 5002, 2, 7006, 9000, 1002, 5000, 2, 3005, 8008]
bad
[...]
---------------------------------------------------
|    | K  |@   |    |    | H  |    |    |    |    |
|~~~~|~~~~|....|....|....|~~~~|^^^^|^^^^|^^^^|^^^^|
---------------------------------------------------
| E  | T  |    |    | K  |    | TE | KF |    |    |
|~~~~|####|^^^^|^^^^|^^^^|^^^^|^^^^|^^^^|^^^^|^^^^|
---------------------------------------------------
|    |    | P  |    | H  |    | H  |    | E  |    |
|####|####|####|####|^^^^|^^^^|^^^^|^^^^|^^^^|~~~~|
---------------------------------------------------
|    |    |    |    |    |    |    |    | T  |    |
|....|####|####|####|****|****|^^^^|....|~~~~|~~~~|
---------------------------------------------------
| H  |    |    |    |    |    | K  |    |    |    |
|....|^^^^|^^^^|^^^^|****|****|^^^^|....|~~~~|~~~~|
---------------------------------------------------
|    | E  |    |    | K  |    |    | H  | FK |    |
|....|****|****|****|****|****|####|####|####|~~~~|
---------------------------------------------------
|    | H  | P  |    |    |    |    |    |    |    |
|....|****|****|****|****|****|****|####|####|####|
---------------------------------------------------
| F  | P  |    |    |    |    |    |    |    |    |
|****|****|****|****|****|~~~~|****|****|~~~~|~~~~|
---------------------------------------------------
| K  |    | KKP|    |    | T  |    | H  | P  |    |
|....|....|****|****|~~~~|~~~~|~~~~|****|****|....|
---------------------------------------------------
| PP |    | K  | FF |    |    |    |    |    | F  |
|~~~~|....|****|****|****|~~~~|****|****|****|....|
---------------------------------------------------
[2008, 8009, 9002, 9, 1007, 7, 6, 8009, 8004, 3004, 1001, 1003, 5, 7009, 1009, 5004, 3007, 9004, 9001, 1, 5006, 8003, 4006, 7001, 5003, 2000, 9002, 1002, 9002, 8003, 0, 6002]
bad
bad
[2008, 8009, 9002, 9, 1007, 7, 6, 8009, 8004, 3004, 1001, 1003, 5, 7009, 1009, 5004, 3007, 9004, 9001, 1, 5006, 8003, 4006, 7001, 5003, 2000, 9002, 1002, 9002, 8003, 0, 6002, 7002]
[2008, 8009, 9002, 9, 1007, 7, 6, 8009, 8004, 3004, 1001, 1003, 5, 7009, 1009, 5004, 3007, 9004, 9001, 1, 5006, 8003, 4006, 7001, 5003, 2000, 9002, 1002, 9002, 8003, 0, 6002, 7002, 6001]
bad
[2008, 8009, 9002, 9, 1007, 7, 6, 8009, 8004, 3004, 1001, 1003, 5, 7009, 1009, 5004, 3007, 9004, 9001, 1, 5006, 8003, 4006, 7001, 5003, 2000, 9002, 1002, 9002, 8003, 0, 6002, 7002, 6001, 4007]
[2008, 8009, 9002, 9, 1007, 7, 6, 8009, 8004, 3004, 1001, 1003, 5, 7009, 1009, 5004, 3007, 9004, 9001, 1, 5006, 8003, 4006, 7001, 5003, 2000, 9002, 1002, 9002, 8003, 0, 6002, 7002, 6001, 4007, 5004]
[2008, 8009, 9002, 9, 1007, 7, 6, 8009, 8004, 3004, 1001, 1003, 5, 7009, 1009, 5004, 3007, 9004, 9001, 1, 5006, 8003, 4006, 7001, 5003, 2000, 9002, 1002, 9002, 8003, 0, 6002, 7002, 6001, 4007, 5004, 4001]
[2008, 8009, 9002, 9, 1007, 7, 6, 8009, 8004, 3004, 1001, 1003, 5, 7009, 1009, 5004, 3007, 9004, 9001, 1, 5006, 8003, 4006, 7001, 5003, 2000, 9002, 1002, 9002, 8003, 0, 6002, 7002, 6001, 4007, 5004, 4001, 1003]
---------------------------------------------------
| P  | K  |@   |    | H  | F  | T  | T  |    | E  |
|~~~~|~~~~|....|....|....|~~~~|^^^^|^^^^|^^^^|^^^^|
---------------------------------------------------
|    | F  | P  | F  |    |    |    | T  | H  | K  |
|~~~~|####|^^^^|^^^^|^^^^|^^^^|^^^^|^^^^|^^^^|^^^^|
---------------------------------------------------
| P  |    |    |    | H  |    |    |    | E  |    |
|####|####|####|####|^^^^|^^^^|^^^^|^^^^|^^^^|~~~~|
---------------------------------------------------
|    |    |    |    | F  |    |    | K  |    |    |
|....|####|####|####|****|****|^^^^|....|~~~~|~~~~|
---------------------------------------------------
|    |    |    |    |    |    | K  |    |    |    |
|....|^^^^|^^^^|^^^^|****|****|^^^^|....|~~~~|~~~~|
---------------------------------------------------
|    |    |    | P  | K  |    | K  |    |    | H  |
|....|****|****|****|****|****|####|####|####|~~~~|
---------------------------------------------------
| H  |    |    |    |    |    |    |    | H  |    |
|....|****|****|****|****|****|****|####|####|####|
---------------------------------------------------
| H  | K  |    |    |    |    |    |    |    | F  |
|****|****|****|****|****|~~~~|****|****|~~~~|~~~~|
---------------------------------------------------
|    |    |    | KP | F  |    |    |    |    | ET |
|....|....|****|****|~~~~|~~~~|~~~~|****|****|....|
---------------------------------------------------
|    | K  | EPP|    | K  |    |    |    |    |    |
|~~~~|....|****|****|****|~~~~|****|****|****|....|
---------------------------------------------------
[0, 9006, 8006, 9009, 8001, 3007, 5006, 9000, 6005, 1006, 3008, 8005, 7003, 8008, 1009, 9003, 7007, 1006, 8003, 8000, 9008, 3004, 2008, 4003, 2006, 2000, 8, 8, 5, 5004, 9001, 6008]
[0, 9006, 8006, 9009, 8001, 3007, 5006, 9000, 6005, 1006, 3008, 8005, 7003, 8008, 1009, 9003, 7007, 1006, 8003, 8000, 9008, 3004, 2008, 4003, 2006, 2000, 8, 8, 5, 5004, 9001, 6008, 5002]
[0, 9006, 8006, 9009, 8001, 3007, 5006, 9000, 6005, 1006, 3008, 8005, 7003, 8008, 1009, 9003, 7007, 1006, 8003, 8000, 9008, 3004, 2008, 4003, 2006, 2000, 8, 8, 5, 5004, 9001, 6008, 5002, 3004]
bad
[0, 9006, 8006, 9009, 8001, 3007, 5006, 9000, 6005, 1006, 3008, 8005, 7003, 8008, 1009, 9003, 7007, 1006, 8003, 8000, 9008, 3004, 2008, 4003, 2006, 2000, 8, 8, 5, 5004, 9001, 6008, 5002, 3004, 4007]
[0, 9006, 8006, 9009, 8001, 3007, 5006, 9000, 6005, 1006, 3008, 8005, 7003, 8008, 1009, 9003, 7007, 1006, 8003, 8000, 9008, 3004, 2008, 4003, 2006, 2000, 8, 8, 5, 5004, 9001, 6008, 5002, 3004, 4007, 9004]
bad
[0, 9006, 8006, 9009, 8001, 3007, 5006, 9000, 6005, 1006, 3008, 8005, 7003, 8008, 1009, 9003, 7007, 1006, 8003, 8000, 9008, 3004, 2008, 4003, 2006, 2000, 8, 8, 5, 5004, 9001, 6008, 5002, 3004, 4007, 9004, 0]
bad
[0, 9006, 8006, 9009, 8001, 3007, 5006, 9000, 6005, 1006, 3008, 8005, 7003, 8008, 1009, 9003, 7007, 1006, 8003, 8000, 9008, 3004, 2008, 4003, 2006, 2000, 8, 8, 5, 5004, 9001, 6008, 5002, 3004, 4007, 9004, 0, 3007]
---------------------------------------------------
| E  |    |@   |    |    | P  |    |    | PP |    |
|~~~~|~~~~|....|....|....|~~~~|^^^^|^^^^|^^^^|^^^^|
---------------------------------------------------
|    |    |    | H  |    | H  | FK | H  |    | K  |
|~~~~|####|^^^^|^^^^|^^^^|^^^^|^^^^|^^^^|^^^^|^^^^|
---------------------------------------------------
| P  |    |    |    |    |    | P  |    | K  |    |
|####|####|####|####|^^^^|^^^^|^^^^|^^^^|^^^^|~~~~|
---------------------------------------------------
|    |    |    |    | K  |    |    | T  | F  |    |
|....|####|####|####|****|****|^^^^|....|~~~~|~~~~|
---------------------------------------------------
|    | H  |    | K  |    |    |    |    |    | H  |
|....|^^^^|^^^^|^^^^|****|****|^^^^|....|~~~~|~~~~|
---------------------------------------------------
|    |    |    |    | P  |    | T  |    |    | H  |
|....|****|****|****|****|****|####|####|####|~~~~|
---------------------------------------------------
|    |    |    |    |    | F  |    |    |    |    |
|....|****|****|****|****|****|****|####|####|####|
---------------------------------------------------
|    |    |    | F  |    |    |    | K  |    |    |
|****|****|****|****|****|~~~~|****|****|~~~~|~~~~|
---------------------------------------------------
| K  | T  |    | K  |    | F  | E  |    | F  |    |
|....|....|****|****|~~~~|~~~~|~~~~|****|****|....|
---------------------------------------------------
| T  | P  |    | K  |    |    | E  | H  | K  | E  |
|~~~~|....|****|****|****|~~~~|****|****|****|....|
---------------------------------------------------
[1009, 5003, 3008, 8005, 5008, 6006, 6001, 3003, 3003, 9, 7006, 3002, 2005, 7000, 5007, 1000, 2006, 7008, 4003, 7007, 4007, 5, 3009, 4009, 6009, 9007, 2009, 6009, 5008, 9007, 4, 2000]
[1009, 5003, 3008, 8005, 5008, 6006, 6001, 3003, 3003, 9, 7006, 3002, 2005, 7000, 5007, 1000, 2006, 7008, 4003, 7007, 4007, 5, 3009, 4009, 6009, 9007, 2009, 6009, 5008, 9007, 4, 2000, 9005]
bad
bad
bad
[1009, 5003, 3008, 8005, 5008, 6006, 6001, 3003, 3003, 9, 7006, 3002, 2005, 7000, 5007, 1000, 2006, 7008, 4003, 7007, 4007, 5, 3009, 4009, 6009, 9007, 2009, 6009, 5008, 9007, 4, 2000, 9005, 7003]
[1009, 5003, 3008, 8005, 5008, 6006, 6001, 3003, 3003, 9, 7006, 3002, 2005, 7000, 5007, 1000, 2006, 7008, 4003, 7007, 4007, 5, 3009, 4009, 6009, 9007, 2009, 6009, 5008, 9007, 4, 2000, 9005, 7003, 9001]
[1009, 5003, 3008, 8005, 5008, 6006, 6001, 3003, 3003, 9, 7006, 3002, 2005, 7000, 5007, 1000, 2006, 7008, 4003, 7007, 4007, 5, 3009, 4009, 6009, 9007, 2009, 6009, 5008, 9007, 4, 2000, 9005, 7003, 9001, 1005]
bad
bad
[1009, 5003, 3008, 8005, 5008, 6006, 6001, 3003, 3003, 9, 7006, 3002, 2005, 7000, 5007, 1000, 2006, 7008, 4003, 7007, 4007, 5, 3009, 4009, 6009, 9007, 2009, 6009, 5008, 9007, 4, 2000, 9005, 7003, 9001, 1005, 3007]
[1009, 5003, 3008, 8005, 5008, 6006, 6001, 3003, 3003, 9, 7006, 3002, 2005, 7000, 5007, 1000, 2006, 7008, 4003, 7007, 4007, 5, 3009, 4009, 6009, 9007, 2009, 6009, 5008, 9007, 4, 2000, 9005, 7003, 9001, 1005, 3007, 1005]
---------------------------------------------------
|    |    |@   |    | P  | K  |    |    |    | F  |
|~~~~|~~~~|....|....|....|~~~~|^^^^|^^^^|^^^^|^^^^|
---------------------------------------------------
| K  |    |    |    |    |    |    |    |    | E  |
|~~~~|####|^^^^|^^^^|^^^^|^^^^|^^^^|^^^^|^^^^|^^^^|
---------------------------------------------------
|    |    | H  |    | H  | F  | K  |    |    | P  |
|####|####|####|####|^^^^|^^^^|^^^^|^^^^|^^^^|~~~~|
---------------------------------------------------
|    |    | F  | TF |    |    |    |    | E  | K  |
|....|####|####|####|****|****|^^^^|....|~~~~|~~~~|
---------------------------------------------------
|    |    | H  | K  |    |    |    | K  |    | K  |
|....|^^^^|^^^^|^^^^|****|****|^^^^|....|~~~~|~~~~|
---------------------------------------------------
|    |    | H  | E  |    |    |    | K  | PT |    |
|....|****|****|****|****|****|####|####|####|~~~~|
---------------------------------------------------
|    | T  |    |    |    |    | T  |    |    | PP |
|....|****|****|****|****|****|****|####|####|####|
---------------------------------------------------
| F  | H  |    |    |    |    | F  | K  | K  | H  |
|****|****|****|****|****|~~~~|****|****|~~~~|~~~~|
---------------------------------------------------
|    |    |    | H  |    | E  |    |    |    |    |
|....|....|****|****|~~~~|~~~~|~~~~|****|****|....|
---------------------------------------------------
|    |    |    |    |    |    |    | PP |    |    |
|~~~~|....|****|****|****|~~~~|****|****|****|....|
---------------------------------------------------
[1007, 1005, 1001, 5006, 1009, 2002, 7, 4002, 3004, 6008, 5005, 2002, 4007, 3006, 6001, 8003, 4000, 6003, 7004, 1003, 8007, 1001, 4004, 7, 4002, 8009, 7000, 6009, 2009, 2003, 5004, 8]
bad
[1007, 1005, 1001, 5006, 1009, 2002, 7, 4002, 3004, 6008, 5005, 2002, 4007, 3006, 6001, 8003, 4000, 6003, 7004, 1003, 8007, 1001, 4004, 7, 4002, 8009, 7000, 6009, 2009, 2003, 5004, 8, 5004]
bad
[1007, 1005, 1001, 5006, 1009, 2002, 7, 4002, 3004, 6008, 5005, 2002, 4007, 3006, 6001, 8003, 4000, 6003, 7004, 1003, 8007, 1001, 4004, 7, 4002, 8009, 7000, 6009, 2009, 2003, 5004, 8, 5004, 0]
[1007, 1005, 1001, 5006, 1009, 2002, 7, 4002, 3004, 6008, 5005, 2002, 4007, 3006, 6001, 8003, 4000, 6003, 7004, 1003, 8007, 1001, 4004, 7, 4002, 8009, 7000, 6009, 2009, 2003, 5004, 8, 5004, 0, 1]
[1007, 1005, 1001, 5006, 1009, 2002, 7, 4002, 3004, 6008, 5005, 2002, 4007, 3006, 6001, 8003, 4000, 6003, 7004, 1003, 8007, 1001, 4004, 7, 4002, 8009, 7000, 6009, 2009, 2003, 5004, 8, 5004, 0, 1, 9003]
[1007, 1005, 1001, 5006, 1009, 2002, 7, 4002, 3004, 6008, 5005, 2002, 4007, 3006, 6001, 8003, 4000, 6003, 7004, 1003, 8007, 1001, 4004, 7, 4002, 8009, 7000, 6009, 2009, 2003, 5004, 8, 5004, 0, 1, 9003, 5009]
[1007, 1005, 1001, 5006, 1009, 2002, 7, 4002, 3004, 6008, 5005, 2002, 4007, 3006, 6001, 8003, 4000, 6003, 7004, 1003, 8007, 1001, 4004, 7, 4002, 8009, 7000, 6009, 2009, 2003, 5004, 8, 5004, 0, 1, 9003, 5009, 3004]
bad
---------------------------------------------------
|    |    |@   |    | HH |    | H  | TK |    |    |
|~~~~|~~~~|....|....|....|~~~~|^^^^|^^^^|^^^^|^^^^|
---------------------------------------------------
|    | EK | H  | K  |    | E  |    | E  |    | T  |
|~~~~|####|^^^^|^^^^|^^^^|^^^^|^^^^|^^^^|^^^^|^^^^|
---------------------------------------------------
|    |    | TF | P  |    |    |    |    |    | P  |
|####|####|####|####|^^^^|^^^^|^^^^|^^^^|^^^^|~~~~|
---------------------------------------------------
|    |    |    |    | F  |    | F  |    | H  |    |
|....|####|####|####|****|****|^^^^|....|~~~~|~~~~|
---------------------------------------------------
| K  |    | TP |    | K  |    |    | F  |    |    |
|....|^^^^|^^^^|^^^^|****|****|^^^^|....|~~~~|~~~~|
---------------------------------------------------
|    |    |    |    | P  | F  | E  |    |    |    |
|....|****|****|****|****|****|####|####|####|~~~~|
---------------------------------------------------
|    | K  |    | K  |    |    |    |    | F  | P  |
|....|****|****|****|****|****|****|####|####|####|
---------------------------------------------------
| P  |    |    |    | K  |    |    |    | H  |    |
|****|****|****|****|****|~~~~|****|****|~~~~|~~~~|
---------------------------------------------------
|    |    |    | K  |    |    |    | K  | H  | P  |
|....|....|****|****|~~~~|~~~~|~~~~|****|****|....|
---------------------------------------------------
|    |    |    |    |    |    |    |    |    |    |
|~~~~|....|****|****|****|~~~~|****|****|****|....|
---------------------------------------------------
[3004, 2000, 2004, 6001, 2003, 5007, 5009, 1004, 5002, 7002, 7009, 3005, 1006, 9002, 6002, 6009, 2006, 7, 4002, 8000, 8008, 7009, 4003, 3002, 4003, 7001, 7007, 6007, 5, 8003, 9003, 8005]
bad
[3004, 2000, 2004, 6001, 2003, 5007, 5009, 1004, 5002, 7002, 7009, 3005, 1006, 9002, 6002, 6009, 2006, 7, 4002, 8000, 8008, 7009, 4003, 3002, 4003, 7001, 7007, 6007, 5, 8003, 9003, 8005, 5007]
[3004, 2000, 2004, 6001, 2003, 5007, 5009, 1004, 5002, 7002, 7009, 3005, 1006, 9002, 6002, 6009, 2006, 7, 4002, 8000, 8008, 7009, 4003, 3002, 4003, 7001, 7007, 6007, 5, 8003, 9003, 8005, 5007, 1008]
[3004, 2000, 2004, 6001, 2003, 5007, 5009, 1004, 5002, 7002, 7009, 3005, 1006, 9002, 6002, 6009, 2006, 7, 4002, 8000, 8008, 7009, 4003, 3002, 4003, 7001, 7007, 6007, 5, 8003, 9003, 8005, 5007, 1008, 9006]
bad
[3004, 2000, 2004, 6001, 2003, 5007, 5009, 1004, 5002, 7002, 7009, 3005, 1006, 9002, 6002, 6009, 2006, 7, 4002, 8000, 8008, 7009, 4003, 3002, 4003, 7001, 7007, 6007, 5, 8003, 9003, 8005, 5007, 1008, 9006, 8009]
bad
[3004, 2000, 2004, 6001, 2003, 5007, 5009, 1004, 5002, 7002, 7009, 3005, 1006, 9002, 6002, 6009, 2006, 7, 4002, 8000, 8008, 7009, 4003, 3002, 4003, 7001, 7007, 6007, 5, 8003, 9003, 8005, 5007, 1008, 9006, 8009, 7008]
bad
[3004, 2000, 2004, 6001, 2003, 5007, 5009, 1004, 5002, 7002, 7009, 3005, 1006, 9002, 6002, 6009, 2006, 7, 4002, 8000, 8008, 7009, 4003, 3002, 4003, 7001, 7007, 6007, 5, 8003, 9003, 8005, 5007, 1008, 9006, 8009, 7008, 3003]
---------------------------------------------------
|    |    |@   |    |    | P  |    | K  |    |    |
|~~~~|~~~~|....|....|....|~~~~|^^^^|^^^^|^^^^|^^^^|
---------------------------------------------------
|    |    |    | H  | T  | H  | F  |    |    |    |
|~~~~|####|^^^^|^^^^|^^^^|^^^^|^^^^|^^^^|^^^^|^^^^|
---------------------------------------------------
| E  | H  |    | T  | E  |    | K  |    |    |    |
|####|####|####|####|^^^^|^^^^|^^^^|^^^^|^^^^|~~~~|
---------------------------------------------------
|    |    | K  |    | E  | F  | H  |    |    | H  |
|....|####|####|####|****|****|^^^^|....|~~~~|~~~~|
---------------------------------------------------
|    |    | K  | PK |    |    |    |    |    |    |
|....|^^^^|^^^^|^^^^|****|****|^^^^|....|~~~~|~~~~|
---------------------------------------------------
| H  |    | F  |    |    |    |    | T  |    | T  |
|....|****|****|****|****|****|####|####|####|~~~~|
---------------------------------------------------
|    | E  | K  |    |    |    |    | P  |    | K  |
|....|****|****|****|****|****|****|####|####|####|
---------------------------------------------------
|    | P  | F  |    |    |    |    | P  |    | FK |
|****|****|****|****|****|~~~~|****|****|~~~~|~~~~|
---------------------------------------------------
| K  |    |    | P  |    |    |    |    | K  |    |
|....|....|****|****|~~~~|~~~~|~~~~|****|****|....|
---------------------------------------------------
|    |    | F  | P  |    |    |    |    | H  |    |
|~~~~|....|****|****|****|~~~~|****|****|****|....|
---------------------------------------------------
[4000, 8003, 2002, 3001, 3006, 9001, 9003, 6002, 2002, 8004, 1004, 6, 7008, 5001, 6006, 3007, 1005, 7003, 9005, 2002, 6006, 5008, 3008, 8000, 7, 6007, 3008, 1005, 5007, 7003, 6003, 7004]
bad
[4000, 8003, 2002, 3001, 3006, 9001, 9003, 6002, 2002, 8004, 1004, 6, 7008, 5001, 6006, 3007, 1005, 7003, 9005, 2002, 6006, 5008, 3008, 8000, 7, 6007, 3008, 1005, 5007, 7003, 6003, 7004, 2009]
[4000, 8003, 2002, 3001, 3006, 9001, 9003, 6002, 2002, 8004, 1004, 6, 7008, 5001, 6006, 3007, 1005, 7003, 9005, 2002, 6006, 5008, 3008, 8000, 7, 6007, 3008, 1005, 5007, 7003, 6003, 7004, 2009, 3004]
[4000, 8003, 2002, 3001, 3006, 9001, 9003, 6002, 2002, 8004, 1004, 6, 7008, 5001, 6006, 3007, 1005, 7003, 9005, 2002, 6006, 5008, 3008, 8000, 7, 6007, 3008, 1005, 5007, 7003, 6003, 7004, 2009, 3004, 5004]
[4000, 8003, 2002, 3001, 3006, 9001, 9003, 6002, 2002, 8004, 1004, 6, 7008, 5001, 6006, 3007, 1005, 7003, 9005, 2002, 6006, 5008, 3008, 8000, 7, 6007, 3008, 1005, 5007, 7003, 6003, 7004, 2009, 3004, 5004, 4007]
[4000, 8003, 2002, 3001, 3006, 9001, 9003, 6002, 2002, 8004, 1004, 6, 7008, 5001, 6006, 3007, 1005, 7003, 9005, 2002, 6006, 5008, 3008, 8000, 7, 6007, 3008, 1005, 5007, 7003, 6003, 7004, 2009, 3004, 5004, 4007, 2003]
bad
[4000, 8003, 2002, 3001, 3006, 9001, 9003, 6002, 2002, 8004, 1004, 6, 7008, 5001, 6006, 3007, 1005, 7003, 9005, 2002, 6006, 5008, 3008, 8000, 7, 6007, 3008, 1005, 5007, 7003, 6003, 7004, 2009, 3004, 5004, 4007, 2003, 1001]
---------------------------------------------------
| H  |    |@   |    |    |    | F  | P  |    |    |
|~~~~|~~~~|....|....|....|~~~~|^^^^|^^^^|^^^^|^^^^|
---------------------------------------------------
| H  |    |    |    | F  | PK |    |    |    |    |
|~~~~|####|^^^^|^^^^|^^^^|^^^^|^^^^|^^^^|^^^^|^^^^|
---------------------------------------------------
|    |    | KFE|    |    |    |    |    |    |    |
|####|####|####|####|^^^^|^^^^|^^^^|^^^^|^^^^|~~~~|
---------------------------------------------------
|    | E  |    |    |    |    | T  | K  | PK |    |
|....|####|####|####|****|****|^^^^|....|~~~~|~~~~|
---------------------------------------------------
| E  |    |    | H  |    |    |    |    |    |    |
|....|^^^^|^^^^|^^^^|****|****|^^^^|....|~~~~|~~~~|
---------------------------------------------------
|    | F  |    |    |    |    |    | P  | K  |    |
|....|****|****|****|****|****|####|####|####|~~~~|
---------------------------------------------------
|    |    | T  | P  | H  | HH | KK | P  |    |    |
|....|****|****|****|****|****|****|####|####|####|
---------------------------------------------------
|    |    |    | KP |    |    |    |    | F  |    |
|****|****|****|****|****|~~~~|****|****|~~~~|~~~~|
---------------------------------------------------
| K  |    |    | E  | F  |    |    |    |    |    |
|....|....|****|****|~~~~|~~~~|~~~~|****|****|....|
---------------------------------------------------
| H  | T  |    | T  |    | K  |    |    |    |    |
|~~~~|....|****|****|****|~~~~|****|****|****|....|
---------------------------------------------------
]]></system-out>
  <system-err><![CDATA[]]></system-err>
</testsuite>
