<?xml version="1.0" encoding="UTF-8" ?>
<testsuite errors="0" failures="0" hostname="DESKTOP-NG34K0M" name="nz.ac.aut.ense701.gameModel.GameTest" skipped="0" tests="34" time="1.515" timestamp="2017-06-01T23:38:10">
  <properties>
[...]
</properties>
  <testcase classname="nz.ac.aut.ense701.gameModel.GameTest" name="testGetNumRows" time="0.025" />
  <testcase classname="nz.ac.aut.ense701.gameModel.GameTest" name="testCollectValid" time="0.022" />
  <testcase classname="nz.ac.aut.ense701.gameModel.GameTest" name="testPlayerMoveValidNoHazards" time="0.007" />
  <testcase classname="nz.ac.aut.ense701.gameModel.GameTest" name="testIsPlayerMovePossibleInvalidMove" time="0.094" />
  <testcase classname="nz.ac.aut.ense701.gameModel.GameTest" name="testCanUseFoodValid" time="0.005" />
  <testcase classname="nz.ac.aut.ense701.gameModel.GameTest" name="testCanUseToolNoTrap" time="0.095" />
  <testcase classname="nz.ac.aut.ense701.gameModel.GameTest" name="testPlayerMoveNonFatalHazardDead" time="0.004" />
  <testcase classname="nz.ac.aut.ense701.gameModel.GameTest" name="testUseItemTrapFinalPredator" time="0.096" />
  <testcase classname="nz.ac.aut.ense701.gameModel.GameTest" name="testUseItemBrokenTrap" time="0.094" />
  <testcase classname="nz.ac.aut.ense701.gameModel.GameTest" name="testGetNumColumns" time="0.002" />
  <testcase classname="nz.ac.aut.ense701.gameModel.GameTest" name="testPlayerMoveFatalHazard" time="0.095" />
  <testcase classname="nz.ac.aut.ense701.gameModel.GameTest" name="testPlayerMoveDeadPlayer" time="0.003" />
  <testcase classname="nz.ac.aut.ense701.gameModel.GameTest" name="testPlayerMoveToInvalidPosition" time="0.1" />
  <testcase classname="nz.ac.aut.ense701.gameModel.GameTest" name="testCanUseTrapNoPredator" time="0.002" />
  <testcase classname="nz.ac.aut.ense701.gameModel.GameTest" name="testDropValid" time="0.098" />
  <testcase classname="nz.ac.aut.ense701.gameModel.GameTest" name="testGetKiwiCountInitial" time="0.002" />
  <testcase classname="nz.ac.aut.ense701.gameModel.GameTest" name="testIsPlayerMovePossibleValidMove" time="0.103" />
  <testcase classname="nz.ac.aut.ense701.gameModel.GameTest" name="testCanCollectNotCollectable" time="0.007" />
  <testcase classname="nz.ac.aut.ense701.gameModel.GameTest" name="testCanUseToolTrapNotBroken" time="0.004" />
  <testcase classname="nz.ac.aut.ense701.gameModel.GameTest" name="testUseItemToolFixTrap" time="0.094" />
  <testcase classname="nz.ac.aut.ense701.gameModel.GameTest" name="testCanCollectCollectable" time="0.005" />
  <testcase classname="nz.ac.aut.ense701.gameModel.GameTest" name="testGetInitialState" time="0.005" />
  <testcase classname="nz.ac.aut.ense701.gameModel.GameTest" name="testUseItemFoodCausesIncrease" time="0.004" />
  <testcase classname="nz.ac.aut.ense701.gameModel.GameTest" name="testPlayerMoveNotEnoughStamina" time="0.094" />
  <testcase classname="nz.ac.aut.ense701.gameModel.GameTest" name="testUseItemFoodNoIncrease" time="0.004" />
  <testcase classname="nz.ac.aut.ense701.gameModel.GameTest" name="testGetPlayerValues" time="0.004" />
  <testcase classname="nz.ac.aut.ense701.gameModel.GameTest" name="testCanUseTrapValid" time="0.095" />
  <testcase classname="nz.ac.aut.ense701.gameModel.GameTest" name="testGetPlayer" time="0.005" />
  <testcase classname="nz.ac.aut.ense701.gameModel.GameTest" name="testCollectNotCollectable" time="0.099" />
  <testcase classname="nz.ac.aut.ense701.gameModel.GameTest" name="testUseItemTrap" time="0.007" />
  <testcase classname="nz.ac.aut.ense701.gameModel.GameTest" name="testDropNotValidPositionFull" time="0.006" />
  <testcase classname="nz.ac.aut.ense701.gameModel.GameTest" name="testCountKiwi" time="0.099" />
  <testcase classname="nz.ac.aut.ense701.gameModel.GameTest" name="testCanUseTool" time="0.009" />
  <testcase classname="nz.ac.aut.ense701.gameModel.GameTest" name="testPlayerMoveNonFatalHazardNotDead" time="0.007" />
  <system-out><![CDATA[---------------------------------------------------
| T  | P  |@   |    |    |    |    | KH |    | K  |
|~~~~|~~~~|....|....|....|~~~~|^^^^|^^^^|^^^^|^^^^|
---------------------------------------------------
| H  |    |    | K  |    | P  |    |    | PK |    |
|~~~~|####|^^^^|^^^^|^^^^|^^^^|^^^^|^^^^|^^^^|^^^^|
---------------------------------------------------
|    |    |    | K  |    | P  | P  | FE |    |    |
|####|####|####|####|^^^^|^^^^|^^^^|^^^^|^^^^|~~~~|
---------------------------------------------------
| K  |    |    | H  |    |    | H  |    |    |    |
|....|####|####|####|****|****|^^^^|....|~~~~|~~~~|
---------------------------------------------------
|    |    |    |    | H  | T  | T  |    |    |    |
|....|^^^^|^^^^|^^^^|****|****|^^^^|....|~~~~|~~~~|
---------------------------------------------------
|    |    |    |    |    |    |    |    |    |    |
|....|****|****|****|****|****|####|####|####|~~~~|
---------------------------------------------------
|    | H  | K  |    | F  | F  |    | E  |    |    |
|....|****|****|****|****|****|****|####|####|####|
---------------------------------------------------
| P  |    |    |    |    | K  |    |    | H  |    |
|****|****|****|****|****|~~~~|****|****|~~~~|~~~~|
---------------------------------------------------
| E  |    | K  |    | E  | T  | F  | KP | F  |    |
|....|....|****|****|~~~~|~~~~|~~~~|****|****|....|
---------------------------------------------------
|    |    | F  |    |    |    |    |    |    |    |
|~~~~|....|****|****|****|~~~~|****|****|****|....|
---------------------------------------------------
---------------------------------------------------
|    |    |@   | F  | T  |    |    | PK |    |    |
|~~~~|~~~~|....|....|....|~~~~|^^^^|^^^^|^^^^|^^^^|
---------------------------------------------------
|    |    |    |    | H  |    |    |    |    |    |
|~~~~|####|^^^^|^^^^|^^^^|^^^^|^^^^|^^^^|^^^^|^^^^|
---------------------------------------------------
|    |    | H  |    | E  |    | P  |    | K  |    |
|####|####|####|####|^^^^|^^^^|^^^^|^^^^|^^^^|~~~~|
---------------------------------------------------
| T  |    |    |    | P  | H  |    |    |    |    |
|....|####|####|####|****|****|^^^^|....|~~~~|~~~~|
---------------------------------------------------
| F  | P  |    |    |    |    | F  |    |    |    |
|....|^^^^|^^^^|^^^^|****|****|^^^^|....|~~~~|~~~~|
---------------------------------------------------
| H  |    | P  | T  | E  |    |    |    |    |    |
|....|****|****|****|****|****|####|####|####|~~~~|
---------------------------------------------------
|    |    | K  |    | P  | H  | K  | E  | F  |    |
|....|****|****|****|****|****|****|####|####|####|
---------------------------------------------------
| K  |    |    | F  | H  |    | H  | K  | T  |    |
|****|****|****|****|****|~~~~|****|****|~~~~|~~~~|
---------------------------------------------------
|    |    | E  | K  |    |    |    |    | F  |    |
|....|....|****|****|~~~~|~~~~|~~~~|****|****|....|
---------------------------------------------------
|    |    |    | K  | K  |    | K  | P  |    |    |
|~~~~|....|****|****|****|~~~~|****|****|****|....|
---------------------------------------------------
---------------------------------------------------
| F  | H  |@   |    |    |    |    | PK |    | F  |
|~~~~|~~~~|....|....|....|~~~~|^^^^|^^^^|^^^^|^^^^|
---------------------------------------------------
| PE |    |    |    |    | FF |    |    |    |    |
|~~~~|####|^^^^|^^^^|^^^^|^^^^|^^^^|^^^^|^^^^|^^^^|
---------------------------------------------------
|    | E  |    | E  |    |    |    |    | H  |    |
|####|####|####|####|^^^^|^^^^|^^^^|^^^^|^^^^|~~~~|
---------------------------------------------------
|    |    | EPF|    |    | P  | KK |    |    |    |
|....|####|####|####|****|****|^^^^|....|~~~~|~~~~|
---------------------------------------------------
|    |    |    |    |    |    |    |    | K  |    |
|....|^^^^|^^^^|^^^^|****|****|^^^^|....|~~~~|~~~~|
---------------------------------------------------
|    | P  |    |    |    | K  |    |    |    |    |
|....|****|****|****|****|****|####|####|####|~~~~|
---------------------------------------------------
|    |    |    | K  | T  |    | K  | F  | H  | H  |
|....|****|****|****|****|****|****|####|####|####|
---------------------------------------------------
|    |    |    |    | H  | P  |    |    |    | K  |
|****|****|****|****|****|~~~~|****|****|~~~~|~~~~|
---------------------------------------------------
|    | H  | T  |    |    |    |    | K  |    | K  |
|....|....|****|****|~~~~|~~~~|~~~~|****|****|....|
---------------------------------------------------
|    |    | T  | P  |    | H  | T  |    |    |    |
|~~~~|....|****|****|****|~~~~|****|****|****|....|
---------------------------------------------------
---------------------------------------------------
|    |    |@   | F  | T  |    |    | KP |    |    |
|~~~~|~~~~|....|....|....|~~~~|^^^^|^^^^|^^^^|^^^^|
---------------------------------------------------
|    |    |    |    | H  |    |    |    |    |    |
|~~~~|####|^^^^|^^^^|^^^^|^^^^|^^^^|^^^^|^^^^|^^^^|
---------------------------------------------------
|    |    | H  |    | E  |    | P  |    | K  |    |
|####|####|####|####|^^^^|^^^^|^^^^|^^^^|^^^^|~~~~|
---------------------------------------------------
| T  |    |    |    | P  | H  |    |    |    |    |
|....|####|####|####|****|****|^^^^|....|~~~~|~~~~|
---------------------------------------------------
| F  | P  |    |    |    |    | F  |    |    |    |
|....|^^^^|^^^^|^^^^|****|****|^^^^|....|~~~~|~~~~|
---------------------------------------------------
| H  |    | P  | T  | E  |    |    |    |    |    |
|....|****|****|****|****|****|####|####|####|~~~~|
---------------------------------------------------
|    |    | K  |    | P  | H  | K  | E  | F  |    |
|....|****|****|****|****|****|****|####|####|####|
---------------------------------------------------
| K  |    |    | F  | H  |    | H  | K  | T  |    |
|****|****|****|****|****|~~~~|****|****|~~~~|~~~~|
---------------------------------------------------
|    |    | E  | K  |    |    |    |    | F  |    |
|....|....|****|****|~~~~|~~~~|~~~~|****|****|....|
---------------------------------------------------
|    |    |    | K  | K  |    | K  | P  |    |    |
|~~~~|....|****|****|****|~~~~|****|****|****|....|
---------------------------------------------------
---------------------------------------------------
|    |    |@   | K  |    |    |    | HK | E  | K  |
|~~~~|~~~~|....|....|....|~~~~|^^^^|^^^^|^^^^|^^^^|
---------------------------------------------------
|    |    |    |    | H  |    | E  | E  |    |    |
|~~~~|####|^^^^|^^^^|^^^^|^^^^|^^^^|^^^^|^^^^|^^^^|
---------------------------------------------------
| F  |    |    |    | K  |    | E  | H  | H  | KF |
|####|####|####|####|^^^^|^^^^|^^^^|^^^^|^^^^|~~~~|
---------------------------------------------------
|    |    |    |    | P  |    |    |    |    |    |
|....|####|####|####|****|****|^^^^|....|~~~~|~~~~|
---------------------------------------------------
| K  | TPT|    |    | K  |    |    |    | FK | P  |
|....|^^^^|^^^^|^^^^|****|****|^^^^|....|~~~~|~~~~|
---------------------------------------------------
|    |    |    | P  |    |    | F  | P  |    |    |
|....|****|****|****|****|****|####|####|####|~~~~|
---------------------------------------------------
|    |    | FT |    |    |    |    |    |    | P  |
|....|****|****|****|****|****|****|####|####|####|
---------------------------------------------------
|    |    |    |    |    |    |    |    |    | P  |
|****|****|****|****|****|~~~~|****|****|~~~~|~~~~|
---------------------------------------------------
| H  |    |    |    | K  |    |    | H  | K  |    |
|....|....|****|****|~~~~|~~~~|~~~~|****|****|....|
---------------------------------------------------
| H  |    |    |    | F  |    |    |    | T  |    |
|~~~~|....|****|****|****|~~~~|****|****|****|....|
---------------------------------------------------
---------------------------------------------------
|    |    |@   | F  | T  |    |    | KP |    |    |
|~~~~|~~~~|....|....|....|~~~~|^^^^|^^^^|^^^^|^^^^|
---------------------------------------------------
|    |    |    |    | H  |    |    |    |    |    |
|~~~~|####|^^^^|^^^^|^^^^|^^^^|^^^^|^^^^|^^^^|^^^^|
---------------------------------------------------
|    |    | H  |    | E  |    | P  |    | K  |    |
|####|####|####|####|^^^^|^^^^|^^^^|^^^^|^^^^|~~~~|
---------------------------------------------------
| T  |    |    |    | P  | H  |    |    |    |    |
|....|####|####|####|****|****|^^^^|....|~~~~|~~~~|
---------------------------------------------------
| F  | P  |    |    |    |    | F  |    |    |    |
|....|^^^^|^^^^|^^^^|****|****|^^^^|....|~~~~|~~~~|
---------------------------------------------------
| H  |    | P  | T  | E  |    |    |    |    |    |
|....|****|****|****|****|****|####|####|####|~~~~|
---------------------------------------------------
|    |    | K  |    | P  | H  | K  | E  | F  |    |
|....|****|****|****|****|****|****|####|####|####|
---------------------------------------------------
| K  |    |    | F  | H  |    | H  | K  | T  |    |
|****|****|****|****|****|~~~~|****|****|~~~~|~~~~|
---------------------------------------------------
|    |    | E  | K  |    |    |    |    | F  |    |
|....|....|****|****|~~~~|~~~~|~~~~|****|****|....|
---------------------------------------------------
|    |    |    | K  | K  |    | K  | P  |    |    |
|~~~~|....|****|****|****|~~~~|****|****|****|....|
---------------------------------------------------
---------------------------------------------------
|    | P  |@   |    |    | E  |    | K  |    | E  |
|~~~~|~~~~|....|....|....|~~~~|^^^^|^^^^|^^^^|^^^^|
---------------------------------------------------
| K  |    |    |    |    |    |    |    |    |    |
|~~~~|####|^^^^|^^^^|^^^^|^^^^|^^^^|^^^^|^^^^|^^^^|
---------------------------------------------------
|    | H  | K  | H  | H  | K  | K  |    |    |    |
|####|####|####|####|^^^^|^^^^|^^^^|^^^^|^^^^|~~~~|
---------------------------------------------------
|    |    |    |    | F  | H  |    |    | TP | T  |
|....|####|####|####|****|****|^^^^|....|~~~~|~~~~|
---------------------------------------------------
|    | E  | T  | P  | K  | K  | KF |    |    | K  |
|....|^^^^|^^^^|^^^^|****|****|^^^^|....|~~~~|~~~~|
---------------------------------------------------
|    |    |    |    |    |    |    |    | TP |    |
|....|****|****|****|****|****|####|####|####|~~~~|
---------------------------------------------------
| H  |    | PF |    |    |    |    |    |    |    |
|....|****|****|****|****|****|****|####|####|####|
---------------------------------------------------
| H  | H  |    |    | E  |    |    |    | P  |    |
|****|****|****|****|****|~~~~|****|****|~~~~|~~~~|
---------------------------------------------------
|    | P  |    |    | F  | F  |    |    |    |    |
|....|....|****|****|~~~~|~~~~|~~~~|****|****|....|
---------------------------------------------------
|    |    |    | F  |    |    |    | K  |    |    |
|~~~~|....|****|****|****|~~~~|****|****|****|....|
---------------------------------------------------
---------------------------------------------------
|    |    |@   | F  | T  |    |    | PK |    |    |
|~~~~|~~~~|....|....|....|~~~~|^^^^|^^^^|^^^^|^^^^|
---------------------------------------------------
|    |    |    |    | H  |    |    |    |    |    |
|~~~~|####|^^^^|^^^^|^^^^|^^^^|^^^^|^^^^|^^^^|^^^^|
---------------------------------------------------
|    |    | H  |    | E  |    | P  |    | K  |    |
|####|####|####|####|^^^^|^^^^|^^^^|^^^^|^^^^|~~~~|
---------------------------------------------------
| T  |    |    |    | P  | H  |    |    |    |    |
|....|####|####|####|****|****|^^^^|....|~~~~|~~~~|
---------------------------------------------------
| F  | P  |    |    |    |    | F  |    |    |    |
|....|^^^^|^^^^|^^^^|****|****|^^^^|....|~~~~|~~~~|
---------------------------------------------------
| H  |    | P  | T  | E  |    |    |    |    |    |
|....|****|****|****|****|****|####|####|####|~~~~|
---------------------------------------------------
|    |    | K  |    | P  | H  | K  | E  | F  |    |
|....|****|****|****|****|****|****|####|####|####|
---------------------------------------------------
| K  |    |    | F  | H  |    | H  | K  | T  |    |
|****|****|****|****|****|~~~~|****|****|~~~~|~~~~|
---------------------------------------------------
|    |    | E  | K  |    |    |    |    | F  |    |
|....|....|****|****|~~~~|~~~~|~~~~|****|****|....|
---------------------------------------------------
|    |    |    | K  | K  |    | K  | P  |    |    |
|~~~~|....|****|****|****|~~~~|****|****|****|....|
---------------------------------------------------
---------------------------------------------------
| H  | T  |@   |    |    |    |    | K  |    | H  |
|~~~~|~~~~|....|....|....|~~~~|^^^^|^^^^|^^^^|^^^^|
---------------------------------------------------
|    |    | E  | K  |    |    |    |    |    |    |
|~~~~|####|^^^^|^^^^|^^^^|^^^^|^^^^|^^^^|^^^^|^^^^|
---------------------------------------------------
|    |    |    |    | H  |    |    |    |    |    |
|####|####|####|####|^^^^|^^^^|^^^^|^^^^|^^^^|~~~~|
---------------------------------------------------
| P  | F  |    |    |    |    | K  | F  | K  | K  |
|....|####|####|####|****|****|^^^^|....|~~~~|~~~~|
---------------------------------------------------
|    | F  |    | H  | K  | H  |    |    | P  |    |
|....|^^^^|^^^^|^^^^|****|****|^^^^|....|~~~~|~~~~|
---------------------------------------------------
|    |    |    | P  | T  | KK |    | E  | P  | P  |
|....|****|****|****|****|****|####|####|####|~~~~|
---------------------------------------------------
|    |    |    |    |    |    |    |    |    |    |
|....|****|****|****|****|****|****|####|####|####|
---------------------------------------------------
|    |    | E  | F  |    |    |    |    | P  |    |
|****|****|****|****|****|~~~~|****|****|~~~~|~~~~|
---------------------------------------------------
|    |    |    | E  |    | TT |    | F  | K  | P  |
|....|....|****|****|~~~~|~~~~|~~~~|****|****|....|
---------------------------------------------------
|    | F  | H  | H  |    |    | K  |    |    |    |
|~~~~|....|****|****|****|~~~~|****|****|****|....|
---------------------------------------------------
---------------------------------------------------
|    |    |@   | F  | T  |    |    | KP |    |    |
|~~~~|~~~~|....|....|....|~~~~|^^^^|^^^^|^^^^|^^^^|
---------------------------------------------------
|    |    |    |    | H  |    |    |    |    |    |
|~~~~|####|^^^^|^^^^|^^^^|^^^^|^^^^|^^^^|^^^^|^^^^|
---------------------------------------------------
|    |    | H  |    | E  |    | P  |    | K  |    |
|####|####|####|####|^^^^|^^^^|^^^^|^^^^|^^^^|~~~~|
---------------------------------------------------
| T  |    |    |    | P  | H  |    |    |    |    |
|....|####|####|####|****|****|^^^^|....|~~~~|~~~~|
---------------------------------------------------
| F  | P  |    |    |    |    | F  |    |    |    |
|....|^^^^|^^^^|^^^^|****|****|^^^^|....|~~~~|~~~~|
---------------------------------------------------
| H  |    | P  | T  | E  |    |    |    |    |    |
|....|****|****|****|****|****|####|####|####|~~~~|
---------------------------------------------------
|    |    | K  |    | P  | H  | K  | E  | F  |    |
|....|****|****|****|****|****|****|####|####|####|
---------------------------------------------------
| K  |    |    | F  | H  |    | H  | K  | T  |    |
|****|****|****|****|****|~~~~|****|****|~~~~|~~~~|
---------------------------------------------------
|    |    | E  | K  |    |    |    |    | F  |    |
|....|....|****|****|~~~~|~~~~|~~~~|****|****|....|
---------------------------------------------------
|    |    |    | K  | K  |    | K  | P  |    |    |
|~~~~|....|****|****|****|~~~~|****|****|****|....|
---------------------------------------------------
---------------------------------------------------
|    |    |@   |    |    |    |    | K  | H  |    |
|~~~~|~~~~|....|....|....|~~~~|^^^^|^^^^|^^^^|^^^^|
---------------------------------------------------
| H  |    |    | H  |    |    |    | E  | T  | F  |
|~~~~|####|^^^^|^^^^|^^^^|^^^^|^^^^|^^^^|^^^^|^^^^|
---------------------------------------------------
| H  |    |    |    |    |    |    | P  | T  |    |
|####|####|####|####|^^^^|^^^^|^^^^|^^^^|^^^^|~~~~|
---------------------------------------------------
| P  | K  |    |    | P  |    |    | H  |    |    |
|....|####|####|####|****|****|^^^^|....|~~~~|~~~~|
---------------------------------------------------
|    |    | EP |    |    |    |    | F  |    |    |
|....|^^^^|^^^^|^^^^|****|****|^^^^|....|~~~~|~~~~|
---------------------------------------------------
|    | K  |    |    | H  |    |    |    | KE | T  |
|....|****|****|****|****|****|####|####|####|~~~~|
---------------------------------------------------
|    | F  |    |    |    |    |    |    | F  |    |
|....|****|****|****|****|****|****|####|####|####|
---------------------------------------------------
|    |    |    |    | E  |    | K  |    |    | P  |
|****|****|****|****|****|~~~~|****|****|~~~~|~~~~|
---------------------------------------------------
|    |    |    | K  |    | K  |    |    |    | K  |
|....|....|****|****|~~~~|~~~~|~~~~|****|****|....|
---------------------------------------------------
| P  | K  |    | K  | H  | T  | FP |    | F  |    |
|~~~~|....|****|****|****|~~~~|****|****|****|....|
---------------------------------------------------
---------------------------------------------------
|    |    |@   | F  | T  |    |    | PK |    |    |
|~~~~|~~~~|....|....|....|~~~~|^^^^|^^^^|^^^^|^^^^|
---------------------------------------------------
|    |    |    |    | H  |    |    |    |    |    |
|~~~~|####|^^^^|^^^^|^^^^|^^^^|^^^^|^^^^|^^^^|^^^^|
---------------------------------------------------
|    |    | H  |    | E  |    | P  |    | K  |    |
|####|####|####|####|^^^^|^^^^|^^^^|^^^^|^^^^|~~~~|
---------------------------------------------------
| T  |    |    |    | P  | H  |    |    |    |    |
|....|####|####|####|****|****|^^^^|....|~~~~|~~~~|
---------------------------------------------------
| F  | P  |    |    |    |    | F  |    |    |    |
|....|^^^^|^^^^|^^^^|****|****|^^^^|....|~~~~|~~~~|
---------------------------------------------------
| H  |    | P  | T  | E  |    |    |    |    |    |
|....|****|****|****|****|****|####|####|####|~~~~|
---------------------------------------------------
|    |    | K  |    | P  | H  | K  | E  | F  |    |
|....|****|****|****|****|****|****|####|####|####|
---------------------------------------------------
| K  |    |    | F  | H  |    | H  | K  | T  |    |
|****|****|****|****|****|~~~~|****|****|~~~~|~~~~|
---------------------------------------------------
|    |    | E  | K  |    |    |    |    | F  |    |
|....|....|****|****|~~~~|~~~~|~~~~|****|****|....|
---------------------------------------------------
|    |    |    | K  | K  |    | K  | P  |    |    |
|~~~~|....|****|****|****|~~~~|****|****|****|....|
---------------------------------------------------
---------------------------------------------------
|    |    |@   |    |    |    |    | K  |    |    |
|~~~~|~~~~|....|....|....|~~~~|^^^^|^^^^|^^^^|^^^^|
---------------------------------------------------
|    | E  |    | TT |    |    | PP |    | P  |    |
|~~~~|####|^^^^|^^^^|^^^^|^^^^|^^^^|^^^^|^^^^|^^^^|
---------------------------------------------------
|    | K  |    | H  | K  | E  |    |    |    |    |
|####|####|####|####|^^^^|^^^^|^^^^|^^^^|^^^^|~~~~|
---------------------------------------------------
| E  | H  |    |    |    |    | F  |    |    |    |
|....|####|####|####|****|****|^^^^|....|~~~~|~~~~|
---------------------------------------------------
| H  |    | F  |    | T  |    |    |    |    |    |
|....|^^^^|^^^^|^^^^|****|****|^^^^|....|~~~~|~~~~|
---------------------------------------------------
|    |    |    |    | K  | PF | K  |    |    |    |
|....|****|****|****|****|****|####|####|####|~~~~|
---------------------------------------------------
| H  | F  |    | K  |    |    | FK |    | KF | T  |
|....|****|****|****|****|****|****|####|####|####|
---------------------------------------------------
|    |    | H  |    |    |    |    |    |    |    |
|****|****|****|****|****|~~~~|****|****|~~~~|~~~~|
---------------------------------------------------
|    |    | P  |    |    | PE |    | K  | H  |    |
|....|....|****|****|~~~~|~~~~|~~~~|****|****|....|
---------------------------------------------------
| H  |    | K  |    |    |    |    |    |    | P  |
|~~~~|....|****|****|****|~~~~|****|****|****|....|
---------------------------------------------------
---------------------------------------------------
|    |    |@   | F  | T  |    |    | PK |    |    |
|~~~~|~~~~|....|....|....|~~~~|^^^^|^^^^|^^^^|^^^^|
---------------------------------------------------
|    |    |    |    | H  |    |    |    |    |    |
|~~~~|####|^^^^|^^^^|^^^^|^^^^|^^^^|^^^^|^^^^|^^^^|
---------------------------------------------------
|    |    | H  |    | E  |    | P  |    | K  |    |
|####|####|####|####|^^^^|^^^^|^^^^|^^^^|^^^^|~~~~|
---------------------------------------------------
| T  |    |    |    | P  | H  |    |    |    |    |
|....|####|####|####|****|****|^^^^|....|~~~~|~~~~|
---------------------------------------------------
| F  | P  |    |    |    |    | F  |    |    |    |
|....|^^^^|^^^^|^^^^|****|****|^^^^|....|~~~~|~~~~|
---------------------------------------------------
| H  |    | P  | T  | E  |    |    |    |    |    |
|....|****|****|****|****|****|####|####|####|~~~~|
---------------------------------------------------
|    |    | K  |    | P  | H  | K  | E  | F  |    |
|....|****|****|****|****|****|****|####|####|####|
---------------------------------------------------
| K  |    |    | F  | H  |    | H  | K  | T  |    |
|****|****|****|****|****|~~~~|****|****|~~~~|~~~~|
---------------------------------------------------
|    |    | E  | K  |    |    |    |    | F  |    |
|....|....|****|****|~~~~|~~~~|~~~~|****|****|....|
---------------------------------------------------
|    |    |    | K  | K  |    | K  | P  |    |    |
|~~~~|....|****|****|****|~~~~|****|****|****|....|
---------------------------------------------------
---------------------------------------------------
|    |    |@   |    |    |    |    | K  |    |    |
|~~~~|~~~~|....|....|....|~~~~|^^^^|^^^^|^^^^|^^^^|
---------------------------------------------------
| K  |    | T  |    |    |    |    | P  | K  |    |
|~~~~|####|^^^^|^^^^|^^^^|^^^^|^^^^|^^^^|^^^^|^^^^|
---------------------------------------------------
|    |    | K  |    |    |    | F  |    |    | E  |
|####|####|####|####|^^^^|^^^^|^^^^|^^^^|^^^^|~~~~|
---------------------------------------------------
|    |    |    | KF | F  |    |    |    | H  |    |
|....|####|####|####|****|****|^^^^|....|~~~~|~~~~|
---------------------------------------------------
|    | EKP|    |    |    |    |    | F  |    |    |
|....|^^^^|^^^^|^^^^|****|****|^^^^|....|~~~~|~~~~|
---------------------------------------------------
| H  | F  |    | K  | F  |    |    | H  |    | P  |
|....|****|****|****|****|****|####|####|####|~~~~|
---------------------------------------------------
|    |    | H  |    |    | PTT|    |    |    | E  |
|....|****|****|****|****|****|****|####|####|####|
---------------------------------------------------
|    | P  |    |    |    | ET |    |    |    |    |
|****|****|****|****|****|~~~~|****|****|~~~~|~~~~|
---------------------------------------------------
| H  |    |    |    |    |    |    | KPK|    | H  |
|....|....|****|****|~~~~|~~~~|~~~~|****|****|....|
---------------------------------------------------
|    |    |    |    |    | H  | P  |    | K  |    |
|~~~~|....|****|****|****|~~~~|****|****|****|....|
---------------------------------------------------
---------------------------------------------------
|    |    |@   | F  | T  |    |    | KP |    |    |
|~~~~|~~~~|....|....|....|~~~~|^^^^|^^^^|^^^^|^^^^|
---------------------------------------------------
|    |    |    |    | H  |    |    |    |    |    |
|~~~~|####|^^^^|^^^^|^^^^|^^^^|^^^^|^^^^|^^^^|^^^^|
---------------------------------------------------
|    |    | H  |    | E  |    | P  |    | K  |    |
|####|####|####|####|^^^^|^^^^|^^^^|^^^^|^^^^|~~~~|
---------------------------------------------------
| T  |    |    |    | P  | H  |    |    |    |    |
|....|####|####|####|****|****|^^^^|....|~~~~|~~~~|
---------------------------------------------------
| F  | P  |    |    |    |    | F  |    |    |    |
|....|^^^^|^^^^|^^^^|****|****|^^^^|....|~~~~|~~~~|
---------------------------------------------------
| H  |    | P  | T  | E  |    |    |    |    |    |
|....|****|****|****|****|****|####|####|####|~~~~|
---------------------------------------------------
|    |    | K  |    | P  | H  | K  | E  | F  |    |
|....|****|****|****|****|****|****|####|####|####|
---------------------------------------------------
| K  |    |    | F  | H  |    | H  | K  | T  |    |
|****|****|****|****|****|~~~~|****|****|~~~~|~~~~|
---------------------------------------------------
|    |    | E  | K  |    |    |    |    | F  |    |
|....|....|****|****|~~~~|~~~~|~~~~|****|****|....|
---------------------------------------------------
|    |    |    | K  | K  |    | K  | P  |    |    |
|~~~~|....|****|****|****|~~~~|****|****|****|....|
---------------------------------------------------
---------------------------------------------------
|    |    |@   | F  | T  |    |    | KP |    |    |
|~~~~|~~~~|....|....|....|~~~~|^^^^|^^^^|^^^^|^^^^|
---------------------------------------------------
|    |    |    |    | H  |    |    |    |    |    |
|~~~~|####|^^^^|^^^^|^^^^|^^^^|^^^^|^^^^|^^^^|^^^^|
---------------------------------------------------
|    |    | H  |    | E  |    | P  |    | K  |    |
|####|####|####|####|^^^^|^^^^|^^^^|^^^^|^^^^|~~~~|
---------------------------------------------------
| T  |    |    |    | P  | H  |    |    |    |    |
|....|####|####|####|****|****|^^^^|....|~~~~|~~~~|
---------------------------------------------------
| F  | P  |    |    |    |    | F  |    |    |    |
|....|^^^^|^^^^|^^^^|****|****|^^^^|....|~~~~|~~~~|
---------------------------------------------------
| H  |    | P  | T  | E  |    |    |    |    |    |
|....|****|****|****|****|****|####|####|####|~~~~|
---------------------------------------------------
|    |    | K  |    | P  | H  | K  | E  | F  |    |
|....|****|****|****|****|****|****|####|####|####|
---------------------------------------------------
| K  |    |    | F  | H  |    | H  | K  | T  |    |
|****|****|****|****|****|~~~~|****|****|~~~~|~~~~|
---------------------------------------------------
|    |    | E  | K  |    |    |    |    | F  |    |
|....|....|****|****|~~~~|~~~~|~~~~|****|****|....|
---------------------------------------------------
|    |    |    | K  | K  |    | K  | P  |    |    |
|~~~~|....|****|****|****|~~~~|****|****|****|....|
---------------------------------------------------
---------------------------------------------------
| K  | EE |@   |    |    | H  | P  | K  |    |    |
|~~~~|~~~~|....|....|....|~~~~|^^^^|^^^^|^^^^|^^^^|
---------------------------------------------------
| H  |    |    |    |    |    |    |    |    | T  |
|~~~~|####|^^^^|^^^^|^^^^|^^^^|^^^^|^^^^|^^^^|^^^^|
---------------------------------------------------
|    |    |    | K  |    | P  | F  |    |    |    |
|####|####|####|####|^^^^|^^^^|^^^^|^^^^|^^^^|~~~~|
---------------------------------------------------
|    | K  |    |    | K  |    |    |    |    |    |
|....|####|####|####|****|****|^^^^|....|~~~~|~~~~|
---------------------------------------------------
|    | P  | FT | E  |    | H  |    |    |    | PP |
|....|^^^^|^^^^|^^^^|****|****|^^^^|....|~~~~|~~~~|
---------------------------------------------------
|    |    |    |    |    |    |    |    | F  |    |
|....|****|****|****|****|****|####|####|####|~~~~|
---------------------------------------------------
|    |    |    | T  | H  | H  |    |    |    | E  |
|....|****|****|****|****|****|****|####|####|####|
---------------------------------------------------
|    |    |    | K  |    | TP |    |    |    | P  |
|****|****|****|****|****|~~~~|****|****|~~~~|~~~~|
---------------------------------------------------
|    |    | K  |    | H  | F  |    |    |    | KF |
|....|....|****|****|~~~~|~~~~|~~~~|****|****|....|
---------------------------------------------------
| F  | H  |    |    |    |    |    | K  | K  |    |
|~~~~|....|****|****|****|~~~~|****|****|****|....|
---------------------------------------------------
---------------------------------------------------
|    |    |@   | F  | T  |    |    | KP |    |    |
|~~~~|~~~~|....|....|....|~~~~|^^^^|^^^^|^^^^|^^^^|
---------------------------------------------------
|    |    |    |    | H  |    |    |    |    |    |
|~~~~|####|^^^^|^^^^|^^^^|^^^^|^^^^|^^^^|^^^^|^^^^|
---------------------------------------------------
|    |    | H  |    | E  |    | P  |    | K  |    |
|####|####|####|####|^^^^|^^^^|^^^^|^^^^|^^^^|~~~~|
---------------------------------------------------
| T  |    |    |    | P  | H  |    |    |    |    |
|....|####|####|####|****|****|^^^^|....|~~~~|~~~~|
---------------------------------------------------
| F  | P  |    |    |    |    | F  |    |    |    |
|....|^^^^|^^^^|^^^^|****|****|^^^^|....|~~~~|~~~~|
---------------------------------------------------
| H  |    | P  | T  | E  |    |    |    |    |    |
|....|****|****|****|****|****|####|####|####|~~~~|
---------------------------------------------------
|    |    | K  |    | P  | H  | K  | E  | F  |    |
|....|****|****|****|****|****|****|####|####|####|
---------------------------------------------------
| K  |    |    | F  | H  |    | H  | K  | T  |    |
|****|****|****|****|****|~~~~|****|****|~~~~|~~~~|
---------------------------------------------------
|    |    | E  | K  |    |    |    |    | F  |    |
|....|....|****|****|~~~~|~~~~|~~~~|****|****|....|
---------------------------------------------------
|    |    |    | K  | K  |    | K  | P  |    |    |
|~~~~|....|****|****|****|~~~~|****|****|****|....|
---------------------------------------------------
---------------------------------------------------
| P  |    |@   |    |    | F  |    | K  |    |    |
|~~~~|~~~~|....|....|....|~~~~|^^^^|^^^^|^^^^|^^^^|
---------------------------------------------------
|    |    | P  |    | F  |    | T  | E  |    | H  |
|~~~~|####|^^^^|^^^^|^^^^|^^^^|^^^^|^^^^|^^^^|^^^^|
---------------------------------------------------
| H  |    |    | K  |    | KK |    |    |    |    |
|####|####|####|####|^^^^|^^^^|^^^^|^^^^|^^^^|~~~~|
---------------------------------------------------
| K  | H  | K  | K  | H  |    | P  |    |    |    |
|....|####|####|####|****|****|^^^^|....|~~~~|~~~~|
---------------------------------------------------
|    | H  |    | P  | EF |    |    |    | K  | E  |
|....|^^^^|^^^^|^^^^|****|****|^^^^|....|~~~~|~~~~|
---------------------------------------------------
|    | E  | T  | FT |    | P  | H  |    |    |    |
|....|****|****|****|****|****|####|####|####|~~~~|
---------------------------------------------------
|    |    |    |    |    |    |    |    | T  | F  |
|....|****|****|****|****|****|****|####|####|####|
---------------------------------------------------
|    |    |    | H  | P  |    |    |    |    |    |
|****|****|****|****|****|~~~~|****|****|~~~~|~~~~|
---------------------------------------------------
|    |    | K  |    |    | P  |    |    |    | K  |
|....|....|****|****|~~~~|~~~~|~~~~|****|****|....|
---------------------------------------------------
|    |    |    |    |    |    |    | F  |    |    |
|~~~~|....|****|****|****|~~~~|****|****|****|....|
---------------------------------------------------
---------------------------------------------------
|    |    |@   | F  | T  |    |    | KP |    |    |
|~~~~|~~~~|....|....|....|~~~~|^^^^|^^^^|^^^^|^^^^|
---------------------------------------------------
|    |    |    |    | H  |    |    |    |    |    |
|~~~~|####|^^^^|^^^^|^^^^|^^^^|^^^^|^^^^|^^^^|^^^^|
---------------------------------------------------
|    |    | H  |    | E  |    | P  |    | K  |    |
|####|####|####|####|^^^^|^^^^|^^^^|^^^^|^^^^|~~~~|
---------------------------------------------------
| T  |    |    |    | P  | H  |    |    |    |    |
|....|####|####|####|****|****|^^^^|....|~~~~|~~~~|
---------------------------------------------------
| F  | P  |    |    |    |    | F  |    |    |    |
|....|^^^^|^^^^|^^^^|****|****|^^^^|....|~~~~|~~~~|
---------------------------------------------------
| H  |    | P  | T  | E  |    |    |    |    |    |
|....|****|****|****|****|****|####|####|####|~~~~|
---------------------------------------------------
|    |    | K  |    | P  | H  | K  | E  | F  |    |
|....|****|****|****|****|****|****|####|####|####|
---------------------------------------------------
| K  |    |    | F  | H  |    | H  | K  | T  |    |
|****|****|****|****|****|~~~~|****|****|~~~~|~~~~|
---------------------------------------------------
|    |    | E  | K  |    |    |    |    | F  |    |
|....|....|****|****|~~~~|~~~~|~~~~|****|****|....|
---------------------------------------------------
|    |    |    | K  | K  |    | K  | P  |    |    |
|~~~~|....|****|****|****|~~~~|****|****|****|....|
---------------------------------------------------
---------------------------------------------------
| E  | E  |@   | K  | F  |    |    | K  |    |    |
|~~~~|~~~~|....|....|....|~~~~|^^^^|^^^^|^^^^|^^^^|
---------------------------------------------------
| TF |    | K  | P  |    | P  |    |    | F  |    |
|~~~~|####|^^^^|^^^^|^^^^|^^^^|^^^^|^^^^|^^^^|^^^^|
---------------------------------------------------
|    | P  | H  |    |    |    |    | K  |    |    |
|####|####|####|####|^^^^|^^^^|^^^^|^^^^|^^^^|~~~~|
---------------------------------------------------
| H  |    |    | H  | T  |    |    | F  |    | H  |
|....|####|####|####|****|****|^^^^|....|~~~~|~~~~|
---------------------------------------------------
|    |    |    | K  |    |    | F  | P  |    |    |
|....|^^^^|^^^^|^^^^|****|****|^^^^|....|~~~~|~~~~|
---------------------------------------------------
| PF | K  |    |    |    |    | E  |    |    |    |
|....|****|****|****|****|****|####|####|####|~~~~|
---------------------------------------------------
| H  |    | H  |    |    |    |    |    |    | K  |
|....|****|****|****|****|****|****|####|####|####|
---------------------------------------------------
| P  |    |    | K  |    |    |    | H  | K  |    |
|****|****|****|****|****|~~~~|****|****|~~~~|~~~~|
---------------------------------------------------
|    |    |    |    |    |    |    |    |    |    |
|....|....|****|****|~~~~|~~~~|~~~~|****|****|....|
---------------------------------------------------
| T  | T  |    | E  |    |    |    | K  | P  |    |
|~~~~|....|****|****|****|~~~~|****|****|****|....|
---------------------------------------------------
---------------------------------------------------
|    |    |@   | F  | T  |    |    | KP |    |    |
|~~~~|~~~~|....|....|....|~~~~|^^^^|^^^^|^^^^|^^^^|
---------------------------------------------------
|    |    |    |    | H  |    |    |    |    |    |
|~~~~|####|^^^^|^^^^|^^^^|^^^^|^^^^|^^^^|^^^^|^^^^|
---------------------------------------------------
|    |    | H  |    | E  |    | P  |    | K  |    |
|####|####|####|####|^^^^|^^^^|^^^^|^^^^|^^^^|~~~~|
---------------------------------------------------
| T  |    |    |    | P  | H  |    |    |    |    |
|....|####|####|####|****|****|^^^^|....|~~~~|~~~~|
---------------------------------------------------
| F  | P  |    |    |    |    | F  |    |    |    |
|....|^^^^|^^^^|^^^^|****|****|^^^^|....|~~~~|~~~~|
---------------------------------------------------
| H  |    | P  | T  | E  |    |    |    |    |    |
|....|****|****|****|****|****|####|####|####|~~~~|
---------------------------------------------------
|    |    | K  |    | P  | H  | K  | E  | F  |    |
|....|****|****|****|****|****|****|####|####|####|
---------------------------------------------------
| K  |    |    | F  | H  |    | H  | K  | T  |    |
|****|****|****|****|****|~~~~|****|****|~~~~|~~~~|
---------------------------------------------------
|    |    | E  | K  |    |    |    |    | F  |    |
|....|....|****|****|~~~~|~~~~|~~~~|****|****|....|
---------------------------------------------------
|    |    |    | K  | K  |    | K  | P  |    |    |
|~~~~|....|****|****|****|~~~~|****|****|****|....|
---------------------------------------------------
---------------------------------------------------
|    |    |@   | K  |    |    |    | K  |    |    |
|~~~~|~~~~|....|....|....|~~~~|^^^^|^^^^|^^^^|^^^^|
---------------------------------------------------
|    |    |    | F  | H  |    |    |    |    | H  |
|~~~~|####|^^^^|^^^^|^^^^|^^^^|^^^^|^^^^|^^^^|^^^^|
---------------------------------------------------
|    |    |    |    |    |    |    | K  | E  | K  |
|####|####|####|####|^^^^|^^^^|^^^^|^^^^|^^^^|~~~~|
---------------------------------------------------
| P  |    |    |    | E  |    | F  | P  |    | H  |
|....|####|####|####|****|****|^^^^|....|~~~~|~~~~|
---------------------------------------------------
|    |    |    |    | T  |    |    |    | F  | T  |
|....|^^^^|^^^^|^^^^|****|****|^^^^|....|~~~~|~~~~|
---------------------------------------------------
|    |    | H  |    |    | K  | F  | P  | K  |    |
|....|****|****|****|****|****|####|####|####|~~~~|
---------------------------------------------------
| P  |    |    | T  |    |    |    |    |    |    |
|....|****|****|****|****|****|****|####|####|####|
---------------------------------------------------
|    | H  |    | H  |    |    | F  |    |    | H  |
|****|****|****|****|****|~~~~|****|****|~~~~|~~~~|
---------------------------------------------------
|    |    | T  | F  |    | P  | K  | E  | K  |    |
|....|....|****|****|~~~~|~~~~|~~~~|****|****|....|
---------------------------------------------------
|    |    |    | K  | EP | P  |    | K  |    |    |
|~~~~|....|****|****|****|~~~~|****|****|****|....|
---------------------------------------------------
---------------------------------------------------
|    |    |@   | F  | T  |    |    | PK |    |    |
|~~~~|~~~~|....|....|....|~~~~|^^^^|^^^^|^^^^|^^^^|
---------------------------------------------------
|    |    |    |    | H  |    |    |    |    |    |
|~~~~|####|^^^^|^^^^|^^^^|^^^^|^^^^|^^^^|^^^^|^^^^|
---------------------------------------------------
|    |    | H  |    | E  |    | P  |    | K  |    |
|####|####|####|####|^^^^|^^^^|^^^^|^^^^|^^^^|~~~~|
---------------------------------------------------
| T  |    |    |    | P  | H  |    |    |    |    |
|....|####|####|####|****|****|^^^^|....|~~~~|~~~~|
---------------------------------------------------
| F  | P  |    |    |    |    | F  |    |    |    |
|....|^^^^|^^^^|^^^^|****|****|^^^^|....|~~~~|~~~~|
---------------------------------------------------
| H  |    | P  | T  | E  |    |    |    |    |    |
|....|****|****|****|****|****|####|####|####|~~~~|
---------------------------------------------------
|    |    | K  |    | P  | H  | K  | E  | F  |    |
|....|****|****|****|****|****|****|####|####|####|
---------------------------------------------------
| K  |    |    | F  | H  |    | H  | K  | T  |    |
|****|****|****|****|****|~~~~|****|****|~~~~|~~~~|
---------------------------------------------------
|    |    | E  | K  |    |    |    |    | F  |    |
|....|....|****|****|~~~~|~~~~|~~~~|****|****|....|
---------------------------------------------------
|    |    |    | K  | K  |    | K  | P  |    |    |
|~~~~|....|****|****|****|~~~~|****|****|****|....|
---------------------------------------------------
---------------------------------------------------
|    | TPK|@   |    |    |    |    | K  | H  | H  |
|~~~~|~~~~|....|....|....|~~~~|^^^^|^^^^|^^^^|^^^^|
---------------------------------------------------
|    |    | K  |    |    |    |    |    |    |    |
|~~~~|####|^^^^|^^^^|^^^^|^^^^|^^^^|^^^^|^^^^|^^^^|
---------------------------------------------------
|    | F  |    | F  |    |    |    |    |    |    |
|####|####|####|####|^^^^|^^^^|^^^^|^^^^|^^^^|~~~~|
---------------------------------------------------
|    |    |    |    | H  |    |    |    | F  |    |
|....|####|####|####|****|****|^^^^|....|~~~~|~~~~|
---------------------------------------------------
| H  | K  |    | K  |    |    | H  | F  |    | K  |
|....|^^^^|^^^^|^^^^|****|****|^^^^|....|~~~~|~~~~|
---------------------------------------------------
|    | F  |    |    |    |    | EP |    |    | KT |
|....|****|****|****|****|****|####|####|####|~~~~|
---------------------------------------------------
|    |    |    | K  |    |    | E  |    |    |    |
|....|****|****|****|****|****|****|####|####|####|
---------------------------------------------------
| TK |    |    |    | P  |    |    |    |    |    |
|****|****|****|****|****|~~~~|****|****|~~~~|~~~~|
---------------------------------------------------
|    | P  | E  | H  | KE |    |    |    | T  |    |
|....|....|****|****|~~~~|~~~~|~~~~|****|****|....|
---------------------------------------------------
|    |    |    |    | P  | P  |    | F  |    | H  |
|~~~~|....|****|****|****|~~~~|****|****|****|....|
---------------------------------------------------
---------------------------------------------------
|    |    |@   | F  | T  |    |    | PK |    |    |
|~~~~|~~~~|....|....|....|~~~~|^^^^|^^^^|^^^^|^^^^|
---------------------------------------------------
|    |    |    |    | H  |    |    |    |    |    |
|~~~~|####|^^^^|^^^^|^^^^|^^^^|^^^^|^^^^|^^^^|^^^^|
---------------------------------------------------
|    |    | H  |    | E  |    | P  |    | K  |    |
|####|####|####|####|^^^^|^^^^|^^^^|^^^^|^^^^|~~~~|
---------------------------------------------------
| T  |    |    |    | P  | H  |    |    |    |    |
|....|####|####|####|****|****|^^^^|....|~~~~|~~~~|
---------------------------------------------------
| F  | P  |    |    |    |    | F  |    |    |    |
|....|^^^^|^^^^|^^^^|****|****|^^^^|....|~~~~|~~~~|
---------------------------------------------------
| H  |    | P  | T  | E  |    |    |    |    |    |
|....|****|****|****|****|****|####|####|####|~~~~|
---------------------------------------------------
|    |    | K  |    | P  | H  | K  | E  | F  |    |
|....|****|****|****|****|****|****|####|####|####|
---------------------------------------------------
| K  |    |    | F  | H  |    | H  | K  | T  |    |
|****|****|****|****|****|~~~~|****|****|~~~~|~~~~|
---------------------------------------------------
|    |    | E  | K  |    |    |    |    | F  |    |
|....|....|****|****|~~~~|~~~~|~~~~|****|****|....|
---------------------------------------------------
|    |    |    | K  | K  |    | K  | P  |    |    |
|~~~~|....|****|****|****|~~~~|****|****|****|....|
---------------------------------------------------
---------------------------------------------------
|    |    |@   |    | H  |    |    | K  |    |    |
|~~~~|~~~~|....|....|....|~~~~|^^^^|^^^^|^^^^|^^^^|
---------------------------------------------------
|    |    |    | PK | P  |    | H  |    |    |    |
|~~~~|####|^^^^|^^^^|^^^^|^^^^|^^^^|^^^^|^^^^|^^^^|
---------------------------------------------------
|    |    |    |    |    |    | H  |    |    |    |
|####|####|####|####|^^^^|^^^^|^^^^|^^^^|^^^^|~~~~|
---------------------------------------------------
| K  |    | PK | H  |    |    | T  |    |    |    |
|....|####|####|####|****|****|^^^^|....|~~~~|~~~~|
---------------------------------------------------
| K  |    |    |    | F  |    | E  | H  |    | E  |
|....|^^^^|^^^^|^^^^|****|****|^^^^|....|~~~~|~~~~|
---------------------------------------------------
|    | F  | P  |    |    | FE |    |    |    |    |
|....|****|****|****|****|****|####|####|####|~~~~|
---------------------------------------------------
| T  |    |    |    | T  |    |    |    | T  |    |
|....|****|****|****|****|****|****|####|####|####|
---------------------------------------------------
|    |    |    | K  | H  | P  |    |    |    |    |
|****|****|****|****|****|~~~~|****|****|~~~~|~~~~|
---------------------------------------------------
|    | K  | F  |    | P  | K  | PF |    | K  | K  |
|....|....|****|****|~~~~|~~~~|~~~~|****|****|....|
---------------------------------------------------
|    |    |    |    |    |    | H  |    | EF |    |
|~~~~|....|****|****|****|~~~~|****|****|****|....|
---------------------------------------------------
---------------------------------------------------
|    |    |@   | F  | T  |    |    | KP |    |    |
|~~~~|~~~~|....|....|....|~~~~|^^^^|^^^^|^^^^|^^^^|
---------------------------------------------------
|    |    |    |    | H  |    |    |    |    |    |
|~~~~|####|^^^^|^^^^|^^^^|^^^^|^^^^|^^^^|^^^^|^^^^|
---------------------------------------------------
|    |    | H  |    | E  |    | P  |    | K  |    |
|####|####|####|####|^^^^|^^^^|^^^^|^^^^|^^^^|~~~~|
---------------------------------------------------
| T  |    |    |    | P  | H  |    |    |    |    |
|....|####|####|####|****|****|^^^^|....|~~~~|~~~~|
---------------------------------------------------
| F  | P  |    |    |    |    | F  |    |    |    |
|....|^^^^|^^^^|^^^^|****|****|^^^^|....|~~~~|~~~~|
---------------------------------------------------
| H  |    | P  | T  | E  |    |    |    |    |    |
|....|****|****|****|****|****|####|####|####|~~~~|
---------------------------------------------------
|    |    | K  |    | P  | H  | K  | E  | F  |    |
|....|****|****|****|****|****|****|####|####|####|
---------------------------------------------------
| K  |    |    | F  | H  |    | H  | K  | T  |    |
|****|****|****|****|****|~~~~|****|****|~~~~|~~~~|
---------------------------------------------------
|    |    | E  | K  |    |    |    |    | F  |    |
|....|....|****|****|~~~~|~~~~|~~~~|****|****|....|
---------------------------------------------------
|    |    |    | K  | K  |    | K  | P  |    |    |
|~~~~|....|****|****|****|~~~~|****|****|****|....|
---------------------------------------------------
---------------------------------------------------
|    | F  |@K  |    | PP | K  |    | K  |    |    |
|~~~~|~~~~|....|....|....|~~~~|^^^^|^^^^|^^^^|^^^^|
---------------------------------------------------
|    |    |    |    | K  | K  |    |    |    | H  |
|~~~~|####|^^^^|^^^^|^^^^|^^^^|^^^^|^^^^|^^^^|^^^^|
---------------------------------------------------
|    | F  |    |    |    | H  |    |    | H  |    |
|####|####|####|####|^^^^|^^^^|^^^^|^^^^|^^^^|~~~~|
---------------------------------------------------
| P  |    |    | K  | E  | P  |    |    | H  |    |
|....|####|####|####|****|****|^^^^|....|~~~~|~~~~|
---------------------------------------------------
| T  |    |    |    |    |    | E  | E  | F  | K  |
|....|^^^^|^^^^|^^^^|****|****|^^^^|....|~~~~|~~~~|
---------------------------------------------------
|    | H  |    |    |    |    |    |    | P  | F  |
|....|****|****|****|****|****|####|####|####|~~~~|
---------------------------------------------------
|    |    |    |    |    |    |    | T  |    | PF |
|....|****|****|****|****|****|****|####|####|####|
---------------------------------------------------
|    | H  |    |    | TK |    | K  |    | P  |    |
|****|****|****|****|****|~~~~|****|****|~~~~|~~~~|
---------------------------------------------------
|    |    |    |    | F  |    |    |    | K  |    |
|....|....|****|****|~~~~|~~~~|~~~~|****|****|....|
---------------------------------------------------
|    |    |    | T  |    |    | H  | E  |    |    |
|~~~~|....|****|****|****|~~~~|****|****|****|....|
---------------------------------------------------
---------------------------------------------------
|    |    |@   | F  | T  |    |    | KP |    |    |
|~~~~|~~~~|....|....|....|~~~~|^^^^|^^^^|^^^^|^^^^|
---------------------------------------------------
|    |    |    |    | H  |    |    |    |    |    |
|~~~~|####|^^^^|^^^^|^^^^|^^^^|^^^^|^^^^|^^^^|^^^^|
---------------------------------------------------
|    |    | H  |    | E  |    | P  |    | K  |    |
|####|####|####|####|^^^^|^^^^|^^^^|^^^^|^^^^|~~~~|
---------------------------------------------------
| T  |    |    |    | P  | H  |    |    |    |    |
|....|####|####|####|****|****|^^^^|....|~~~~|~~~~|
---------------------------------------------------
| F  | P  |    |    |    |    | F  |    |    |    |
|....|^^^^|^^^^|^^^^|****|****|^^^^|....|~~~~|~~~~|
---------------------------------------------------
| H  |    | P  | T  | E  |    |    |    |    |    |
|....|****|****|****|****|****|####|####|####|~~~~|
---------------------------------------------------
|    |    | K  |    | P  | H  | K  | E  | F  |    |
|....|****|****|****|****|****|****|####|####|####|
---------------------------------------------------
| K  |    |    | F  | H  |    | H  | K  | T  |    |
|****|****|****|****|****|~~~~|****|****|~~~~|~~~~|
---------------------------------------------------
|    |    | E  | K  |    |    |    |    | F  |    |
|....|....|****|****|~~~~|~~~~|~~~~|****|****|....|
---------------------------------------------------
|    |    |    | K  | K  |    | K  | P  |    |    |
|~~~~|....|****|****|****|~~~~|****|****|****|....|
---------------------------------------------------
---------------------------------------------------
|    |    |@   | T  | K  |    |    | K  | H  | E  |
|~~~~|~~~~|....|....|....|~~~~|^^^^|^^^^|^^^^|^^^^|
---------------------------------------------------
| P  |    | H  |    |    | H  |    |    |    | E  |
|~~~~|####|^^^^|^^^^|^^^^|^^^^|^^^^|^^^^|^^^^|^^^^|
---------------------------------------------------
|    | K  | T  | F  |    | P  |    | F  |    | K  |
|####|####|####|####|^^^^|^^^^|^^^^|^^^^|^^^^|~~~~|
---------------------------------------------------
|    |    |    |    |    |    |    | P  |    |    |
|....|####|####|####|****|****|^^^^|....|~~~~|~~~~|
---------------------------------------------------
|    |    |    |    |    |    | F  |    | H  | K  |
|....|^^^^|^^^^|^^^^|****|****|^^^^|....|~~~~|~~~~|
---------------------------------------------------
|    |    |    |    |    |    |    |    | H  | P  |
|....|****|****|****|****|****|####|####|####|~~~~|
---------------------------------------------------
| K  |    |    |    |    |    | EF |    |    | F  |
|....|****|****|****|****|****|****|####|####|####|
---------------------------------------------------
| K  |    | T  |    | K  | TP |    |    | F  | H  |
|****|****|****|****|****|~~~~|****|****|~~~~|~~~~|
---------------------------------------------------
|    | K  |    |    | K  |    |    |    |    | H  |
|....|....|****|****|~~~~|~~~~|~~~~|****|****|....|
---------------------------------------------------
|    |    |    |    |    |    |    | E  | PP |    |
|~~~~|....|****|****|****|~~~~|****|****|****|....|
---------------------------------------------------
---------------------------------------------------
|    |    |@   | F  | T  |    |    | KP |    |    |
|~~~~|~~~~|....|....|....|~~~~|^^^^|^^^^|^^^^|^^^^|
---------------------------------------------------
|    |    |    |    | H  |    |    |    |    |    |
|~~~~|####|^^^^|^^^^|^^^^|^^^^|^^^^|^^^^|^^^^|^^^^|
---------------------------------------------------
|    |    | H  |    | E  |    | P  |    | K  |    |
|####|####|####|####|^^^^|^^^^|^^^^|^^^^|^^^^|~~~~|
---------------------------------------------------
| T  |    |    |    | P  | H  |    |    |    |    |
|....|####|####|####|****|****|^^^^|....|~~~~|~~~~|
---------------------------------------------------
| F  | P  |    |    |    |    | F  |    |    |    |
|....|^^^^|^^^^|^^^^|****|****|^^^^|....|~~~~|~~~~|
---------------------------------------------------
| H  |    | P  | T  | E  |    |    |    |    |    |
|....|****|****|****|****|****|####|####|####|~~~~|
---------------------------------------------------
|    |    | K  |    | P  | H  | K  | E  | F  |    |
|....|****|****|****|****|****|****|####|####|####|
---------------------------------------------------
| K  |    |    | F  | H  |    | H  | K  | T  |    |
|****|****|****|****|****|~~~~|****|****|~~~~|~~~~|
---------------------------------------------------
|    |    | E  | K  |    |    |    |    | F  |    |
|....|....|****|****|~~~~|~~~~|~~~~|****|****|....|
---------------------------------------------------
|    |    |    | K  | K  |    | K  | P  |    |    |
|~~~~|....|****|****|****|~~~~|****|****|****|....|
---------------------------------------------------
---------------------------------------------------
|    |    |@   |    |    | TE |    | KK |    | P  |
|~~~~|~~~~|....|....|....|~~~~|^^^^|^^^^|^^^^|^^^^|
---------------------------------------------------
| F  |    |    | TK |    | PP | EFK| F  |    |    |
|~~~~|####|^^^^|^^^^|^^^^|^^^^|^^^^|^^^^|^^^^|^^^^|
---------------------------------------------------
|    |    |    | F  |    |    | H  |    |    |    |
|####|####|####|####|^^^^|^^^^|^^^^|^^^^|^^^^|~~~~|
---------------------------------------------------
| E  | KF |    | H  | E  |    |    |    |    | P  |
|....|####|####|####|****|****|^^^^|....|~~~~|~~~~|
---------------------------------------------------
|    |    |    |    |    |    |    |    | K  | K  |
|....|^^^^|^^^^|^^^^|****|****|^^^^|....|~~~~|~~~~|
---------------------------------------------------
| T  |    |    | T  |    | K  |    |    |    |    |
|....|****|****|****|****|****|####|####|####|~~~~|
---------------------------------------------------
|    |    |    |    |    | H  | P  |    |    |    |
|....|****|****|****|****|****|****|####|####|####|
---------------------------------------------------
|    |    |    |    |    |    |    |    |    |    |
|****|****|****|****|****|~~~~|****|****|~~~~|~~~~|
---------------------------------------------------
|    |    |    |    | H  | P  |    | K  |    | H  |
|....|....|****|****|~~~~|~~~~|~~~~|****|****|....|
---------------------------------------------------
| H  | KP |    |    | H  | F  |    |    |    |    |
|~~~~|....|****|****|****|~~~~|****|****|****|....|
---------------------------------------------------
---------------------------------------------------
|    |    |@   | F  | T  |    |    | PK |    |    |
|~~~~|~~~~|....|....|....|~~~~|^^^^|^^^^|^^^^|^^^^|
---------------------------------------------------
|    |    |    |    | H  |    |    |    |    |    |
|~~~~|####|^^^^|^^^^|^^^^|^^^^|^^^^|^^^^|^^^^|^^^^|
---------------------------------------------------
|    |    | H  |    | E  |    | P  |    | K  |    |
|####|####|####|####|^^^^|^^^^|^^^^|^^^^|^^^^|~~~~|
---------------------------------------------------
| T  |    |    |    | P  | H  |    |    |    |    |
|....|####|####|####|****|****|^^^^|....|~~~~|~~~~|
---------------------------------------------------
| F  | P  |    |    |    |    | F  |    |    |    |
|....|^^^^|^^^^|^^^^|****|****|^^^^|....|~~~~|~~~~|
---------------------------------------------------
| H  |    | P  | T  | E  |    |    |    |    |    |
|....|****|****|****|****|****|####|####|####|~~~~|
---------------------------------------------------
|    |    | K  |    | P  | H  | K  | E  | F  |    |
|....|****|****|****|****|****|****|####|####|####|
---------------------------------------------------
| K  |    |    | F  | H  |    | H  | K  | T  |    |
|****|****|****|****|****|~~~~|****|****|~~~~|~~~~|
---------------------------------------------------
|    |    | E  | K  |    |    |    |    | F  |    |
|....|....|****|****|~~~~|~~~~|~~~~|****|****|....|
---------------------------------------------------
|    |    |    | K  | K  |    | K  | P  |    |    |
|~~~~|....|****|****|****|~~~~|****|****|****|....|
---------------------------------------------------
---------------------------------------------------
|    |    |@   |    |    |    |    | K  |    | P  |
|~~~~|~~~~|....|....|....|~~~~|^^^^|^^^^|^^^^|^^^^|
---------------------------------------------------
|    |    |    |    | F  |    |    |    |    |    |
|~~~~|####|^^^^|^^^^|^^^^|^^^^|^^^^|^^^^|^^^^|^^^^|
---------------------------------------------------
|    | KE |    |    |    | P  |    | E  | E  |    |
|####|####|####|####|^^^^|^^^^|^^^^|^^^^|^^^^|~~~~|
---------------------------------------------------
|    |    |    | H  | P  |    |    |    |    | FK |
|....|####|####|####|****|****|^^^^|....|~~~~|~~~~|
---------------------------------------------------
|    |    | H  |    | T  | P  | P  | F  | F  |    |
|....|^^^^|^^^^|^^^^|****|****|^^^^|....|~~~~|~~~~|
---------------------------------------------------
|    | H  | H  |    | H  |    |    |    |    | KF |
|....|****|****|****|****|****|####|####|####|~~~~|
---------------------------------------------------
|    |    |    |    |    |    |    |    |    | T  |
|....|****|****|****|****|****|****|####|####|####|
---------------------------------------------------
|    |    | P  |    | H  |    | KF |    |    |    |
|****|****|****|****|****|~~~~|****|****|~~~~|~~~~|
---------------------------------------------------
|    |    |    | T  | P  | K  |    | KK |    | T  |
|....|....|****|****|~~~~|~~~~|~~~~|****|****|....|
---------------------------------------------------
| EK |    | H  |    | K  |    |    |    |    |    |
|~~~~|....|****|****|****|~~~~|****|****|****|....|
---------------------------------------------------
---------------------------------------------------
|    |    |@   | F  | T  |    |    | KP |    |    |
|~~~~|~~~~|....|....|....|~~~~|^^^^|^^^^|^^^^|^^^^|
---------------------------------------------------
|    |    |    |    | H  |    |    |    |    |    |
|~~~~|####|^^^^|^^^^|^^^^|^^^^|^^^^|^^^^|^^^^|^^^^|
---------------------------------------------------
|    |    | H  |    | E  |    | P  |    | K  |    |
|####|####|####|####|^^^^|^^^^|^^^^|^^^^|^^^^|~~~~|
---------------------------------------------------
| T  |    |    |    | P  | H  |    |    |    |    |
|....|####|####|####|****|****|^^^^|....|~~~~|~~~~|
---------------------------------------------------
| F  | P  |    |    |    |    | F  |    |    |    |
|....|^^^^|^^^^|^^^^|****|****|^^^^|....|~~~~|~~~~|
---------------------------------------------------
| H  |    | P  | T  | E  |    |    |    |    |    |
|....|****|****|****|****|****|####|####|####|~~~~|
---------------------------------------------------
|    |    | K  |    | P  | H  | K  | E  | F  |    |
|....|****|****|****|****|****|****|####|####|####|
---------------------------------------------------
| K  |    |    | F  | H  |    | H  | K  | T  |    |
|****|****|****|****|****|~~~~|****|****|~~~~|~~~~|
---------------------------------------------------
|    |    | E  | K  |    |    |    |    | F  |    |
|....|....|****|****|~~~~|~~~~|~~~~|****|****|....|
---------------------------------------------------
|    |    |    | K  | K  |    | K  | P  |    |    |
|~~~~|....|****|****|****|~~~~|****|****|****|....|
---------------------------------------------------
---------------------------------------------------
| K  | F  |@E  |    |    |    | H  | K  |    |    |
|~~~~|~~~~|....|....|....|~~~~|^^^^|^^^^|^^^^|^^^^|
---------------------------------------------------
|    |    |    |    | K  | FT |    | K  |    |    |
|~~~~|####|^^^^|^^^^|^^^^|^^^^|^^^^|^^^^|^^^^|^^^^|
---------------------------------------------------
|    |    |    |    |    |    | P  |    | H  | H  |
|####|####|####|####|^^^^|^^^^|^^^^|^^^^|^^^^|~~~~|
---------------------------------------------------
|    | H  | T  |    | P  |    | E  |    |    |    |
|....|####|####|####|****|****|^^^^|....|~~~~|~~~~|
---------------------------------------------------
| K  | P  | F  |    |    |    |    | H  |    | K  |
|....|^^^^|^^^^|^^^^|****|****|^^^^|....|~~~~|~~~~|
---------------------------------------------------
|    |    |    |    |    |    |    | H  |    |    |
|....|****|****|****|****|****|####|####|####|~~~~|
---------------------------------------------------
|    | TP |    | K  |    | T  | E  | F  |    | P  |
|....|****|****|****|****|****|****|####|####|####|
---------------------------------------------------
|    |    |    | KP | F  | K  |    |    |    |    |
|****|****|****|****|****|~~~~|****|****|~~~~|~~~~|
---------------------------------------------------
|    | E  |    |    |    |    |    |    | H  | K  |
|....|....|****|****|~~~~|~~~~|~~~~|****|****|....|
---------------------------------------------------
|    |    |    | F  |    | P  |    |    |    |    |
|~~~~|....|****|****|****|~~~~|****|****|****|....|
---------------------------------------------------
---------------------------------------------------
|    |    |@   | F  | T  |    |    | PK |    |    |
|~~~~|~~~~|....|....|....|~~~~|^^^^|^^^^|^^^^|^^^^|
---------------------------------------------------
|    |    |    |    | H  |    |    |    |    |    |
|~~~~|####|^^^^|^^^^|^^^^|^^^^|^^^^|^^^^|^^^^|^^^^|
---------------------------------------------------
|    |    | H  |    | E  |    | P  |    | K  |    |
|####|####|####|####|^^^^|^^^^|^^^^|^^^^|^^^^|~~~~|
---------------------------------------------------
| T  |    |    |    | P  | H  |    |    |    |    |
|....|####|####|####|****|****|^^^^|....|~~~~|~~~~|
---------------------------------------------------
| F  | P  |    |    |    |    | F  |    |    |    |
|....|^^^^|^^^^|^^^^|****|****|^^^^|....|~~~~|~~~~|
---------------------------------------------------
| H  |    | P  | T  | E  |    |    |    |    |    |
|....|****|****|****|****|****|####|####|####|~~~~|
---------------------------------------------------
|    |    | K  |    | P  | H  | K  | E  | F  |    |
|....|****|****|****|****|****|****|####|####|####|
---------------------------------------------------
| K  |    |    | F  | H  |    | H  | K  | T  |    |
|****|****|****|****|****|~~~~|****|****|~~~~|~~~~|
---------------------------------------------------
|    |    | E  | K  |    |    |    |    | F  |    |
|....|....|****|****|~~~~|~~~~|~~~~|****|****|....|
---------------------------------------------------
|    |    |    | K  | K  |    | K  | P  |    |    |
|~~~~|....|****|****|****|~~~~|****|****|****|....|
---------------------------------------------------
---------------------------------------------------
|    |    |@   |    | H  | H  |    | K  |    |    |
|~~~~|~~~~|....|....|....|~~~~|^^^^|^^^^|^^^^|^^^^|
---------------------------------------------------
|    | KP |    | H  |    | F  |    | PF |    |    |
|~~~~|####|^^^^|^^^^|^^^^|^^^^|^^^^|^^^^|^^^^|^^^^|
---------------------------------------------------
| E  |    |    |    |    |    | ET |    |    |    |
|####|####|####|####|^^^^|^^^^|^^^^|^^^^|^^^^|~~~~|
---------------------------------------------------
| T  | K  | H  |    |    | T  |    |    |    |    |
|....|####|####|####|****|****|^^^^|....|~~~~|~~~~|
---------------------------------------------------
|    | H  |    |    | P  | P  |    |    | F  |    |
|....|^^^^|^^^^|^^^^|****|****|^^^^|....|~~~~|~~~~|
---------------------------------------------------
|    |    |    |    |    |    |    | H  | P  |    |
|....|****|****|****|****|****|####|####|####|~~~~|
---------------------------------------------------
| K  |    |    |    |    | K  |    |    |    |    |
|....|****|****|****|****|****|****|####|####|####|
---------------------------------------------------
|    | E  | K  | KK |    |    | P  |    | K  |    |
|****|****|****|****|****|~~~~|****|****|~~~~|~~~~|
---------------------------------------------------
|    | K  |    | F  |    |    |    |    | TF |    |
|....|....|****|****|~~~~|~~~~|~~~~|****|****|....|
---------------------------------------------------
|    | H  |    | P  |    |    |    | F  | E  |    |
|~~~~|....|****|****|****|~~~~|****|****|****|....|
---------------------------------------------------
---------------------------------------------------
|    |    |@   | F  | T  |    |    | PK |    |    |
|~~~~|~~~~|....|....|....|~~~~|^^^^|^^^^|^^^^|^^^^|
---------------------------------------------------
|    |    |    |    | H  |    |    |    |    |    |
|~~~~|####|^^^^|^^^^|^^^^|^^^^|^^^^|^^^^|^^^^|^^^^|
---------------------------------------------------
|    |    | H  |    | E  |    | P  |    | K  |    |
|####|####|####|####|^^^^|^^^^|^^^^|^^^^|^^^^|~~~~|
---------------------------------------------------
| T  |    |    |    | P  | H  |    |    |    |    |
|....|####|####|####|****|****|^^^^|....|~~~~|~~~~|
---------------------------------------------------
| F  | P  |    |    |    |    | F  |    |    |    |
|....|^^^^|^^^^|^^^^|****|****|^^^^|....|~~~~|~~~~|
---------------------------------------------------
| H  |    | P  | T  | E  |    |    |    |    |    |
|....|****|****|****|****|****|####|####|####|~~~~|
---------------------------------------------------
|    |    | K  |    | P  | H  | K  | E  | F  |    |
|....|****|****|****|****|****|****|####|####|####|
---------------------------------------------------
| K  |    |    | F  | H  |    | H  | K  | T  |    |
|****|****|****|****|****|~~~~|****|****|~~~~|~~~~|
---------------------------------------------------
|    |    | E  | K  |    |    |    |    | F  |    |
|....|....|****|****|~~~~|~~~~|~~~~|****|****|....|
---------------------------------------------------
|    |    |    | K  | K  |    | K  | P  |    |    |
|~~~~|....|****|****|****|~~~~|****|****|****|....|
---------------------------------------------------
---------------------------------------------------
|    | K  |@   |    |    |    |    | KK | E  |    |
|~~~~|~~~~|....|....|....|~~~~|^^^^|^^^^|^^^^|^^^^|
---------------------------------------------------
|    |    | P  |    |    | H  |    |    |    |    |
|~~~~|####|^^^^|^^^^|^^^^|^^^^|^^^^|^^^^|^^^^|^^^^|
---------------------------------------------------
| P  | F  |    |    |    |    |    |    | K  |    |
|####|####|####|####|^^^^|^^^^|^^^^|^^^^|^^^^|~~~~|
---------------------------------------------------
|    | F  |    |    | H  |    |    | H  | K  |    |
|....|####|####|####|****|****|^^^^|....|~~~~|~~~~|
---------------------------------------------------
|    |    |    | F  | P  | T  | F  |    |    |    |
|....|^^^^|^^^^|^^^^|****|****|^^^^|....|~~~~|~~~~|
---------------------------------------------------
| H  | E  |    | K  | H  | E  |    |    |    | K  |
|....|****|****|****|****|****|####|####|####|~~~~|
---------------------------------------------------
|    |    |    |    |    | F  |    |    | T  |    |
|....|****|****|****|****|****|****|####|####|####|
---------------------------------------------------
|    | T  |    |    |    | K  | H  |    |    | P  |
|****|****|****|****|****|~~~~|****|****|~~~~|~~~~|
---------------------------------------------------
|    |    | E  |    | KF | P  |    | P  |    |    |
|....|....|****|****|~~~~|~~~~|~~~~|****|****|....|
---------------------------------------------------
|    |    | KT |    |    |    |    | H  |    | P  |
|~~~~|....|****|****|****|~~~~|****|****|****|....|
---------------------------------------------------
---------------------------------------------------
|    |    |@   | F  | T  |    |    | PK |    |    |
|~~~~|~~~~|....|....|....|~~~~|^^^^|^^^^|^^^^|^^^^|
---------------------------------------------------
|    |    |    |    | H  |    |    |    |    |    |
|~~~~|####|^^^^|^^^^|^^^^|^^^^|^^^^|^^^^|^^^^|^^^^|
---------------------------------------------------
|    |    | H  |    | E  |    | P  |    | K  |    |
|####|####|####|####|^^^^|^^^^|^^^^|^^^^|^^^^|~~~~|
---------------------------------------------------
| T  |    |    |    | P  | H  |    |    |    |    |
|....|####|####|####|****|****|^^^^|....|~~~~|~~~~|
---------------------------------------------------
| F  | P  |    |    |    |    | F  |    |    |    |
|....|^^^^|^^^^|^^^^|****|****|^^^^|....|~~~~|~~~~|
---------------------------------------------------
| H  |    | P  | T  | E  |    |    |    |    |    |
|....|****|****|****|****|****|####|####|####|~~~~|
---------------------------------------------------
|    |    | K  |    | P  | H  | K  | E  | F  |    |
|....|****|****|****|****|****|****|####|####|####|
---------------------------------------------------
| K  |    |    | F  | H  |    | H  | K  | T  |    |
|****|****|****|****|****|~~~~|****|****|~~~~|~~~~|
---------------------------------------------------
|    |    | E  | K  |    |    |    |    | F  |    |
|....|....|****|****|~~~~|~~~~|~~~~|****|****|....|
---------------------------------------------------
|    |    |    | K  | K  |    | K  | P  |    |    |
|~~~~|....|****|****|****|~~~~|****|****|****|....|
---------------------------------------------------
---------------------------------------------------
| E  | H  |@T  | F  |    |    |    | K  | T  | K  |
|~~~~|~~~~|....|....|....|~~~~|^^^^|^^^^|^^^^|^^^^|
---------------------------------------------------
|    |    |    |    |    |    |    |    |    | K  |
|~~~~|####|^^^^|^^^^|^^^^|^^^^|^^^^|^^^^|^^^^|^^^^|
---------------------------------------------------
|    | K  |    |    |    |    | E  |    |    |    |
|####|####|####|####|^^^^|^^^^|^^^^|^^^^|^^^^|~~~~|
---------------------------------------------------
|    |    |    | K  |    | P  | T  | H  |    | K  |
|....|####|####|####|****|****|^^^^|....|~~~~|~~~~|
---------------------------------------------------
| K  |    |    | K  |    | KP |    | H  |    |    |
|....|^^^^|^^^^|^^^^|****|****|^^^^|....|~~~~|~~~~|
---------------------------------------------------
|    |    | H  |    |    | H  |    | K  |    |    |
|....|****|****|****|****|****|####|####|####|~~~~|
---------------------------------------------------
| H  |    |    |    |    |    |    |    |    |    |
|....|****|****|****|****|****|****|####|####|####|
---------------------------------------------------
|    | P  |    |    |    | F  |    | F  | F  |    |
|****|****|****|****|****|~~~~|****|****|~~~~|~~~~|
---------------------------------------------------
|    | EPF|    |    | P  |    | F  |    | T  |    |
|....|....|****|****|~~~~|~~~~|~~~~|****|****|....|
---------------------------------------------------
| PP | E  |    | H  |    |    |    |    |    |    |
|~~~~|....|****|****|****|~~~~|****|****|****|....|
---------------------------------------------------
---------------------------------------------------
|    |    |@   | F  | T  |    |    | PK |    |    |
|~~~~|~~~~|....|....|....|~~~~|^^^^|^^^^|^^^^|^^^^|
---------------------------------------------------
|    |    |    |    | H  |    |    |    |    |    |
|~~~~|####|^^^^|^^^^|^^^^|^^^^|^^^^|^^^^|^^^^|^^^^|
---------------------------------------------------
|    |    | H  |    | E  |    | P  |    | K  |    |
|####|####|####|####|^^^^|^^^^|^^^^|^^^^|^^^^|~~~~|
---------------------------------------------------
| T  |    |    |    | P  | H  |    |    |    |    |
|....|####|####|####|****|****|^^^^|....|~~~~|~~~~|
---------------------------------------------------
| F  | P  |    |    |    |    | F  |    |    |    |
|....|^^^^|^^^^|^^^^|****|****|^^^^|....|~~~~|~~~~|
---------------------------------------------------
| H  |    | P  | T  | E  |    |    |    |    |    |
|....|****|****|****|****|****|####|####|####|~~~~|
---------------------------------------------------
|    |    | K  |    | P  | H  | K  | E  | F  |    |
|....|****|****|****|****|****|****|####|####|####|
---------------------------------------------------
| K  |    |    | F  | H  |    | H  | K  | T  |    |
|****|****|****|****|****|~~~~|****|****|~~~~|~~~~|
---------------------------------------------------
|    |    | E  | K  |    |    |    |    | F  |    |
|....|....|****|****|~~~~|~~~~|~~~~|****|****|....|
---------------------------------------------------
|    |    |    | K  | K  |    | K  | P  |    |    |
|~~~~|....|****|****|****|~~~~|****|****|****|....|
---------------------------------------------------
---------------------------------------------------
|    |    |@   | P  |    |    | K  | K  | H  |    |
|~~~~|~~~~|....|....|....|~~~~|^^^^|^^^^|^^^^|^^^^|
---------------------------------------------------
| H  |    |    | K  |    |    |    | K  |    |    |
|~~~~|####|^^^^|^^^^|^^^^|^^^^|^^^^|^^^^|^^^^|^^^^|
---------------------------------------------------
| K  |    |    |    | P  | H  |    |    | F  |    |
|####|####|####|####|^^^^|^^^^|^^^^|^^^^|^^^^|~~~~|
---------------------------------------------------
|    | P  | P  |    |    |    |    | FP |    |    |
|....|####|####|####|****|****|^^^^|....|~~~~|~~~~|
---------------------------------------------------
| E  | TF | P  |    | E  |    |    |    |    |    |
|....|^^^^|^^^^|^^^^|****|****|^^^^|....|~~~~|~~~~|
---------------------------------------------------
| F  |    |    | E  |    |    | T  | K  | P  |    |
|....|****|****|****|****|****|####|####|####|~~~~|
---------------------------------------------------
| H  | F  |    |    |    |    |    |    |    |    |
|....|****|****|****|****|****|****|####|####|####|
---------------------------------------------------
|    |    |    |    |    |    | H  | K  |    | K  |
|****|****|****|****|****|~~~~|****|****|~~~~|~~~~|
---------------------------------------------------
|    | T  |    |    |    | KT | K  |    | E  | H  |
|....|....|****|****|~~~~|~~~~|~~~~|****|****|....|
---------------------------------------------------
|    |    |    | H  |    | F  |    |    |    |    |
|~~~~|....|****|****|****|~~~~|****|****|****|....|
---------------------------------------------------
---------------------------------------------------
|    |    |@   | F  | T  |    |    | KP |    |    |
|~~~~|~~~~|....|....|....|~~~~|^^^^|^^^^|^^^^|^^^^|
---------------------------------------------------
|    |    |    |    | H  |    |    |    |    |    |
|~~~~|####|^^^^|^^^^|^^^^|^^^^|^^^^|^^^^|^^^^|^^^^|
---------------------------------------------------
|    |    | H  |    | E  |    | P  |    | K  |    |
|####|####|####|####|^^^^|^^^^|^^^^|^^^^|^^^^|~~~~|
---------------------------------------------------
| T  |    |    |    | P  | H  |    |    |    |    |
|....|####|####|####|****|****|^^^^|....|~~~~|~~~~|
---------------------------------------------------
| F  | P  |    |    |    |    | F  |    |    |    |
|....|^^^^|^^^^|^^^^|****|****|^^^^|....|~~~~|~~~~|
---------------------------------------------------
| H  |    | P  | T  | E  |    |    |    |    |    |
|....|****|****|****|****|****|####|####|####|~~~~|
---------------------------------------------------
|    |    | K  |    | P  | H  | K  | E  | F  |    |
|....|****|****|****|****|****|****|####|####|####|
---------------------------------------------------
| K  |    |    | F  | H  |    | H  | K  | T  |    |
|****|****|****|****|****|~~~~|****|****|~~~~|~~~~|
---------------------------------------------------
|    |    | E  | K  |    |    |    |    | F  |    |
|....|....|****|****|~~~~|~~~~|~~~~|****|****|....|
---------------------------------------------------
|    |    |    | K  | K  |    | K  | P  |    |    |
|~~~~|....|****|****|****|~~~~|****|****|****|....|
---------------------------------------------------
---------------------------------------------------
|    |    |@   | E  | ET | H  |    | K  |    | K  |
|~~~~|~~~~|....|....|....|~~~~|^^^^|^^^^|^^^^|^^^^|
---------------------------------------------------
| K  |    |    |    |    |    | H  |    |    |    |
[...]
|....|****|****|****|****|****|****|####|####|####|
---------------------------------------------------
| K  |    |    | F  | H  |    | H  | K  | T  |    |
|****|****|****|****|****|~~~~|****|****|~~~~|~~~~|
---------------------------------------------------
|    |    | E  | K  |    |    |    |    | F  |    |
|....|....|****|****|~~~~|~~~~|~~~~|****|****|....|
---------------------------------------------------
|    |    |    | K  | K  |    | K  | P  |    |    |
|~~~~|....|****|****|****|~~~~|****|****|****|....|
---------------------------------------------------
---------------------------------------------------
|    |    |@P  |    | EK |    |    | K  | F  |    |
|~~~~|~~~~|....|....|....|~~~~|^^^^|^^^^|^^^^|^^^^|
---------------------------------------------------
|    | F  |    | KF |    |    |    | E  |    |    |
|~~~~|####|^^^^|^^^^|^^^^|^^^^|^^^^|^^^^|^^^^|^^^^|
---------------------------------------------------
| H  |    | F  | K  | H  | K  | P  |    |    |    |
|####|####|####|####|^^^^|^^^^|^^^^|^^^^|^^^^|~~~~|
---------------------------------------------------
| F  |    | K  |    | E  | H  |    | P  | F  |    |
|....|####|####|####|****|****|^^^^|....|~~~~|~~~~|
---------------------------------------------------
|    |    |    |    | T  |    |    |    | P  |    |
|....|^^^^|^^^^|^^^^|****|****|^^^^|....|~~~~|~~~~|
---------------------------------------------------
|    |    |    |    |    | T  | P  |    | T  |    |
|....|****|****|****|****|****|####|####|####|~~~~|
---------------------------------------------------
|    |    | H  |    |    |    |    |    | H  |    |
|....|****|****|****|****|****|****|####|####|####|
---------------------------------------------------
| K  |    |    |    | PT |    |    |    | H  |    |
|****|****|****|****|****|~~~~|****|****|~~~~|~~~~|
---------------------------------------------------
|    |    | K  |    |    |    | P  |    |    |    |
|....|....|****|****|~~~~|~~~~|~~~~|****|****|....|
---------------------------------------------------
| E  |    |    |    |    | K  | H  | K  |    |    |
|~~~~|....|****|****|****|~~~~|****|****|****|....|
---------------------------------------------------
---------------------------------------------------
|    |    |@   | F  | T  |    |    | KP |    |    |
|~~~~|~~~~|....|....|....|~~~~|^^^^|^^^^|^^^^|^^^^|
---------------------------------------------------
|    |    |    |    | H  |    |    |    |    |    |
|~~~~|####|^^^^|^^^^|^^^^|^^^^|^^^^|^^^^|^^^^|^^^^|
---------------------------------------------------
|    |    | H  |    | E  |    | P  |    | K  |    |
|####|####|####|####|^^^^|^^^^|^^^^|^^^^|^^^^|~~~~|
---------------------------------------------------
| T  |    |    |    | P  | H  |    |    |    |    |
|....|####|####|####|****|****|^^^^|....|~~~~|~~~~|
---------------------------------------------------
| F  | P  |    |    |    |    | F  |    |    |    |
|....|^^^^|^^^^|^^^^|****|****|^^^^|....|~~~~|~~~~|
---------------------------------------------------
| H  |    | P  | T  | E  |    |    |    |    |    |
|....|****|****|****|****|****|####|####|####|~~~~|
---------------------------------------------------
|    |    | K  |    | P  | H  | K  | E  | F  |    |
|....|****|****|****|****|****|****|####|####|####|
---------------------------------------------------
| K  |    |    | F  | H  |    | H  | K  | T  |    |
|****|****|****|****|****|~~~~|****|****|~~~~|~~~~|
---------------------------------------------------
|    |    | E  | K  |    |    |    |    | F  |    |
|....|....|****|****|~~~~|~~~~|~~~~|****|****|....|
---------------------------------------------------
|    |    |    | K  | K  |    | K  | P  |    |    |
|~~~~|....|****|****|****|~~~~|****|****|****|....|
---------------------------------------------------
---------------------------------------------------
|    |    |@   |    | T  | P  | TF | K  | K  |    |
|~~~~|~~~~|....|....|....|~~~~|^^^^|^^^^|^^^^|^^^^|
---------------------------------------------------
|    |    | E  |    | T  |    | H  | E  |    |    |
|~~~~|####|^^^^|^^^^|^^^^|^^^^|^^^^|^^^^|^^^^|^^^^|
---------------------------------------------------
| H  |    |    |    | P  |    | P  | H  |    |    |
|####|####|####|####|^^^^|^^^^|^^^^|^^^^|^^^^|~~~~|
---------------------------------------------------
|    |    | T  |    |    | K  |    |    | H  |    |
|....|####|####|####|****|****|^^^^|....|~~~~|~~~~|
---------------------------------------------------
|    |    |    | K  |    |    |    | H  |    |    |
|....|^^^^|^^^^|^^^^|****|****|^^^^|....|~~~~|~~~~|
---------------------------------------------------
| P  | F  | E  |    |    | F  |    |    |    | P  |
|....|****|****|****|****|****|####|####|####|~~~~|
---------------------------------------------------
|    |    |    |    |    | H  | F  |    | F  | P  |
|....|****|****|****|****|****|****|####|####|####|
---------------------------------------------------
|    |    |    |    |    | F  |    |    |    |    |
|****|****|****|****|****|~~~~|****|****|~~~~|~~~~|
---------------------------------------------------
| H  | K  |    |    |    | K  | K  | K  |    |    |
|....|....|****|****|~~~~|~~~~|~~~~|****|****|....|
---------------------------------------------------
| P  |    | E  |    |    |    |    |    | K  | K  |
|~~~~|....|****|****|****|~~~~|****|****|****|....|
---------------------------------------------------
---------------------------------------------------
|    |    |@   | F  | T  |    |    | PK |    |    |
|~~~~|~~~~|....|....|....|~~~~|^^^^|^^^^|^^^^|^^^^|
---------------------------------------------------
|    |    |    |    | H  |    |    |    |    |    |
|~~~~|####|^^^^|^^^^|^^^^|^^^^|^^^^|^^^^|^^^^|^^^^|
---------------------------------------------------
|    |    | H  |    | E  |    | P  |    | K  |    |
|####|####|####|####|^^^^|^^^^|^^^^|^^^^|^^^^|~~~~|
---------------------------------------------------
| T  |    |    |    | P  | H  |    |    |    |    |
|....|####|####|####|****|****|^^^^|....|~~~~|~~~~|
---------------------------------------------------
| F  | P  |    |    |    |    | F  |    |    |    |
|....|^^^^|^^^^|^^^^|****|****|^^^^|....|~~~~|~~~~|
---------------------------------------------------
| H  |    | P  | T  | E  |    |    |    |    |    |
|....|****|****|****|****|****|####|####|####|~~~~|
---------------------------------------------------
|    |    | K  |    | P  | H  | K  | E  | F  |    |
|....|****|****|****|****|****|****|####|####|####|
---------------------------------------------------
| K  |    |    | F  | H  |    | H  | K  | T  |    |
|****|****|****|****|****|~~~~|****|****|~~~~|~~~~|
---------------------------------------------------
|    |    | E  | K  |    |    |    |    | F  |    |
|....|....|****|****|~~~~|~~~~|~~~~|****|****|....|
---------------------------------------------------
|    |    |    | K  | K  |    | K  | P  |    |    |
|~~~~|....|****|****|****|~~~~|****|****|****|....|
---------------------------------------------------
---------------------------------------------------
| H  | K  |@E  |    |    |    | P  | FK |    | P  |
|~~~~|~~~~|....|....|....|~~~~|^^^^|^^^^|^^^^|^^^^|
---------------------------------------------------
| E  | K  | FK |    |    |    |    |    |    |    |
|~~~~|####|^^^^|^^^^|^^^^|^^^^|^^^^|^^^^|^^^^|^^^^|
---------------------------------------------------
|    |    |    | K  | K  |    | F  |    |    |    |
|####|####|####|####|^^^^|^^^^|^^^^|^^^^|^^^^|~~~~|
---------------------------------------------------
| H  |    | P  |    |    |    |    | F  | P  | ETF|
|....|####|####|####|****|****|^^^^|....|~~~~|~~~~|
---------------------------------------------------
|    |    |    |    |    | T  | H  |    | T  |    |
|....|^^^^|^^^^|^^^^|****|****|^^^^|....|~~~~|~~~~|
---------------------------------------------------
| H  |    |    | H  |    |    | T  |    |    | H  |
|....|****|****|****|****|****|####|####|####|~~~~|
---------------------------------------------------
|    |    |    | K  |    |    |    |    |    |    |
|....|****|****|****|****|****|****|####|####|####|
---------------------------------------------------
| E  |    |    |    |    | P  | K  |    |    |    |
|****|****|****|****|****|~~~~|****|****|~~~~|~~~~|
---------------------------------------------------
|    |    |    | P  |    |    |    |    |    | H  |
|....|....|****|****|~~~~|~~~~|~~~~|****|****|....|
---------------------------------------------------
|    | K  |    | PF |    |    |    |    |    | K  |
|~~~~|....|****|****|****|~~~~|****|****|****|....|
---------------------------------------------------
---------------------------------------------------
|    |    |@   | F  | T  |    |    | KP |    |    |
|~~~~|~~~~|....|....|....|~~~~|^^^^|^^^^|^^^^|^^^^|
---------------------------------------------------
|    |    |    |    | H  |    |    |    |    |    |
|~~~~|####|^^^^|^^^^|^^^^|^^^^|^^^^|^^^^|^^^^|^^^^|
---------------------------------------------------
|    |    | H  |    | E  |    | P  |    | K  |    |
|####|####|####|####|^^^^|^^^^|^^^^|^^^^|^^^^|~~~~|
---------------------------------------------------
| T  |    |    |    | P  | H  |    |    |    |    |
|....|####|####|####|****|****|^^^^|....|~~~~|~~~~|
---------------------------------------------------
| F  | P  |    |    |    |    | F  |    |    |    |
|....|^^^^|^^^^|^^^^|****|****|^^^^|....|~~~~|~~~~|
---------------------------------------------------
| H  |    | P  | T  | E  |    |    |    |    |    |
|....|****|****|****|****|****|####|####|####|~~~~|
---------------------------------------------------
|    |    | K  |    | P  | H  | K  | E  | F  |    |
|....|****|****|****|****|****|****|####|####|####|
---------------------------------------------------
| K  |    |    | F  | H  |    | H  | K  | T  |    |
|****|****|****|****|****|~~~~|****|****|~~~~|~~~~|
---------------------------------------------------
|    |    | E  | K  |    |    |    |    | F  |    |
|....|....|****|****|~~~~|~~~~|~~~~|****|****|....|
---------------------------------------------------
|    |    |    | K  | K  |    | K  | P  |    |    |
|~~~~|....|****|****|****|~~~~|****|****|****|....|
---------------------------------------------------
---------------------------------------------------
|    | H  |@   | P  |    |    | P  | K  |    | H  |
|~~~~|~~~~|....|....|....|~~~~|^^^^|^^^^|^^^^|^^^^|
---------------------------------------------------
|    |    | KP |    | F  | P  |    | E  |    |    |
|~~~~|####|^^^^|^^^^|^^^^|^^^^|^^^^|^^^^|^^^^|^^^^|
---------------------------------------------------
|    |    |    |    |    |    | E  |    |    | K  |
|####|####|####|####|^^^^|^^^^|^^^^|^^^^|^^^^|~~~~|
---------------------------------------------------
|    | K  | H  | E  |    |    | P  | P  |    |    |
|....|####|####|####|****|****|^^^^|....|~~~~|~~~~|
---------------------------------------------------
| T  |    | F  |    |    | K  |    |    | F  |    |
|....|^^^^|^^^^|^^^^|****|****|^^^^|....|~~~~|~~~~|
---------------------------------------------------
| EF | H  |    |    | T  | K  | H  |    |    |    |
|....|****|****|****|****|****|####|####|####|~~~~|
---------------------------------------------------
|    |    | H  | P  | T  |    |    |    |    |    |
|....|****|****|****|****|****|****|####|####|####|
---------------------------------------------------
| T  |    |    | F  |    | K  |    |    |    | H  |
|****|****|****|****|****|~~~~|****|****|~~~~|~~~~|
---------------------------------------------------
|    |    |    |    |    |    | K  |    | F  |    |
|....|....|****|****|~~~~|~~~~|~~~~|****|****|....|
---------------------------------------------------
| K  |    |    |    |    |    |    | K  |    |    |
|~~~~|....|****|****|****|~~~~|****|****|****|....|
---------------------------------------------------
---------------------------------------------------
|    |    |@   | F  | T  |    |    | KP |    |    |
|~~~~|~~~~|....|....|....|~~~~|^^^^|^^^^|^^^^|^^^^|
---------------------------------------------------
|    |    |    |    | H  |    |    |    |    |    |
|~~~~|####|^^^^|^^^^|^^^^|^^^^|^^^^|^^^^|^^^^|^^^^|
---------------------------------------------------
|    |    | H  |    | E  |    | P  |    | K  |    |
|####|####|####|####|^^^^|^^^^|^^^^|^^^^|^^^^|~~~~|
---------------------------------------------------
| T  |    |    |    | P  | H  |    |    |    |    |
|....|####|####|####|****|****|^^^^|....|~~~~|~~~~|
---------------------------------------------------
| F  | P  |    |    |    |    | F  |    |    |    |
|....|^^^^|^^^^|^^^^|****|****|^^^^|....|~~~~|~~~~|
---------------------------------------------------
| H  |    | P  | T  | E  |    |    |    |    |    |
|....|****|****|****|****|****|####|####|####|~~~~|
---------------------------------------------------
|    |    | K  |    | P  | H  | K  | E  | F  |    |
|....|****|****|****|****|****|****|####|####|####|
---------------------------------------------------
| K  |    |    | F  | H  |    | H  | K  | T  |    |
|****|****|****|****|****|~~~~|****|****|~~~~|~~~~|
---------------------------------------------------
|    |    | E  | K  |    |    |    |    | F  |    |
|....|....|****|****|~~~~|~~~~|~~~~|****|****|....|
---------------------------------------------------
|    |    |    | K  | K  |    | K  | P  |    |    |
|~~~~|....|****|****|****|~~~~|****|****|****|....|
---------------------------------------------------
---------------------------------------------------
| KF |    |@   |    |    |    |    | K  | K  | E  |
|~~~~|~~~~|....|....|....|~~~~|^^^^|^^^^|^^^^|^^^^|
---------------------------------------------------
|    |    |    | E  |    |    |    |    |    |    |
|~~~~|####|^^^^|^^^^|^^^^|^^^^|^^^^|^^^^|^^^^|^^^^|
---------------------------------------------------
| K  | K  |    |    |    |    |    | F  |    |    |
|####|####|####|####|^^^^|^^^^|^^^^|^^^^|^^^^|~~~~|
---------------------------------------------------
| EKT|    | E  |    | KK |    | H  | F  | PPF|    |
|....|####|####|####|****|****|^^^^|....|~~~~|~~~~|
---------------------------------------------------
| F  |    | H  |    | T  | H  |    |    | PT | F  |
|....|^^^^|^^^^|^^^^|****|****|^^^^|....|~~~~|~~~~|
---------------------------------------------------
| H  |    | P  |    |    |    |    |    |    |    |
|....|****|****|****|****|****|####|####|####|~~~~|
---------------------------------------------------
| H  |    |    |    |    |    |    |    |    |    |
|....|****|****|****|****|****|****|####|####|####|
---------------------------------------------------
|    |    |    |    |    | H  |    | P  | K  |    |
|****|****|****|****|****|~~~~|****|****|~~~~|~~~~|
---------------------------------------------------
|    |    |    | H  |    |    |    |    | K  |    |
|....|....|****|****|~~~~|~~~~|~~~~|****|****|....|
---------------------------------------------------
| T  |    |    |    | P  |    | P  |    |    |    |
|~~~~|....|****|****|****|~~~~|****|****|****|....|
---------------------------------------------------
---------------------------------------------------
|    |    |@   | F  | T  |    |    | KP |    |    |
|~~~~|~~~~|....|....|....|~~~~|^^^^|^^^^|^^^^|^^^^|
---------------------------------------------------
|    |    |    |    | H  |    |    |    |    |    |
|~~~~|####|^^^^|^^^^|^^^^|^^^^|^^^^|^^^^|^^^^|^^^^|
---------------------------------------------------
|    |    | H  |    | E  |    | P  |    | K  |    |
|####|####|####|####|^^^^|^^^^|^^^^|^^^^|^^^^|~~~~|
---------------------------------------------------
| T  |    |    |    | P  | H  |    |    |    |    |
|....|####|####|####|****|****|^^^^|....|~~~~|~~~~|
---------------------------------------------------
| F  | P  |    |    |    |    | F  |    |    |    |
|....|^^^^|^^^^|^^^^|****|****|^^^^|....|~~~~|~~~~|
---------------------------------------------------
| H  |    | P  | T  | E  |    |    |    |    |    |
|....|****|****|****|****|****|####|####|####|~~~~|
---------------------------------------------------
|    |    | K  |    | P  | H  | K  | E  | F  |    |
|....|****|****|****|****|****|****|####|####|####|
---------------------------------------------------
| K  |    |    | F  | H  |    | H  | K  | T  |    |
|****|****|****|****|****|~~~~|****|****|~~~~|~~~~|
---------------------------------------------------
|    |    | E  | K  |    |    |    |    | F  |    |
|....|....|****|****|~~~~|~~~~|~~~~|****|****|....|
---------------------------------------------------
|    |    |    | K  | K  |    | K  | P  |    |    |
|~~~~|....|****|****|****|~~~~|****|****|****|....|
---------------------------------------------------
---------------------------------------------------
|    | P  |@   |    | K  | T  | K  | K  |    |    |
|~~~~|~~~~|....|....|....|~~~~|^^^^|^^^^|^^^^|^^^^|
---------------------------------------------------
|    |    |    |    |    |    | E  |    |    |    |
|~~~~|####|^^^^|^^^^|^^^^|^^^^|^^^^|^^^^|^^^^|^^^^|
---------------------------------------------------
|    | P  |    |    |    |    |    | K  |    |    |
|####|####|####|####|^^^^|^^^^|^^^^|^^^^|^^^^|~~~~|
---------------------------------------------------
|    | E  |    |    |    |    |    | H  |    |    |
|....|####|####|####|****|****|^^^^|....|~~~~|~~~~|
---------------------------------------------------
|    | H  | H  |    |    |    |    |    |    |    |
|....|^^^^|^^^^|^^^^|****|****|^^^^|....|~~~~|~~~~|
---------------------------------------------------
|    |    | E  |    |    | H  | K  | K  | P  | FK |
|....|****|****|****|****|****|####|####|####|~~~~|
---------------------------------------------------
|    | F  |    | P  | K  |    |    |    |    | F  |
|....|****|****|****|****|****|****|####|####|####|
---------------------------------------------------
| H  | F  | P  | TK |    |    | F  |    |    | H  |
|****|****|****|****|****|~~~~|****|****|~~~~|~~~~|
---------------------------------------------------
|    |    |    |    |    | P  |    | FT |    |    |
|....|....|****|****|~~~~|~~~~|~~~~|****|****|....|
---------------------------------------------------
|    | P  | K  |    |    | H  |    | E  |    | T  |
|~~~~|....|****|****|****|~~~~|****|****|****|....|
---------------------------------------------------
---------------------------------------------------
|    |    |@   | F  | T  |    |    | PK |    |    |
|~~~~|~~~~|....|....|....|~~~~|^^^^|^^^^|^^^^|^^^^|
---------------------------------------------------
|    |    |    |    | H  |    |    |    |    |    |
|~~~~|####|^^^^|^^^^|^^^^|^^^^|^^^^|^^^^|^^^^|^^^^|
---------------------------------------------------
|    |    | H  |    | E  |    | P  |    | K  |    |
|####|####|####|####|^^^^|^^^^|^^^^|^^^^|^^^^|~~~~|
---------------------------------------------------
| T  |    |    |    | P  | H  |    |    |    |    |
|....|####|####|####|****|****|^^^^|....|~~~~|~~~~|
---------------------------------------------------
| F  | P  |    |    |    |    | F  |    |    |    |
|....|^^^^|^^^^|^^^^|****|****|^^^^|....|~~~~|~~~~|
---------------------------------------------------
| H  |    | P  | T  | E  |    |    |    |    |    |
|....|****|****|****|****|****|####|####|####|~~~~|
---------------------------------------------------
|    |    | K  |    | P  | H  | K  | E  | F  |    |
|....|****|****|****|****|****|****|####|####|####|
---------------------------------------------------
| K  |    |    | F  | H  |    | H  | K  | T  |    |
|****|****|****|****|****|~~~~|****|****|~~~~|~~~~|
---------------------------------------------------
|    |    | E  | K  |    |    |    |    | F  |    |
|....|....|****|****|~~~~|~~~~|~~~~|****|****|....|
---------------------------------------------------
|    |    |    | K  | K  |    | K  | P  |    |    |
|~~~~|....|****|****|****|~~~~|****|****|****|....|
---------------------------------------------------
]]></system-out>
  <system-err><![CDATA[]]></system-err>
</testsuite>
